
  ___  ____  ____  ____  ____ ®
 /__    /   ____/   /   ____/      StataNow 19.5
___/   /   /___/   /   /___/       MP—Parallel Edition

 Statistics and Data Science       Copyright 1985-2025 StataCorp LLC
                                   StataCorp
                                   4905 Lakeway Drive
                                   College Station, Texas 77845 USA
                                   800-782-8272        https://www.stata.com
                                   979-696-4600        service@stata.com

Stata license: 65-student 2-core lab, expiring 18 May 2026
Serial number: 501909312971
  Licensed to: Victor Ortega
               Columbia University

Notes:
      1. Stata is running in batch mode.
      2. Unicode is supported; see help unicode_advice.
      3. More than 2 billion observations are allowed; see help obs_advice.
      4. Maximum number of variables is set to 5,000 but can be increased;
          see help set_maxvar.

. do "did-income-zlfn.do" 

. *************************************************
. ***************** Clean Memory ******************
. *************************************************
. 
. clear

. cap clear

. cap log close

. set more off

. 
. *** REPLICATION FILE: did-income-zlfn
. *** STATA VERSION: StataNow 19.5
. *** AUTHORS: Matías Carrasco, Victor Ortega Le Hénanff
. *** DATE: 2026-03-03
. 
. *************************************************
. **************** Load + Globals *****************
. *************************************************
. 
. do read-enighyear.do

. *************************************************
. *************** Read ENIGH Year *****************
. *************************************************
. 
. *** REPLICATION FILE: read-enighyear
. *** STATA VERSION: StataNow 19.5
. *** AUTHORS: Matías Carrasco, Victor Ortega Le Hénanff
. *** DATE: 2026-03-03
. 
. *  Loads the yearly cross-section produced by
. *  data/clean/code/enigh-year.R, generates derived
. *  variables and sets the $controls global.
. 
. *  Called by every analysis do-file:
. *     do read-enighyear.do
. 
. *************************************************
. ****************** Load Data ********************
. *************************************************
. 
. use "../input/enigh-year.dta", clear

. 
. ssc install require, replace
checking require consistency and verifying not already installed...
all files already exist and are up to date.

. ssc install estout, replace
checking estout consistency and verifying not already installed...
all files already exist and are up to date.

. ssc install coefplot, replace
checking coefplot consistency and verifying not already installed...
all files already exist and are up to date.

. 
. * Install ftools (remove program if it existed previously)
. net install ftools, from("https://raw.githubusercontent.com/sergiocorreia/fto
> ols/master/src/")
checking ftools consistency and verifying not already installed...
all files already exist and are up to date.

. 
. * Install reghdfe 6.x
. net install reghdfe, from("https://raw.githubusercontent.com/sergiocorreia/re
> ghdfe/master/src/")
checking reghdfe consistency and verifying not already installed...
all files already exist and are up to date.

. 
. *************************************************
. *************** Decode Factors ******************
. *************************************************
. 
. * haven::write_dta stores R factors as labeled integers.
. * Decode year and ent to recover original numeric values.
. 
. foreach v in year ent {
  2.     capture decode `v', gen(_`v'_str)
  3.     if _rc == 0 {
  4.         destring _`v'_str, replace force
  5.         drop `v'
  6.         rename _`v'_str `v'
  7.     }
  8. }

. 
. *************************************************
. *********** Generate Log Incomes ****************
. *************************************************
. 
. gen lnw   = ln(ing_wages)            if ing_wages > 0
(206,957 missing values generated)

. gen lni   = ln(ing_lab)              if ing_lab > 0
(42,758 missing values generated)

. gen lnmon = ln(ing_mon)              if ing_mon > 0
(24,777 missing values generated)

. gen lnr   = ln(ing_rentas)          if ing_rentas > 0
(682,670 missing values generated)

. gen lnv   = ln(ing_ventas)          if ing_ventas > 0
(676,733 missing values generated)

. gen lno   = ln(ing_other)           if ing_other > 0
(565,544 missing values generated)

. gen lnn   = ln(ing_negocio)         if ing_negocio > 0
(546,587 missing values generated)

. gen lnnwi = ln(ing_non_wage_income) if ing_non_wage_income > 0
(523,909 missing values generated)

. gen lngt  = ln(ing_gov_transfers)   if ing_gov_transfers > 0
(583,326 missing values generated)

. gen lnfc  = ln(ing_fin_capital)     if ing_fin_capital > 0
(663,912 missing values generated)

. 
. *************************************************
. ************ Derived Variables ******************
. *************************************************
. 
. gen female = 1 - sexo

. gen edadsq = edad_pob * edad_pob

. 
. label variable lnw   "Log Wages"

. label variable lni   "Log Labor Income"

. label variable lnmon "Log Monetary Income"

. label variable lnr   "Log Rent Income"

. label variable lnv   "Log Sales Income"

. label variable lno   "Log Other Income"

. label variable lnn   "Log Business Income"

. label variable lnnwi "Log Non-Wage Income"

. label variable lngt  "Log Government Transfers"

. label variable lnfc  "Log Financial Capital Income"

. label variable post  "Post-Treatment (year > 2018)"

. label variable female "Female"

. label variable edadsq "Age Squared"

. 
. *************************************************
. ***************** Controls **********************
. *************************************************
. 
. global controls i.female edad_pob edadsq years_of_study hoursworked i.employe
> d

. 
end of do-file

. 
. *************************************************
. ***** DiD: Income by Indigenous Status **********
. *************************************************
. 
. * All units
. reghdfe lni i.zlfn##i.post $controls, absorb(ubica_geo year) vce(cluster ubic
> a_geo)
(MWFE estimator converged in 5 iterations)
note: 1bn.zlfn is probably collinear with the fixed effects (all partialled-out
>  values are close to zero; tol = 1.0e-09)
note: 1bn.post is probably collinear with the fixed effects (all partialled-out
>  values are close to zero; tol = 1.0e-09)

HDFE Linear regression                            Number of obs   =    539,057
Absorbing 2 HDFE groups                           F(   7,   2656) =    4190.71
Statistics robust to heteroskedasticity           Prob > F        =     0.0000
                                                  R-squared       =     0.4029
                                                  Adj R-squared   =     0.3999
                                                  Within R-sq.    =     0.2781
Number of clusters (ubica_geo) =      2,657       Root MSE        =     0.9270

                          (Std. err. adjusted for 2,657 clusters in ubica_geo)
------------------------------------------------------------------------------
             |               Robust
         lni | Coefficient  std. err.      t    P>|t|     [95% conf. interval]
-------------+----------------------------------------------------------------
      1.zlfn |          0  (omitted)
      1.post |          0  (omitted)
             |
   zlfn#post |
        1 1  |   .1209009   .0156707     7.72   0.000      .090173    .1516289
             |
    1.female |  -.4409957   .0066332   -66.48   0.000    -.4540025   -.4279889
    edad_pob |   .0719209    .000708   101.58   0.000     .0705326    .0733092
      edadsq |  -.0007904   8.03e-06   -98.46   0.000    -.0008061   -.0007746
years_of_s~y |   .0750302   .0007838    95.73   0.000     .0734933     .076567
 hoursworked |   .0172126   .0001973    87.23   0.000     .0168257    .0175995
  1.employed |   .2885823   .0230875    12.50   0.000     .2433109    .3338537
       _cons |   5.589659   .0277474   201.45   0.000     5.535251    5.644068
------------------------------------------------------------------------------

Absorbed degrees of freedom:
-----------------------------------------------------+
 Absorbed FE | Categories  - Redundant  = Num. Coefs |
-------------+---------------------------------------|
   ubica_geo |      2657        2657           0    *|
        year |         5           1           4     |
-----------------------------------------------------+
* = FE nested within cluster; treated as redundant for DoF computation

.      eststo t1m1

.      estadd local controls       "Y"

added macro:
           e(controls) : "Y"

.      estadd local hastimefe      "Y"

added macro:
          e(hastimefe) : "Y"

.      estadd local hasmunicfe     "Y"

added macro:
         e(hasmunicfe) : "Y"

. 
. * Non-indigenous speakers
. reghdfe lni i.zlfn##i.post $controls if indspeaker == 0, absorb(ubica_geo yea
> r) vce(cluster ubica_geo)
(dropped 31 singleton observations)
(MWFE estimator converged in 5 iterations)
note: 1bn.zlfn is probably collinear with the fixed effects (all partialled-out
>  values are close to zero; tol = 1.0e-09)
note: 1bn.post is probably collinear with the fixed effects (all partialled-out
>  values are close to zero; tol = 1.0e-09)

HDFE Linear regression                            Number of obs   =    496,341
Absorbing 2 HDFE groups                           F(   7,   2553) =    4100.39
Statistics robust to heteroskedasticity           Prob > F        =     0.0000
                                                  R-squared       =     0.3765
                                                  Adj R-squared   =     0.3733
                                                  Within R-sq.    =     0.2769
Number of clusters (ubica_geo) =      2,554       Root MSE        =     0.9064

                          (Std. err. adjusted for 2,554 clusters in ubica_geo)
------------------------------------------------------------------------------
             |               Robust
         lni | Coefficient  std. err.      t    P>|t|     [95% conf. interval]
-------------+----------------------------------------------------------------
      1.zlfn |          0  (omitted)
      1.post |          0  (omitted)
             |
   zlfn#post |
        1 1  |   .1290722   .0153415     8.41   0.000     .0989892    .1591553
             |
    1.female |  -.4283898   .0063385   -67.58   0.000     -.440819   -.4159605
    edad_pob |   .0727227   .0007301    99.61   0.000     .0712911    .0741543
      edadsq |   -.000794   8.29e-06   -95.73   0.000    -.0008102   -.0007777
years_of_s~y |   .0744478   .0007746    96.11   0.000     .0729289    .0759668
 hoursworked |   .0169616   .0001951    86.95   0.000     .0165791    .0173441
  1.employed |   .3059593   .0234927    13.02   0.000     .2598926     .352026
       _cons |    5.60206   .0288146   194.42   0.000     5.545558    5.658562
------------------------------------------------------------------------------

Absorbed degrees of freedom:
-----------------------------------------------------+
 Absorbed FE | Categories  - Redundant  = Num. Coefs |
-------------+---------------------------------------|
   ubica_geo |      2554        2554           0    *|
        year |         5           1           4     |
-----------------------------------------------------+
* = FE nested within cluster; treated as redundant for DoF computation

.      eststo t1m2

.      estadd local controls       "Y"

added macro:
           e(controls) : "Y"

.      estadd local hastimefe      "Y"

added macro:
          e(hastimefe) : "Y"

.      estadd local hasmunicfe     "Y"

added macro:
         e(hasmunicfe) : "Y"

. 
. * Non-indigenous (self-identified)
. reghdfe lni i.zlfn##i.post $controls if etnia == 0, absorb(ubica_geo year) vc
> e(cluster ubica_geo)
(dropped 69 singleton observations)
(MWFE estimator converged in 5 iterations)
note: 1bn.zlfn is probably collinear with the fixed effects (all partialled-out
>  values are close to zero; tol = 1.0e-09)
note: 1bn.post is probably collinear with the fixed effects (all partialled-out
>  values are close to zero; tol = 1.0e-09)

HDFE Linear regression                            Number of obs   =    373,557
Absorbing 2 HDFE groups                           F(   7,   2460) =    3879.50
Statistics robust to heteroskedasticity           Prob > F        =     0.0000
                                                  R-squared       =     0.3740
                                                  Adj R-squared   =     0.3698
                                                  Within R-sq.    =     0.2783
Number of clusters (ubica_geo) =      2,461       Root MSE        =     0.8843

                          (Std. err. adjusted for 2,461 clusters in ubica_geo)
------------------------------------------------------------------------------
             |               Robust
         lni | Coefficient  std. err.      t    P>|t|     [95% conf. interval]
-------------+----------------------------------------------------------------
      1.zlfn |          0  (omitted)
      1.post |          0  (omitted)
             |
   zlfn#post |
        1 1  |   .1352217   .0166346     8.13   0.000     .1026024    .1678409
             |
    1.female |  -.4093504   .0063528   -64.44   0.000    -.4218079   -.3968929
    edad_pob |   .0723533   .0007858    92.07   0.000     .0708123    .0738942
      edadsq |  -.0007872   8.96e-06   -87.86   0.000    -.0008048   -.0007696
years_of_s~y |   .0759575   .0008018    94.74   0.000     .0743852    .0775297
 hoursworked |   .0167154   .0001996    83.73   0.000     .0163239    .0171069
  1.employed |   .3160175   .0270176    11.70   0.000      .263038     .368997
       _cons |   5.634792   .0318924   176.68   0.000     5.572254    5.697331
------------------------------------------------------------------------------

Absorbed degrees of freedom:
-----------------------------------------------------+
 Absorbed FE | Categories  - Redundant  = Num. Coefs |
-------------+---------------------------------------|
   ubica_geo |      2461        2461           0    *|
        year |         5           1           4     |
-----------------------------------------------------+
* = FE nested within cluster; treated as redundant for DoF computation

.      eststo t1m3

.      estadd local controls       "Y"

added macro:
           e(controls) : "Y"

.      estadd local hastimefe      "Y"

added macro:
          e(hastimefe) : "Y"

.      estadd local hasmunicfe     "Y"

added macro:
         e(hasmunicfe) : "Y"

. 
. * Indigenous speakers
. reghdfe lni i.zlfn##i.post $controls if indspeaker == 1, absorb(ubica_geo yea
> r) vce(cluster ubica_geo)
(dropped 317 singleton observations)
(MWFE estimator converged in 5 iterations)
note: 1bn.zlfn is probably collinear with the fixed effects (all partialled-out
>  values are close to zero; tol = 1.0e-09)
note: 1bn.post is probably collinear with the fixed effects (all partialled-out
>  values are close to zero; tol = 1.0e-09)

HDFE Linear regression                            Number of obs   =     42,368
Absorbing 2 HDFE groups                           F(   7,   1230) =     741.98
Statistics robust to heteroskedasticity           Prob > F        =     0.0000
                                                  R-squared       =     0.4255
                                                  Adj R-squared   =     0.4082
                                                  Within R-sq.    =     0.2753
Number of clusters (ubica_geo) =      1,231       Root MSE        =     1.1200

                          (Std. err. adjusted for 1,231 clusters in ubica_geo)
------------------------------------------------------------------------------
             |               Robust
         lni | Coefficient  std. err.      t    P>|t|     [95% conf. interval]
-------------+----------------------------------------------------------------
      1.zlfn |          0  (omitted)
      1.post |          0  (omitted)
             |
   zlfn#post |
        1 1  |    .008322   .0669215     0.12   0.901    -.1229709    .1396149
             |
    1.female |  -.6116895    .021088   -29.01   0.000    -.6530619    -.570317
    edad_pob |   .0575062   .0020803    27.64   0.000     .0534249    .0615874
      edadsq |  -.0006978   .0000226   -30.92   0.000    -.0007421   -.0006535
years_of_s~y |   .0628022    .002388    26.30   0.000     .0581171    .0674873
 hoursworked |   .0188353   .0005132    36.70   0.000     .0178285    .0198421
  1.employed |   .0608772    .094618     0.64   0.520    -.1247533    .2465077
       _cons |   5.812359   .0997748    58.25   0.000     5.616611    6.008107
------------------------------------------------------------------------------

Absorbed degrees of freedom:
-----------------------------------------------------+
 Absorbed FE | Categories  - Redundant  = Num. Coefs |
-------------+---------------------------------------|
   ubica_geo |      1231        1231           0    *|
        year |         5           1           4     |
-----------------------------------------------------+
* = FE nested within cluster; treated as redundant for DoF computation

.      eststo t1m4

.      estadd local controls       "Y"

added macro:
           e(controls) : "Y"

.      estadd local hastimefe      "Y"

added macro:
          e(hastimefe) : "Y"

.      estadd local hasmunicfe     "Y"

added macro:
         e(hasmunicfe) : "Y"

. 
. * Indigenous (self-identified)
. reghdfe lni i.zlfn##i.post $controls if etnia == 1, absorb(ubica_geo year) vc
> e(cluster ubica_geo)
(dropped 48 singleton observations)
(MWFE estimator converged in 5 iterations)
note: 1bn.zlfn is probably collinear with the fixed effects (all partialled-out
>  values are close to zero; tol = 1.0e-09)
note: 1bn.post is probably collinear with the fixed effects (all partialled-out
>  values are close to zero; tol = 1.0e-09)

HDFE Linear regression                            Number of obs   =    165,383
Absorbing 2 HDFE groups                           F(   7,   2535) =    2015.41
Statistics robust to heteroskedasticity           Prob > F        =     0.0000
                                                  R-squared       =     0.4077
                                                  Adj R-squared   =     0.3984
                                                  Within R-sq.    =     0.2751
Number of clusters (ubica_geo) =      2,536       Root MSE        =     1.0111

                          (Std. err. adjusted for 2,536 clusters in ubica_geo)
------------------------------------------------------------------------------
             |               Robust
         lni | Coefficient  std. err.      t    P>|t|     [95% conf. interval]
-------------+----------------------------------------------------------------
      1.zlfn |          0  (omitted)
      1.post |          0  (omitted)
             |
   zlfn#post |
        1 1  |   .0978877   .0413242     2.37   0.018     .0168552    .1789203
             |
    1.female |  -.5140778   .0094613   -54.34   0.000    -.5326303   -.4955252
    edad_pob |   .0702494    .001218    57.68   0.000      .067861    .0726377
      edadsq |  -.0007922   .0000139   -57.09   0.000    -.0008195    -.000765
years_of_s~y |   .0688538   .0012658    54.40   0.000     .0663718    .0713359
 hoursworked |   .0179829   .0002899    62.02   0.000     .0174144    .0185515
  1.employed |   .2396724    .037726     6.35   0.000     .1656954    .3136494
       _cons |   5.542589   .0462922   119.73   0.000     5.451815    5.633364
------------------------------------------------------------------------------

Absorbed degrees of freedom:
-----------------------------------------------------+
 Absorbed FE | Categories  - Redundant  = Num. Coefs |
-------------+---------------------------------------|
   ubica_geo |      2536        2536           0    *|
        year |         5           1           4     |
-----------------------------------------------------+
* = FE nested within cluster; treated as redundant for DoF computation

.      eststo t1m5

.      estadd local controls       "Y"

added macro:
           e(controls) : "Y"

.      estadd local hastimefe      "Y"

added macro:
          e(hastimefe) : "Y"

.      estadd local hasmunicfe     "Y"

added macro:
         e(hasmunicfe) : "Y"

. 
. *************************************************
. *************** Export TeX Table ****************
. *************************************************
. 
. esttab t1m1 t1m2 t1m3 t1m4 t1m5 ///
>     using "../output/tables/did-income-zlfn.tex", replace label fragment ///
>     nolines posthead(\cmidrule{2-6}) prefoot(\midrule) ///
>     postfoot(\bottomrule \bottomrule) booktabs ///
>     nonumbers mtitle("(1)" "(2)" "(3)" "(4)" "(5)") collabels(none) ///
>     cells(b(star fmt(%9.3f)) se(par fmt(%9.3f))) ///
>     starlevels(* 0.10 ** 0.05 *** 0.01) ///
>     refcat(1.zlfn#1.post "ZLFN $\times$", nolabel) ///
>     keep(1.zlfn#1.post) ///
>     coeflabel(1.zlfn#1.post "{2016-2024}") ///
>     stats(N controls hastimefe hasmunicfe, ///
>         fmt(%11.0gc) label("Observations" "Controls" "Time FE" "Municipal FE"
> )) onecell
(output written to ../output/tables/did-income-zlfn.tex)

. 
end of do-file
