
  ___  ____  ____  ____  ____ ®
 /__    /   ____/   /   ____/      StataNow 19.5
___/   /   /___/   /   /___/       MP—Parallel Edition

 Statistics and Data Science       Copyright 1985-2025 StataCorp LLC
                                   StataCorp
                                   4905 Lakeway Drive
                                   College Station, Texas 77845 USA
                                   800-782-8272        https://www.stata.com
                                   979-696-4600        service@stata.com

Stata license: 65-student 2-core lab, expiring 18 May 2026
Serial number: 501909312971
  Licensed to: Victor Ortega
               Columbia University

Notes:
      1. Stata is running in batch mode.
      2. Unicode is supported; see help unicode_advice.
      3. More than 2 billion observations are allowed; see help obs_advice.
      4. Maximum number of variables is set to 5,000 but can be increased;
          see help set_maxvar.

. do "did-wage-indig.do" 

. *************************************************
. ***************** Clean Memory ******************
. *************************************************
. 
. clear

. cap clear

. cap log close

. set more off

. 
. *** REPLICATION FILE: did-wage-indig
. *** STATA VERSION: StataNow 19.5
. *** AUTHORS: Matías Carrasco, Victor Ortega Le Hénanff
. *** DATE: 2026-03-03
. 
. *************************************************
. **************** Load + Globals *****************
. *************************************************
. 
. do read-enighyear.do

. *************************************************
. *************** Read ENIGH Year *****************
. *************************************************
. 
. *** REPLICATION FILE: read-enighyear
. *** STATA VERSION: StataNow 19.5
. *** AUTHORS: Matías Carrasco, Victor Ortega Le Hénanff
. *** DATE: 2026-03-03
. 
. *  Loads the yearly cross-section produced by
. *  data/clean/code/enigh-year.R, generates derived
. *  variables and sets the $controls global.
. 
. *  Called by every analysis do-file:
. *     do read-enighyear.do
. 
. *************************************************
. ****************** Load Data ********************
. *************************************************
. 
. use "../input/enigh-year.dta", clear

. 
. ssc install require, replace
checking require consistency and verifying not already installed...
all files already exist and are up to date.

. ssc install estout, replace
checking estout consistency and verifying not already installed...
all files already exist and are up to date.

. ssc install coefplot, replace
checking coefplot consistency and verifying not already installed...
all files already exist and are up to date.

. 
. * Install ftools (remove program if it existed previously)
. net install ftools, from("https://raw.githubusercontent.com/sergiocorreia/fto
> ols/master/src/")
checking ftools consistency and verifying not already installed...
all files already exist and are up to date.

. 
. * Install reghdfe 6.x
. net install reghdfe, from("https://raw.githubusercontent.com/sergiocorreia/re
> ghdfe/master/src/")
checking reghdfe consistency and verifying not already installed...
all files already exist and are up to date.

. 
. *************************************************
. *************** Decode Factors ******************
. *************************************************
. 
. * haven::write_dta stores R factors as labeled integers.
. * Decode year and ent to recover original numeric values.
. 
. foreach v in year ent {
  2.     capture decode `v', gen(_`v'_str)
  3.     if _rc == 0 {
  4.         destring _`v'_str, replace force
  5.         drop `v'
  6.         rename _`v'_str `v'
  7.     }
  8. }

. 
. *************************************************
. *********** Generate Log Incomes ****************
. *************************************************
. 
. gen lnw   = ln(ing_wages)            if ing_wages > 0
(206,957 missing values generated)

. gen lni   = ln(ing_lab)              if ing_lab > 0
(42,758 missing values generated)

. gen lnmon = ln(ing_mon)              if ing_mon > 0
(24,777 missing values generated)

. gen lnr   = ln(ing_rentas)          if ing_rentas > 0
(682,670 missing values generated)

. gen lnv   = ln(ing_ventas)          if ing_ventas > 0
(676,733 missing values generated)

. gen lno   = ln(ing_other)           if ing_other > 0
(565,544 missing values generated)

. gen lnn   = ln(ing_negocio)         if ing_negocio > 0
(546,587 missing values generated)

. gen lnnwi = ln(ing_non_wage_income) if ing_non_wage_income > 0
(523,909 missing values generated)

. gen lngt  = ln(ing_gov_transfers)   if ing_gov_transfers > 0
(583,326 missing values generated)

. gen lnfc  = ln(ing_fin_capital)     if ing_fin_capital > 0
(663,912 missing values generated)

. 
. *************************************************
. ************ Derived Variables ******************
. *************************************************
. 
. gen female = 1 - sexo

. gen edadsq = edad_pob * edad_pob

. 
. label variable lnw   "Log Wages"

. label variable lni   "Log Labor Income"

. label variable lnmon "Log Monetary Income"

. label variable lnr   "Log Rent Income"

. label variable lnv   "Log Sales Income"

. label variable lno   "Log Other Income"

. label variable lnn   "Log Business Income"

. label variable lnnwi "Log Non-Wage Income"

. label variable lngt  "Log Government Transfers"

. label variable lnfc  "Log Financial Capital Income"

. label variable post  "Post-Treatment (year > 2018)"

. label variable female "Female"

. label variable edadsq "Age Squared"

. 
. *************************************************
. ***************** Controls **********************
. *************************************************
. 
. global controls i.female edad_pob edadsq years_of_study hoursworked i.employe
> d

. 
end of do-file

. 
. *************************************************
. ***** DiD: Wages by Indigenous Identity *********
. *************************************************
. 
. * All units — no controls
. reghdfe lnw i.zlfn##i.post, absorb(ubica_geo year) vce(cluster ubica_geo)
(dropped 4 singleton observations)
(MWFE estimator converged in 5 iterations)
note: 1bn.zlfn is probably collinear with the fixed effects (all partialled-out
>  values are close to zero; tol = 1.0e-09)
note: 1bn.post is probably collinear with the fixed effects (all partialled-out
>  values are close to zero; tol = 1.0e-09)

HDFE Linear regression                            Number of obs   =    485,471
Absorbing 2 HDFE groups                           F(   1,   2651) =      49.19
Statistics robust to heteroskedasticity           Prob > F        =     0.0000
                                                  R-squared       =     0.1229
                                                  Adj R-squared   =     0.1181
                                                  Within R-sq.    =     0.0002
Number of clusters (ubica_geo) =      2,652       Root MSE        =     0.9232

                          (Std. err. adjusted for 2,652 clusters in ubica_geo)
------------------------------------------------------------------------------
             |               Robust
         lnw | Coefficient  std. err.      t    P>|t|     [95% conf. interval]
-------------+----------------------------------------------------------------
      1.zlfn |          0  (omitted)
      1.post |          0  (omitted)
             |
   zlfn#post |
        1 1  |   .1292838   .0184342     7.01   0.000      .093137    .1654307
             |
       _cons |   8.709082   .0011335  7683.13   0.000     8.706859    8.711305
------------------------------------------------------------------------------

Absorbed degrees of freedom:
-----------------------------------------------------+
 Absorbed FE | Categories  - Redundant  = Num. Coefs |
-------------+---------------------------------------|
   ubica_geo |      2652        2652           0    *|
        year |         5           1           4     |
-----------------------------------------------------+
* = FE nested within cluster; treated as redundant for DoF computation

.      eststo t1m1

.      estadd local controls       "N"

added macro:
           e(controls) : "N"

.      estadd local hastimefe      "Y"

added macro:
          e(hastimefe) : "Y"

.      estadd local hasmunicfe     "Y"

added macro:
         e(hasmunicfe) : "Y"

. 
. * All units — with controls
. reghdfe lnw i.zlfn##i.post $controls, absorb(ubica_geo year) vce(cluster ubic
> a_geo)
(dropped 7 singleton observations)
(MWFE estimator converged in 5 iterations)
note: 1bn.zlfn is probably collinear with the fixed effects (all partialled-out
>  values are close to zero; tol = 1.0e-09)
note: 1bn.post is probably collinear with the fixed effects (all partialled-out
>  values are close to zero; tol = 1.0e-09)

HDFE Linear regression                            Number of obs   =    393,180
Absorbing 2 HDFE groups                           F(   7,   2646) =    3126.09
Statistics robust to heteroskedasticity           Prob > F        =     0.0000
                                                  R-squared       =     0.3647
                                                  Adj R-squared   =     0.3603
                                                  Within R-sq.    =     0.2688
Number of clusters (ubica_geo) =      2,647       Root MSE        =     0.7455

                          (Std. err. adjusted for 2,647 clusters in ubica_geo)
------------------------------------------------------------------------------
             |               Robust
         lnw | Coefficient  std. err.      t    P>|t|     [95% conf. interval]
-------------+----------------------------------------------------------------
      1.zlfn |          0  (omitted)
      1.post |          0  (omitted)
             |
   zlfn#post |
        1 1  |   .1394209   .0128416    10.86   0.000     .1142403    .1646014
             |
    1.female |  -.3177752   .0043455   -73.13   0.000    -.3262962   -.3092542
    edad_pob |   .0726745   .0007612    95.48   0.000     .0711819     .074167
      edadsq |  -.0007335   8.66e-06   -84.74   0.000    -.0007505   -.0007165
years_of_s~y |    .073705   .0007608    96.88   0.000     .0722131    .0751968
 hoursworked |   .0127923   .0002186    58.52   0.000     .0123636    .0132209
  1.employed |  -.1592885   .0203899    -7.81   0.000    -.1992702   -.1193067
       _cons |   6.118743   .0286304   213.71   0.000     6.062603    6.174883
------------------------------------------------------------------------------

Absorbed degrees of freedom:
-----------------------------------------------------+
 Absorbed FE | Categories  - Redundant  = Num. Coefs |
-------------+---------------------------------------|
   ubica_geo |      2647        2647           0    *|
        year |         5           1           4     |
-----------------------------------------------------+
* = FE nested within cluster; treated as redundant for DoF computation

.      eststo t1m2

.      estadd local controls       "Y"

added macro:
           e(controls) : "Y"

.      estadd local hastimefe      "Y"

added macro:
          e(hastimefe) : "Y"

.      estadd local hasmunicfe     "Y"

added macro:
         e(hasmunicfe) : "Y"

. 
. * Non-indigenous (self-identified) — no controls
. reghdfe lnw i.zlfn##i.post if etnia == 0, absorb(ubica_geo year) vce(cluster 
> ubica_geo)
(dropped 84 singleton observations)
(MWFE estimator converged in 5 iterations)
note: 1bn.zlfn is probably collinear with the fixed effects (all partialled-out
>  values are close to zero; tol = 1.0e-09)
note: 1bn.post is probably collinear with the fixed effects (all partialled-out
>  values are close to zero; tol = 1.0e-09)

HDFE Linear regression                            Number of obs   =    351,672
Absorbing 2 HDFE groups                           F(   1,   2397) =      38.36
Statistics robust to heteroskedasticity           Prob > F        =     0.0000
                                                  R-squared       =     0.1087
                                                  Adj R-squared   =     0.1026
                                                  Within R-sq.    =     0.0003
Number of clusters (ubica_geo) =      2,398       Root MSE        =     0.9019

                          (Std. err. adjusted for 2,398 clusters in ubica_geo)
------------------------------------------------------------------------------
             |               Robust
         lnw | Coefficient  std. err.      t    P>|t|     [95% conf. interval]
-------------+----------------------------------------------------------------
      1.zlfn |          0  (omitted)
      1.post |          0  (omitted)
             |
   zlfn#post |
        1 1  |   .1222108   .0197317     6.19   0.000     .0835178    .1609038
             |
       _cons |   8.793386   .0014463  6079.90   0.000      8.79055    8.796222
------------------------------------------------------------------------------

Absorbed degrees of freedom:
-----------------------------------------------------+
 Absorbed FE | Categories  - Redundant  = Num. Coefs |
-------------+---------------------------------------|
   ubica_geo |      2398        2398           0    *|
        year |         5           1           4     |
-----------------------------------------------------+
* = FE nested within cluster; treated as redundant for DoF computation

.      eststo t1m3

.      estadd local controls       "N"

added macro:
           e(controls) : "N"

.      estadd local hastimefe      "Y"

added macro:
          e(hastimefe) : "Y"

.      estadd local hasmunicfe     "Y"

added macro:
         e(hasmunicfe) : "Y"

. 
. * Non-indigenous (self-identified) — with controls
. reghdfe lnw i.zlfn##i.post $controls if etnia == 0, absorb(ubica_geo year) vc
> e(cluster ubica_geo)
(dropped 101 singleton observations)
(MWFE estimator converged in 5 iterations)
note: 1bn.zlfn is probably collinear with the fixed effects (all partialled-out
>  values are close to zero; tol = 1.0e-09)
note: 1bn.post is probably collinear with the fixed effects (all partialled-out
>  values are close to zero; tol = 1.0e-09)

HDFE Linear regression                            Number of obs   =    284,678
Absorbing 2 HDFE groups                           F(   7,   2358) =    2812.53
Statistics robust to heteroskedasticity           Prob > F        =     0.0000
                                                  R-squared       =     0.3608
                                                  Adj R-squared   =     0.3554
                                                  Within R-sq.    =     0.2769
Number of clusters (ubica_geo) =      2,359       Root MSE        =     0.7257

                          (Std. err. adjusted for 2,359 clusters in ubica_geo)
------------------------------------------------------------------------------
             |               Robust
         lnw | Coefficient  std. err.      t    P>|t|     [95% conf. interval]
-------------+----------------------------------------------------------------
      1.zlfn |          0  (omitted)
      1.post |          0  (omitted)
             |
   zlfn#post |
        1 1  |   .1450902   .0157698     9.20   0.000     .1141661    .1760143
             |
    1.female |  -.3076611   .0044304   -69.44   0.000    -.3163489   -.2989733
    edad_pob |   .0723209     .00084    86.10   0.000     .0706737    .0739681
      edadsq |   -.000729   9.42e-06   -77.43   0.000    -.0007475   -.0007106
years_of_s~y |   .0753791   .0007947    94.86   0.000     .0738208    .0769374
 hoursworked |   .0127198   .0002211    57.52   0.000     .0122862    .0131535
  1.employed |   -.157609   .0231167    -6.82   0.000    -.2029401   -.1122779
       _cons |   6.157778   .0329216   187.04   0.000      6.09322    6.222337
------------------------------------------------------------------------------

Absorbed degrees of freedom:
-----------------------------------------------------+
 Absorbed FE | Categories  - Redundant  = Num. Coefs |
-------------+---------------------------------------|
   ubica_geo |      2359        2359           0    *|
        year |         5           1           4     |
-----------------------------------------------------+
* = FE nested within cluster; treated as redundant for DoF computation

.      eststo t1m4

.      estadd local controls       "Y"

added macro:
           e(controls) : "Y"

.      estadd local hastimefe      "Y"

added macro:
          e(hastimefe) : "Y"

.      estadd local hasmunicfe     "Y"

added macro:
         e(hasmunicfe) : "Y"

. 
. * Indigenous (self-identified) — no controls
. reghdfe lnw i.zlfn##i.post if etnia == 1, absorb(ubica_geo year) vce(cluster 
> ubica_geo)
(dropped 67 singleton observations)
(MWFE estimator converged in 5 iterations)
note: 1bn.zlfn is probably collinear with the fixed effects (all partialled-out
>  values are close to zero; tol = 1.0e-09)
note: 1bn.post is probably collinear with the fixed effects (all partialled-out
>  values are close to zero; tol = 1.0e-09)

HDFE Linear regression                            Number of obs   =    133,652
Absorbing 2 HDFE groups                           F(   1,   2487) =      29.50
Statistics robust to heteroskedasticity           Prob > F        =     0.0000
                                                  R-squared       =     0.1281
                                                  Adj R-squared   =     0.1115
                                                  Within R-sq.    =     0.0002
Number of clusters (ubica_geo) =      2,488       Root MSE        =     0.9681

                          (Std. err. adjusted for 2,488 clusters in ubica_geo)
------------------------------------------------------------------------------
             |               Robust
         lnw | Coefficient  std. err.      t    P>|t|     [95% conf. interval]
-------------+----------------------------------------------------------------
      1.zlfn |          0  (omitted)
      1.post |          0  (omitted)
             |
   zlfn#post |
        1 1  |   .1822756   .0335622     5.43   0.000     .1164629    .2480882
             |
       _cons |     8.4875    .001023  8296.30   0.000     8.485494    8.489506
------------------------------------------------------------------------------

Absorbed degrees of freedom:
-----------------------------------------------------+
 Absorbed FE | Categories  - Redundant  = Num. Coefs |
-------------+---------------------------------------|
   ubica_geo |      2488        2488           0    *|
        year |         5           1           4     |
-----------------------------------------------------+
* = FE nested within cluster; treated as redundant for DoF computation

.      eststo t1m5

.      estadd local controls       "N"

added macro:
           e(controls) : "N"

.      estadd local hastimefe      "Y"

added macro:
          e(hastimefe) : "Y"

.      estadd local hasmunicfe     "Y"

added macro:
         e(hasmunicfe) : "Y"

. 
. * Indigenous (self-identified) — with controls
. reghdfe lnw i.zlfn##i.post $controls if etnia == 1, absorb(ubica_geo year) vc
> e(cluster ubica_geo)
(dropped 83 singleton observations)
(MWFE estimator converged in 5 iterations)
note: 1bn.zlfn is probably collinear with the fixed effects (all partialled-out
>  values are close to zero; tol = 1.0e-09)
note: 1bn.post is probably collinear with the fixed effects (all partialled-out
>  values are close to zero; tol = 1.0e-09)

HDFE Linear regression                            Number of obs   =    108,325
Absorbing 2 HDFE groups                           F(   7,   2445) =    1463.00
Statistics robust to heteroskedasticity           Prob > F        =     0.0000
                                                  R-squared       =     0.3487
                                                  Adj R-squared   =     0.3336
                                                  Within R-sq.    =     0.2440
Number of clusters (ubica_geo) =      2,446       Root MSE        =     0.7905

                          (Std. err. adjusted for 2,446 clusters in ubica_geo)
------------------------------------------------------------------------------
             |               Robust
         lnw | Coefficient  std. err.      t    P>|t|     [95% conf. interval]
-------------+----------------------------------------------------------------
      1.zlfn |          0  (omitted)
      1.post |          0  (omitted)
             |
   zlfn#post |
        1 1  |    .135801   .0387115     3.51   0.000     .0598902    .2117117
             |
    1.female |   -.345353   .0074778   -46.18   0.000    -.3600165   -.3306895
    edad_pob |   .0731496   .0013009    56.23   0.000     .0705986    .0757006
      edadsq |  -.0007428   .0000154   -48.32   0.000    -.0007729   -.0007126
years_of_s~y |   .0669936   .0011556    57.97   0.000     .0647276    .0692596
 hoursworked |   .0128956   .0003225    39.98   0.000     .0122631    .0135281
  1.employed |  -.1475593   .0402009    -3.67   0.000    -.2263907   -.0687279
       _cons |   6.032853   .0509888   118.32   0.000     5.932867    6.132838
------------------------------------------------------------------------------

Absorbed degrees of freedom:
-----------------------------------------------------+
 Absorbed FE | Categories  - Redundant  = Num. Coefs |
-------------+---------------------------------------|
   ubica_geo |      2446        2446           0    *|
        year |         5           1           4     |
-----------------------------------------------------+
* = FE nested within cluster; treated as redundant for DoF computation

.      eststo t1m6

.      estadd local controls       "Y"

added macro:
           e(controls) : "Y"

.      estadd local hastimefe      "Y"

added macro:
          e(hastimefe) : "Y"

.      estadd local hasmunicfe     "Y"

added macro:
         e(hasmunicfe) : "Y"

. 
. *************************************************
. *************** Export TeX Table ****************
. *************************************************
. 
. esttab t1m1 t1m2 t1m3 t1m4 t1m5 t1m6 ///
>     using "../output/tables/did-wage-indig.tex", replace label fragment ///
>     nolines posthead(\cmidrule{2-7}) prefoot(\midrule) ///
>     postfoot(\bottomrule \bottomrule) booktabs ///
>     nonumbers mtitle("(1)" "(2)" "(3)" "(4)" "(5)" "(6)") collabels(none) ///
>     cells(b(star fmt(%9.3f)) se(par fmt(%9.3f))) ///
>     starlevels(* 0.10 ** 0.05 *** 0.01) ///
>     refcat(1.zlfn#1.post "ZLFN $\times$", nolabel) ///
>     keep(1.zlfn#1.post) ///
>     coeflabel(1.zlfn#1.post "{2016-2024}") ///
>     stats(N controls hastimefe hasmunicfe, ///
>         fmt(%11.0gc) label("Observations" "Controls" "Time FE" "Municipal FE"
> )) onecell
(output written to ../output/tables/did-wage-indig.tex)

. 
end of do-file
