
  ___  ____  ____  ____  ____ ®
 /__    /   ____/   /   ____/      StataNow 19.5
___/   /   /___/   /   /___/       MP—Parallel Edition

 Statistics and Data Science       Copyright 1985-2025 StataCorp LLC
                                   StataCorp
                                   4905 Lakeway Drive
                                   College Station, Texas 77845 USA
                                   800-782-8272        https://www.stata.com
                                   979-696-4600        service@stata.com

Stata license: 65-student 2-core lab, expiring 18 May 2026
Serial number: 501909312971
  Licensed to: Victor Ortega
               Columbia University

Notes:
      1. Stata is running in batch mode.
      2. Unicode is supported; see help unicode_advice.
      3. More than 2 billion observations are allowed; see help obs_advice.
      4. Maximum number of variables is set to 5,000 but can be increased;
          see help set_maxvar.

. do "did-wage-hli.do" 

. *************************************************
. ***************** Clean Memory ******************
. *************************************************
. 
. clear

. cap clear

. cap log close

. set more off

. 
. *** REPLICATION FILE: did-wage-hli
. *** STATA VERSION: StataNow 19.5
. *** AUTHORS: Matías Carrasco, Victor Ortega Le Hénanff
. *** DATE: 2026-03-03
. 
. *************************************************
. **************** Load + Globals *****************
. *************************************************
. 
. do read-enighyear.do

. *************************************************
. *************** Read ENIGH Year *****************
. *************************************************
. 
. *** REPLICATION FILE: read-enighyear
. *** STATA VERSION: StataNow 19.5
. *** AUTHORS: Matías Carrasco, Victor Ortega Le Hénanff
. *** DATE: 2026-03-03
. 
. *  Loads the yearly cross-section produced by
. *  data/clean/code/enigh-year.R, generates derived
. *  variables and sets the $controls global.
. 
. *  Called by every analysis do-file:
. *     do read-enighyear.do
. 
. *************************************************
. ****************** Load Data ********************
. *************************************************
. 
. use "../input/enigh-year.dta", clear

. 
. ssc install require, replace
checking require consistency and verifying not already installed...
all files already exist and are up to date.

. ssc install estout, replace
checking estout consistency and verifying not already installed...
all files already exist and are up to date.

. ssc install coefplot, replace
checking coefplot consistency and verifying not already installed...
all files already exist and are up to date.

. 
. * Install ftools (remove program if it existed previously)
. net install ftools, from("https://raw.githubusercontent.com/sergiocorreia/fto
> ols/master/src/")
checking ftools consistency and verifying not already installed...
all files already exist and are up to date.

. 
. * Install reghdfe 6.x
. net install reghdfe, from("https://raw.githubusercontent.com/sergiocorreia/re
> ghdfe/master/src/")
checking reghdfe consistency and verifying not already installed...
all files already exist and are up to date.

. 
. *************************************************
. *************** Decode Factors ******************
. *************************************************
. 
. * haven::write_dta stores R factors as labeled integers.
. * Decode year and ent to recover original numeric values.
. 
. foreach v in year ent {
  2.     capture decode `v', gen(_`v'_str)
  3.     if _rc == 0 {
  4.         destring _`v'_str, replace force
  5.         drop `v'
  6.         rename _`v'_str `v'
  7.     }
  8. }

. 
. *************************************************
. *********** Generate Log Incomes ****************
. *************************************************
. 
. gen lnw   = ln(ing_wages)            if ing_wages > 0
(206,957 missing values generated)

. gen lni   = ln(ing_lab)              if ing_lab > 0
(42,758 missing values generated)

. gen lnmon = ln(ing_mon)              if ing_mon > 0
(24,777 missing values generated)

. gen lnr   = ln(ing_rentas)          if ing_rentas > 0
(682,670 missing values generated)

. gen lnv   = ln(ing_ventas)          if ing_ventas > 0
(676,733 missing values generated)

. gen lno   = ln(ing_other)           if ing_other > 0
(565,544 missing values generated)

. gen lnn   = ln(ing_negocio)         if ing_negocio > 0
(546,587 missing values generated)

. gen lnnwi = ln(ing_non_wage_income) if ing_non_wage_income > 0
(523,909 missing values generated)

. gen lngt  = ln(ing_gov_transfers)   if ing_gov_transfers > 0
(583,326 missing values generated)

. gen lnfc  = ln(ing_fin_capital)     if ing_fin_capital > 0
(663,912 missing values generated)

. 
. *************************************************
. ************ Derived Variables ******************
. *************************************************
. 
. gen female = 1 - sexo

. gen edadsq = edad_pob * edad_pob

. 
. label variable lnw   "Log Wages"

. label variable lni   "Log Labor Income"

. label variable lnmon "Log Monetary Income"

. label variable lnr   "Log Rent Income"

. label variable lnv   "Log Sales Income"

. label variable lno   "Log Other Income"

. label variable lnn   "Log Business Income"

. label variable lnnwi "Log Non-Wage Income"

. label variable lngt  "Log Government Transfers"

. label variable lnfc  "Log Financial Capital Income"

. label variable post  "Post-Treatment (year > 2018)"

. label variable female "Female"

. label variable edadsq "Age Squared"

. 
. *************************************************
. ***************** Controls **********************
. *************************************************
. 
. global controls i.female edad_pob edadsq years_of_study hoursworked i.employe
> d

. 
end of do-file

. 
. *************************************************
. ******* DiD: Wages by HLI (Speaker) Status ******
. *************************************************
. 
. * All units — no controls
. reghdfe lnw i.zlfn##i.post, absorb(ubica_geo year) vce(cluster ubica_geo)
(dropped 4 singleton observations)
(MWFE estimator converged in 5 iterations)
note: 1bn.zlfn is probably collinear with the fixed effects (all partialled-out
>  values are close to zero; tol = 1.0e-09)
note: 1bn.post is probably collinear with the fixed effects (all partialled-out
>  values are close to zero; tol = 1.0e-09)

HDFE Linear regression                            Number of obs   =    485,471
Absorbing 2 HDFE groups                           F(   1,   2651) =      49.19
Statistics robust to heteroskedasticity           Prob > F        =     0.0000
                                                  R-squared       =     0.1229
                                                  Adj R-squared   =     0.1181
                                                  Within R-sq.    =     0.0002
Number of clusters (ubica_geo) =      2,652       Root MSE        =     0.9232

                          (Std. err. adjusted for 2,652 clusters in ubica_geo)
------------------------------------------------------------------------------
             |               Robust
         lnw | Coefficient  std. err.      t    P>|t|     [95% conf. interval]
-------------+----------------------------------------------------------------
      1.zlfn |          0  (omitted)
      1.post |          0  (omitted)
             |
   zlfn#post |
        1 1  |   .1292838   .0184342     7.01   0.000      .093137    .1654307
             |
       _cons |   8.709082   .0011335  7683.13   0.000     8.706859    8.711305
------------------------------------------------------------------------------

Absorbed degrees of freedom:
-----------------------------------------------------+
 Absorbed FE | Categories  - Redundant  = Num. Coefs |
-------------+---------------------------------------|
   ubica_geo |      2652        2652           0    *|
        year |         5           1           4     |
-----------------------------------------------------+
* = FE nested within cluster; treated as redundant for DoF computation

.      eststo t1m1

.      estadd local controls       "N"

added macro:
           e(controls) : "N"

.      estadd local hastimefe      "Y"

added macro:
          e(hastimefe) : "Y"

.      estadd local hasmunicfe     "Y"

added macro:
         e(hasmunicfe) : "Y"

. 
. * All units — with controls
. reghdfe lnw i.zlfn##i.post $controls, absorb(ubica_geo year) vce(cluster ubic
> a_geo)
(dropped 7 singleton observations)
(MWFE estimator converged in 5 iterations)
note: 1bn.zlfn is probably collinear with the fixed effects (all partialled-out
>  values are close to zero; tol = 1.0e-09)
note: 1bn.post is probably collinear with the fixed effects (all partialled-out
>  values are close to zero; tol = 1.0e-09)

HDFE Linear regression                            Number of obs   =    393,180
Absorbing 2 HDFE groups                           F(   7,   2646) =    3126.09
Statistics robust to heteroskedasticity           Prob > F        =     0.0000
                                                  R-squared       =     0.3647
                                                  Adj R-squared   =     0.3603
                                                  Within R-sq.    =     0.2688
Number of clusters (ubica_geo) =      2,647       Root MSE        =     0.7455

                          (Std. err. adjusted for 2,647 clusters in ubica_geo)
------------------------------------------------------------------------------
             |               Robust
         lnw | Coefficient  std. err.      t    P>|t|     [95% conf. interval]
-------------+----------------------------------------------------------------
      1.zlfn |          0  (omitted)
      1.post |          0  (omitted)
             |
   zlfn#post |
        1 1  |   .1394209   .0128416    10.86   0.000     .1142403    .1646014
             |
    1.female |  -.3177752   .0043455   -73.13   0.000    -.3262962   -.3092542
    edad_pob |   .0726745   .0007612    95.48   0.000     .0711819     .074167
      edadsq |  -.0007335   8.66e-06   -84.74   0.000    -.0007505   -.0007165
years_of_s~y |    .073705   .0007608    96.88   0.000     .0722131    .0751968
 hoursworked |   .0127923   .0002186    58.52   0.000     .0123636    .0132209
  1.employed |  -.1592885   .0203899    -7.81   0.000    -.1992702   -.1193067
       _cons |   6.118743   .0286304   213.71   0.000     6.062603    6.174883
------------------------------------------------------------------------------

Absorbed degrees of freedom:
-----------------------------------------------------+
 Absorbed FE | Categories  - Redundant  = Num. Coefs |
-------------+---------------------------------------|
   ubica_geo |      2647        2647           0    *|
        year |         5           1           4     |
-----------------------------------------------------+
* = FE nested within cluster; treated as redundant for DoF computation

.      eststo t1m2

.      estadd local controls       "Y"

added macro:
           e(controls) : "Y"

.      estadd local hastimefe      "Y"

added macro:
          e(hastimefe) : "Y"

.      estadd local hasmunicfe     "Y"

added macro:
         e(hasmunicfe) : "Y"

. 
. * Non-indigenous speakers — no controls
. reghdfe lnw i.zlfn##i.post if indspeaker == 0, absorb(ubica_geo year) vce(clu
> ster ubica_geo)
(dropped 32 singleton observations)
(MWFE estimator converged in 5 iterations)
note: 1bn.zlfn is probably collinear with the fixed effects (all partialled-out
>  values are close to zero; tol = 1.0e-09)
note: 1bn.post is probably collinear with the fixed effects (all partialled-out
>  values are close to zero; tol = 1.0e-09)

HDFE Linear regression                            Number of obs   =    459,041
Absorbing 2 HDFE groups                           F(   1,   2530) =      52.80
Statistics robust to heteroskedasticity           Prob > F        =     0.0000
                                                  R-squared       =     0.1123
                                                  Adj R-squared   =     0.1074
                                                  Within R-sq.    =     0.0002
Number of clusters (ubica_geo) =      2,531       Root MSE        =     0.9188

                          (Std. err. adjusted for 2,531 clusters in ubica_geo)
------------------------------------------------------------------------------
             |               Robust
         lnw | Coefficient  std. err.      t    P>|t|     [95% conf. interval]
-------------+----------------------------------------------------------------
      1.zlfn |          0  (omitted)
      1.post |          0  (omitted)
             |
   zlfn#post |
        1 1  |   .1310829   .0180397     7.27   0.000     .0957088     .166457
             |
       _cons |   8.733104    .001143  7640.77   0.000     8.730863    8.735345
------------------------------------------------------------------------------

Absorbed degrees of freedom:
-----------------------------------------------------+
 Absorbed FE | Categories  - Redundant  = Num. Coefs |
-------------+---------------------------------------|
   ubica_geo |      2531        2531           0    *|
        year |         5           1           4     |
-----------------------------------------------------+
* = FE nested within cluster; treated as redundant for DoF computation

.      eststo t1m3

.      estadd local controls       "N"

added macro:
           e(controls) : "N"

.      estadd local hastimefe      "Y"

added macro:
          e(hastimefe) : "Y"

.      estadd local hasmunicfe     "Y"

added macro:
         e(hasmunicfe) : "Y"

. 
. * Non-indigenous speakers — with controls
. reghdfe lnw i.zlfn##i.post $controls if indspeaker == 0, absorb(ubica_geo yea
> r) vce(cluster ubica_geo)
(dropped 36 singleton observations)
(MWFE estimator converged in 5 iterations)
note: 1bn.zlfn is probably collinear with the fixed effects (all partialled-out
>  values are close to zero; tol = 1.0e-09)
note: 1bn.post is probably collinear with the fixed effects (all partialled-out
>  values are close to zero; tol = 1.0e-09)

HDFE Linear regression                            Number of obs   =    371,375
Absorbing 2 HDFE groups                           F(   7,   2515) =    3252.97
Statistics robust to heteroskedasticity           Prob > F        =     0.0000
                                                  R-squared       =     0.3589
                                                  Adj R-squared   =     0.3545
                                                  Within R-sq.    =     0.2712
Number of clusters (ubica_geo) =      2,516       Root MSE        =     0.7403

                          (Std. err. adjusted for 2,516 clusters in ubica_geo)
------------------------------------------------------------------------------
             |               Robust
         lnw | Coefficient  std. err.      t    P>|t|     [95% conf. interval]
-------------+----------------------------------------------------------------
      1.zlfn |          0  (omitted)
      1.post |          0  (omitted)
             |
   zlfn#post |
        1 1  |   .1419137   .0128953    11.01   0.000     .1166272    .1672001
             |
    1.female |  -.3143849   .0043017   -73.08   0.000    -.3228202   -.3059496
    edad_pob |   .0732265    .000788    92.93   0.000     .0716814    .0747717
      edadsq |  -.0007389   8.95e-06   -82.57   0.000    -.0007565   -.0007214
years_of_s~y |   .0741294   .0007482    99.07   0.000     .0726622    .0755967
 hoursworked |   .0128169   .0002185    58.66   0.000     .0123885    .0132454
  1.employed |  -.1516811   .0208465    -7.28   0.000    -.1925591    -.110803
       _cons |   6.105359   .0296602   205.84   0.000     6.047198     6.16352
------------------------------------------------------------------------------

Absorbed degrees of freedom:
-----------------------------------------------------+
 Absorbed FE | Categories  - Redundant  = Num. Coefs |
-------------+---------------------------------------|
   ubica_geo |      2516        2516           0    *|
        year |         5           1           4     |
-----------------------------------------------------+
* = FE nested within cluster; treated as redundant for DoF computation

.      eststo t1m4

.      estadd local controls       "Y"

added macro:
           e(controls) : "Y"

.      estadd local hastimefe      "Y"

added macro:
          e(hastimefe) : "Y"

.      estadd local hasmunicfe     "Y"

added macro:
         e(hasmunicfe) : "Y"

. 
. * Indigenous speakers — no controls
. reghdfe lnw i.zlfn##i.post if indspeaker == 1, absorb(ubica_geo year) vce(clu
> ster ubica_geo)
(dropped 318 singleton observations)
(MWFE estimator converged in 5 iterations)
note: 1bn.zlfn is probably collinear with the fixed effects (all partialled-out
>  values are close to zero; tol = 1.0e-09)
note: 1bn.post is probably collinear with the fixed effects (all partialled-out
>  values are close to zero; tol = 1.0e-09)

HDFE Linear regression                            Number of obs   =     26,084
Absorbing 2 HDFE groups                           F(   1,   1131) =       3.02
Statistics robust to heteroskedasticity           Prob > F        =     0.0827
                                                  R-squared       =     0.1955
                                                  Adj R-squared   =     0.1589
                                                  Within R-sq.    =     0.0001
Number of clusters (ubica_geo) =      1,132       Root MSE        =     0.9768

                          (Std. err. adjusted for 1,132 clusters in ubica_geo)
------------------------------------------------------------------------------
             |               Robust
         lnw | Coefficient  std. err.      t    P>|t|     [95% conf. interval]
-------------+----------------------------------------------------------------
      1.zlfn |          0  (omitted)
      1.post |          0  (omitted)
             |
   zlfn#post |
        1 1  |   .1107568   .0637802     1.74   0.083     -.014384    .2358975
             |
       _cons |   8.288889   .0018706  4431.22   0.000     8.285219     8.29256
------------------------------------------------------------------------------

Absorbed degrees of freedom:
-----------------------------------------------------+
 Absorbed FE | Categories  - Redundant  = Num. Coefs |
-------------+---------------------------------------|
   ubica_geo |      1132        1132           0    *|
        year |         5           1           4     |
-----------------------------------------------------+
* = FE nested within cluster; treated as redundant for DoF computation

.      eststo t1m5

.      estadd local controls       "N"

added macro:
           e(controls) : "N"

.      estadd local hastimefe      "Y"

added macro:
          e(hastimefe) : "Y"

.      estadd local hasmunicfe     "Y"

added macro:
         e(hasmunicfe) : "Y"

. 
. * Indigenous speakers — with controls
. reghdfe lnw i.zlfn##i.post $controls if indspeaker == 1, absorb(ubica_geo yea
> r) vce(cluster ubica_geo)
(dropped 313 singleton observations)
(MWFE estimator converged in 5 iterations)
note: 1bn.zlfn is probably collinear with the fixed effects (all partialled-out
>  values are close to zero; tol = 1.0e-09)
note: 1bn.post is probably collinear with the fixed effects (all partialled-out
>  values are close to zero; tol = 1.0e-09)

HDFE Linear regression                            Number of obs   =     21,463
Absorbing 2 HDFE groups                           F(   7,   1070) =     272.61
Statistics robust to heteroskedasticity           Prob > F        =     0.0000
                                                  R-squared       =     0.3780
                                                  Adj R-squared   =     0.3450
                                                  Within R-sq.    =     0.2153
Number of clusters (ubica_geo) =      1,071       Root MSE        =     0.8208

                          (Std. err. adjusted for 1,071 clusters in ubica_geo)
------------------------------------------------------------------------------
             |               Robust
         lnw | Coefficient  std. err.      t    P>|t|     [95% conf. interval]
-------------+----------------------------------------------------------------
      1.zlfn |          0  (omitted)
      1.post |          0  (omitted)
             |
   zlfn#post |
        1 1  |   .1038636   .0640083     1.62   0.105    -.0217323    .2294596
             |
    1.female |   -.401606   .0216909   -18.51   0.000    -.4441676   -.3590444
    edad_pob |   .0620169    .002756    22.50   0.000     .0566091    .0674247
      edadsq |  -.0006398    .000032   -19.99   0.000    -.0007026    -.000577
years_of_s~y |   .0618466   .0024917    24.82   0.000     .0569573    .0667359
 hoursworked |   .0119748   .0005276    22.69   0.000     .0109394    .0130101
  1.employed |  -.2947043    .094963    -3.10   0.002    -.4810392   -.1083695
       _cons |    6.43235   .1130887    56.88   0.000     6.210449     6.65425
------------------------------------------------------------------------------

Absorbed degrees of freedom:
-----------------------------------------------------+
 Absorbed FE | Categories  - Redundant  = Num. Coefs |
-------------+---------------------------------------|
   ubica_geo |      1071        1071           0    *|
        year |         5           1           4     |
-----------------------------------------------------+
* = FE nested within cluster; treated as redundant for DoF computation

.      eststo t1m6

.      estadd local controls       "Y"

added macro:
           e(controls) : "Y"

.      estadd local hastimefe      "Y"

added macro:
          e(hastimefe) : "Y"

.      estadd local hasmunicfe     "Y"

added macro:
         e(hasmunicfe) : "Y"

. 
. *************************************************
. *************** Export TeX Table ****************
. *************************************************
. 
. esttab t1m1 t1m2 t1m3 t1m4 t1m5 t1m6 ///
>     using "../output/tables/did-wage-hli.tex", replace label fragment ///
>     nolines posthead(\cmidrule{2-7}) prefoot(\midrule) ///
>     postfoot(\bottomrule \bottomrule) booktabs ///
>     nonumbers mtitle("(1)" "(2)" "(3)" "(4)" "(5)" "(6)") collabels(none) ///
>     cells(b(star fmt(%9.3f)) se(par fmt(%9.3f))) ///
>     starlevels(* 0.10 ** 0.05 *** 0.01) ///
>     refcat(1.zlfn#1.post "ZLFN $\times$", nolabel) ///
>     keep(1.zlfn#1.post) ///
>     coeflabel(1.zlfn#1.post "{2016-2024}") ///
>     stats(N controls hastimefe hasmunicfe, ///
>         fmt(%11.0gc) label("Observations" "Controls" "Time FE" "Municipal FE"
> )) onecell
(output written to ../output/tables/did-wage-hli.tex)

. 
end of do-file
