
  ___  ____  ____  ____  ____ ®
 /__    /   ____/   /   ____/      StataNow 19.5
___/   /   /___/   /   /___/       MP—Parallel Edition

 Statistics and Data Science       Copyright 1985-2025 StataCorp LLC
                                   StataCorp
                                   4905 Lakeway Drive
                                   College Station, Texas 77845 USA
                                   800-782-8272        https://www.stata.com
                                   979-696-4600        service@stata.com

Stata license: 65-student 2-core lab, expiring 18 May 2026
Serial number: 501909312971
  Licensed to: Victor Ortega
               Columbia University

Notes:
      1. Stata is running in batch mode.
      2. Unicode is supported; see help unicode_advice.
      3. More than 2 billion observations are allowed; see help obs_advice.
      4. Maximum number of variables is set to 5,000 but can be increased;
          see help set_maxvar.

. do "plot-event-wage-indig.do" 

. *************************************************
. ***************** Clean Memory ******************
. *************************************************
. 
. clear

. cap clear

. cap log close

. set more off

. 
. *** REPLICATION FILE: plot-event-wage-indig
. *** STATA VERSION: StataNow 19.5
. *** AUTHORS: Matías Carrasco, Victor Ortega Le Hénanff
. *** DATE: 2026-03-03
. 
. *************************************************
. **************** Load + Globals *****************
. *************************************************
. 
. do read-enighyear.do

. *************************************************
. *************** Read ENIGH Year *****************
. *************************************************
. 
. *** REPLICATION FILE: read-enighyear
. *** STATA VERSION: StataNow 19.5
. *** AUTHORS: Matías Carrasco, Victor Ortega Le Hénanff
. *** DATE: 2026-03-03
. 
. *  Loads the yearly cross-section produced by
. *  data/clean/code/enigh-year.R, generates derived
. *  variables and sets the $controls global.
. 
. *  Called by every analysis do-file:
. *     do read-enighyear.do
. 
. *************************************************
. ****************** Load Data ********************
. *************************************************
. 
. use "../input/enigh-year.dta", clear

. 
. ssc install require, replace
checking require consistency and verifying not already installed...
all files already exist and are up to date.

. ssc install estout, replace
checking estout consistency and verifying not already installed...
all files already exist and are up to date.

. 
. * Install ftools (remove program if it existed previously)
. net install ftools, from("https://raw.githubusercontent.com/sergiocorreia/fto
> ols/master/src/")
checking ftools consistency and verifying not already installed...
all files already exist and are up to date.

. 
. * Install reghdfe 6.x
. net install reghdfe, from("https://raw.githubusercontent.com/sergiocorreia/re
> ghdfe/master/src/")
checking reghdfe consistency and verifying not already installed...
all files already exist and are up to date.

. 
. *************************************************
. *************** Decode Factors ******************
. *************************************************
. 
. * haven::write_dta stores R factors as labeled integers.
. * Decode year and ent to recover original numeric values.
. 
. foreach v in year ent {
  2.     capture decode `v', gen(_`v'_str)
  3.     if _rc == 0 {
  4.         destring _`v'_str, replace force
  5.         drop `v'
  6.         rename _`v'_str `v'
  7.     }
  8. }

. 
. *************************************************
. *********** Generate Log Incomes ****************
. *************************************************
. 
. gen lnw   = ln(ing_wages)            if ing_wages > 0
(206,957 missing values generated)

. gen lni   = ln(ing_lab)              if ing_lab > 0
(42,758 missing values generated)

. gen lnmon = ln(ing_mon)              if ing_mon > 0
(24,777 missing values generated)

. gen lnr   = ln(ing_rentas)          if ing_rentas > 0
(682,670 missing values generated)

. gen lnv   = ln(ing_ventas)          if ing_ventas > 0
(676,733 missing values generated)

. gen lno   = ln(ing_other)           if ing_other > 0
(565,544 missing values generated)

. gen lnn   = ln(ing_negocio)         if ing_negocio > 0
(546,587 missing values generated)

. gen lnnwi = ln(ing_non_wage_income) if ing_non_wage_income > 0
(523,909 missing values generated)

. gen lngt  = ln(ing_gov_transfers)   if ing_gov_transfers > 0
(583,326 missing values generated)

. gen lnfc  = ln(ing_fin_capital)     if ing_fin_capital > 0
(663,912 missing values generated)

. 
. *************************************************
. ************ Derived Variables ******************
. *************************************************
. 
. gen female = 1 - sexo

. gen edadsq = edad_pob * edad_pob

. 
. label variable lnw   "Log Wages"

. label variable lni   "Log Labor Income"

. label variable lnmon "Log Monetary Income"

. label variable lnr   "Log Rent Income"

. label variable lnv   "Log Sales Income"

. label variable lno   "Log Other Income"

. label variable lnn   "Log Business Income"

. label variable lnnwi "Log Non-Wage Income"

. label variable lngt  "Log Government Transfers"

. label variable lnfc  "Log Financial Capital Income"

. label variable post  "Post-Treatment (year > 2018)"

. label variable female "Female"

. label variable edadsq "Age Squared"

. 
. *************************************************
. ***************** Controls **********************
. *************************************************
. 
. global controls i.female edad_pob edadsq years_of_study hoursworked i.employe
> d

. 
end of do-file

. cap mkdir "../output/figs"

. 
. *************************************************
. ** Event Study: Wages by Indigenous Identity ****
. *************************************************
. 
. * Non-indigenous (self-identified)
. reghdfe lnw i.zlfn#ib2018.year $controls if etnia == 0, ///
>     absorb(ubica_geo year) vce(cluster ubica_geo)
(dropped 101 singleton observations)
(MWFE estimator converged in 5 iterations)
note: 0bn.zlfn#2016bn.year is probably collinear with the fixed effects (all pa
> rtialled-out values are close to zero; tol = 1.0e-09)
note: 1o.zlfn#2016o.year omitted because of collinearity
note: 1.zlfn#2020.year omitted because of collinearity
note: 1.zlfn#2022.year omitted because of collinearity
note: 1.zlfn#2024.year omitted because of collinearity

HDFE Linear regression                            Number of obs   =    284,678
Absorbing 2 HDFE groups                           F(   9,   2358) =    2229.85
Statistics robust to heteroskedasticity           Prob > F        =     0.0000
                                                  R-squared       =     0.3609
                                                  Adj R-squared   =     0.3555
                                                  Within R-sq.    =     0.2770
Number of clusters (ubica_geo) =      2,359       Root MSE        =     0.7257

                          (Std. err. adjusted for 2,359 clusters in ubica_geo)
------------------------------------------------------------------------------
             |               Robust
         lnw | Coefficient  std. err.      t    P>|t|     [95% conf. interval]
-------------+----------------------------------------------------------------
   zlfn#year |
     0 2016  |          0  (omitted)
     0 2020  |  -.0852606   .0177409    -4.81   0.000    -.1200499   -.0504713
     0 2022  |   -.164428   .0252727    -6.51   0.000     -.213987   -.1148691
     0 2024  |   -.171812   .0232687    -7.38   0.000    -.2174412   -.1261827
     1 2016  |          0  (empty)
     1 2018  |          0  (omitted)
     1 2020  |          0  (omitted)
     1 2022  |          0  (omitted)
     1 2024  |          0  (omitted)
             |
    1.female |   -.307565   .0044334   -69.37   0.000    -.3162588   -.2988712
    edad_pob |   .0723254   .0008374    86.37   0.000     .0706832    .0739675
      edadsq |  -.0007291   9.39e-06   -77.65   0.000    -.0007475   -.0007107
years_of_s~y |   .0753754   .0007951    94.80   0.000     .0738162    .0769345
 hoursworked |    .012725   .0002188    58.15   0.000     .0122959    .0131542
  1.employed |  -.1579993   .0229894    -6.87   0.000    -.2030808   -.1129177
       _cons |   6.255099   .0332821   187.94   0.000     6.189834    6.320364
------------------------------------------------------------------------------

Absorbed degrees of freedom:
-----------------------------------------------------+
 Absorbed FE | Categories  - Redundant  = Num. Coefs |
-------------+---------------------------------------|
   ubica_geo |      2359        2359           0    *|
        year |         5           1           4     |
-----------------------------------------------------+
* = FE nested within cluster; treated as redundant for DoF computation

. eststo graph1

. 
. * Indigenous (self-identified)
. reghdfe lnw i.zlfn#ib2018.year $controls if etnia == 1, ///
>     absorb(ubica_geo year) vce(cluster ubica_geo)
(dropped 83 singleton observations)
(MWFE estimator converged in 5 iterations)
note: 0bn.zlfn#2016bn.year is probably collinear with the fixed effects (all pa
> rtialled-out values are close to zero; tol = 1.0e-09)
note: 1o.zlfn#2016o.year omitted because of collinearity
note: 1.zlfn#2020.year omitted because of collinearity
note: 1.zlfn#2022.year omitted because of collinearity
note: 1.zlfn#2024.year omitted because of collinearity

HDFE Linear regression                            Number of obs   =    108,325
Absorbing 2 HDFE groups                           F(   9,   2445) =    1206.83
Statistics robust to heteroskedasticity           Prob > F        =     0.0000
                                                  R-squared       =     0.3488
                                                  Adj R-squared   =     0.3336
                                                  Within R-sq.    =     0.2441
Number of clusters (ubica_geo) =      2,446       Root MSE        =     0.7905

                          (Std. err. adjusted for 2,446 clusters in ubica_geo)
------------------------------------------------------------------------------
             |               Robust
         lnw | Coefficient  std. err.      t    P>|t|     [95% conf. interval]
-------------+----------------------------------------------------------------
   zlfn#year |
     0 2016  |          0  (omitted)
     0 2020  |  -.1188444   .0401895    -2.96   0.003    -.1976533   -.0400355
     0 2022  |  -.1718492   .0426862    -4.03   0.000     -.255554   -.0881444
     0 2024  |  -.1097458   .0489007    -2.24   0.025    -.2056369   -.0138548
     1 2016  |          0  (empty)
     1 2018  |          0  (omitted)
     1 2020  |          0  (omitted)
     1 2022  |          0  (omitted)
     1 2024  |          0  (omitted)
             |
    1.female |  -.3452624   .0074866   -46.12   0.000    -.3599431   -.3305817
    edad_pob |   .0731466    .001302    56.18   0.000     .0705935    .0756998
      edadsq |  -.0007428   .0000154   -48.29   0.000    -.0007729   -.0007126
years_of_s~y |   .0669873   .0011553    57.98   0.000     .0647217    .0692528
 hoursworked |   .0129001   .0003215    40.13   0.000     .0122698    .0135305
  1.employed |  -.1473841   .0402052    -3.67   0.000    -.2262238   -.0685443
       _cons |   6.116118   .0565959   108.07   0.000     6.005137    6.227099
------------------------------------------------------------------------------

Absorbed degrees of freedom:
-----------------------------------------------------+
 Absorbed FE | Categories  - Redundant  = Num. Coefs |
-------------+---------------------------------------|
   ubica_geo |      2446        2446           0    *|
        year |         5           1           4     |
-----------------------------------------------------+
* = FE nested within cluster; treated as redundant for DoF computation

. eststo graph2

. 
. *************************************************
. *************** Coefficient Plot ****************
. *************************************************
. 
. coefplot ///
>     (graph1, label("Non-Indigenous") ///
>         connect(direct) lcolor(blue) lw(medthin) ///
>         msize(small) mfcolor(blue) mlcolor(blue) mlw(thin) ///
>         ciopts(recast(rcap) lcolor(blue) lw(thin))) ///
>     (graph2, label("Indigenous") ///
>         connect(direct) lcolor(red) lw(medthin) ///
>         msize(small) mfcolor(red) mlcolor(red) mlw(thin) ///
>         ciopts(recast(rcap) lcolor(red) lw(thin))) ///
>     , keep(1.zlfn#*.year) vertical ///
>     xline(1.5, lcolor(red) lpattern(dash)) ///
>     yline(0, lw(thin) lpattern(solid)) ///
>     ytitle("Coefficient Estimate on Log Wages") ///
>     xtitle("Year") ///
>     legend(order(2 "Non-Indigenous" 4 "Indigenous") ///
>         position(11) ring(0) col(1)) ///
>     xlabel(, valuelabel angle(0))
command coefplot is unrecognized
r(199);

end of do-file
r(199);
