
  ___  ____  ____  ____  ____ ®
 /__    /   ____/   /   ____/      StataNow 19.5
___/   /   /___/   /   /___/       MP—Parallel Edition

 Statistics and Data Science       Copyright 1985-2025 StataCorp LLC
                                   StataCorp
                                   4905 Lakeway Drive
                                   College Station, Texas 77845 USA
                                   800-782-8272        https://www.stata.com
                                   979-696-4600        service@stata.com

Stata license: 65-student 2-core lab, expiring 18 May 2026
Serial number: 501909312971
  Licensed to: Victor Ortega
               Columbia University

Notes:
      1. Stata is running in batch mode.
      2. Unicode is supported; see help unicode_advice.
      3. More than 2 billion observations are allowed; see help obs_advice.
      4. Maximum number of variables is set to 5,000 but can be increased;
          see help set_maxvar.

. do "plot-event-wage-hli.do" 

. *************************************************
. ***************** Clean Memory ******************
. *************************************************
. 
. clear

. cap clear

. cap log close

. set more off

. 
. *** REPLICATION FILE: plot-event-wage-hli
. *** STATA VERSION: StataNow 19.5
. *** AUTHORS: Matías Carrasco, Victor Ortega Le Hénanff
. *** DATE: 2026-03-03
. 
. *************************************************
. **************** Load + Globals *****************
. *************************************************
. 
. do read-enighyear.do

. *************************************************
. *************** Read ENIGH Year *****************
. *************************************************
. 
. *** REPLICATION FILE: read-enighyear
. *** STATA VERSION: StataNow 19.5
. *** AUTHORS: Matías Carrasco, Victor Ortega Le Hénanff
. *** DATE: 2026-03-03
. 
. *  Loads the yearly cross-section produced by
. *  data/clean/code/enigh-year.R, generates derived
. *  variables and sets the $controls global.
. 
. *  Called by every analysis do-file:
. *     do read-enighyear.do
. 
. *************************************************
. ****************** Load Data ********************
. *************************************************
. 
. use "../input/enigh-year.dta", clear

. 
. ssc install require, replace
checking require consistency and verifying not already installed...
all files already exist and are up to date.

. ssc install estout, replace
checking estout consistency and verifying not already installed...
all files already exist and are up to date.

. 
. * Install ftools (remove program if it existed previously)
. net install ftools, from("https://raw.githubusercontent.com/sergiocorreia/fto
> ols/master/src/")
checking ftools consistency and verifying not already installed...
all files already exist and are up to date.

. 
. * Install reghdfe 6.x
. net install reghdfe, from("https://raw.githubusercontent.com/sergiocorreia/re
> ghdfe/master/src/")
checking reghdfe consistency and verifying not already installed...
all files already exist and are up to date.

. 
. *************************************************
. *************** Decode Factors ******************
. *************************************************
. 
. * haven::write_dta stores R factors as labeled integers.
. * Decode year and ent to recover original numeric values.
. 
. foreach v in year ent {
  2.     capture decode `v', gen(_`v'_str)
  3.     if _rc == 0 {
  4.         destring _`v'_str, replace force
  5.         drop `v'
  6.         rename _`v'_str `v'
  7.     }
  8. }

. 
. *************************************************
. *********** Generate Log Incomes ****************
. *************************************************
. 
. gen lnw   = ln(ing_wages)            if ing_wages > 0
(206,957 missing values generated)

. gen lni   = ln(ing_lab)              if ing_lab > 0
(42,758 missing values generated)

. gen lnmon = ln(ing_mon)              if ing_mon > 0
(24,777 missing values generated)

. gen lnr   = ln(ing_rentas)          if ing_rentas > 0
(682,670 missing values generated)

. gen lnv   = ln(ing_ventas)          if ing_ventas > 0
(676,733 missing values generated)

. gen lno   = ln(ing_other)           if ing_other > 0
(565,544 missing values generated)

. gen lnn   = ln(ing_negocio)         if ing_negocio > 0
(546,587 missing values generated)

. gen lnnwi = ln(ing_non_wage_income) if ing_non_wage_income > 0
(523,909 missing values generated)

. gen lngt  = ln(ing_gov_transfers)   if ing_gov_transfers > 0
(583,326 missing values generated)

. gen lnfc  = ln(ing_fin_capital)     if ing_fin_capital > 0
(663,912 missing values generated)

. 
. *************************************************
. ************ Derived Variables ******************
. *************************************************
. 
. gen female = 1 - sexo

. gen edadsq = edad_pob * edad_pob

. 
. label variable lnw   "Log Wages"

. label variable lni   "Log Labor Income"

. label variable lnmon "Log Monetary Income"

. label variable lnr   "Log Rent Income"

. label variable lnv   "Log Sales Income"

. label variable lno   "Log Other Income"

. label variable lnn   "Log Business Income"

. label variable lnnwi "Log Non-Wage Income"

. label variable lngt  "Log Government Transfers"

. label variable lnfc  "Log Financial Capital Income"

. label variable post  "Post-Treatment (year > 2018)"

. label variable female "Female"

. label variable edadsq "Age Squared"

. 
. *************************************************
. ***************** Controls **********************
. *************************************************
. 
. global controls i.female edad_pob edadsq years_of_study hoursworked i.employe
> d

. 
end of do-file

. cap mkdir "../output/figs"

. 
. *************************************************
. **** Event Study: Wages by HLI Status **********
. *************************************************
. 
. * Non-indigenous speakers
. reghdfe lnw i.zlfn#ib2018.year $controls if indspeaker == 0, ///
>     absorb(ubica_geo year) vce(cluster ubica_geo)
(dropped 36 singleton observations)
(MWFE estimator converged in 5 iterations)
note: 0bn.zlfn#2016bn.year is probably collinear with the fixed effects (all pa
> rtialled-out values are close to zero; tol = 1.0e-09)
note: 1o.zlfn#2016o.year omitted because of collinearity
note: 1.zlfn#2020.year omitted because of collinearity
note: 1.zlfn#2022.year omitted because of collinearity
note: 1.zlfn#2024.year omitted because of collinearity

HDFE Linear regression                            Number of obs   =    371,375
Absorbing 2 HDFE groups                           F(   9,   2515) =    2554.49
Statistics robust to heteroskedasticity           Prob > F        =     0.0000
                                                  R-squared       =     0.3589
                                                  Adj R-squared   =     0.3546
                                                  Within R-sq.    =     0.2713
Number of clusters (ubica_geo) =      2,516       Root MSE        =     0.7402

                          (Std. err. adjusted for 2,516 clusters in ubica_geo)
------------------------------------------------------------------------------
             |               Robust
         lnw | Coefficient  std. err.      t    P>|t|     [95% conf. interval]
-------------+----------------------------------------------------------------
   zlfn#year |
     0 2016  |          0  (omitted)
     0 2020  |  -.0879917   .0171301    -5.14   0.000    -.1215823   -.0544011
     0 2022  |  -.1620856   .0234227    -6.92   0.000    -.2080154   -.1161557
     0 2024  |  -.1671802   .0202994    -8.24   0.000    -.2069855   -.1273749
     1 2016  |          0  (empty)
     1 2018  |          0  (omitted)
     1 2020  |          0  (omitted)
     1 2022  |          0  (omitted)
     1 2024  |          0  (omitted)
             |
    1.female |  -.3142989   .0043056   -73.00   0.000    -.3227417   -.3058561
    edad_pob |   .0732283   .0007863    93.13   0.000     .0716864    .0747702
      edadsq |  -.0007389   8.93e-06   -82.73   0.000    -.0007564   -.0007214
years_of_s~y |   .0741255   .0007484    99.05   0.000      .072658     .075593
 hoursworked |   .0128212   .0002166    59.18   0.000     .0123964     .013246
  1.employed |  -.1519357   .0207391    -7.33   0.000    -.1926031   -.1112682
       _cons |   6.199023   .0305004   203.24   0.000     6.139215    6.258832
------------------------------------------------------------------------------

Absorbed degrees of freedom:
-----------------------------------------------------+
 Absorbed FE | Categories  - Redundant  = Num. Coefs |
-------------+---------------------------------------|
   ubica_geo |      2516        2516           0    *|
        year |         5           1           4     |
-----------------------------------------------------+
* = FE nested within cluster; treated as redundant for DoF computation

. eststo graph1

. 
. * Indigenous speakers
. reghdfe lnw i.zlfn#ib2018.year $controls if indspeaker == 1, ///
>     absorb(ubica_geo year) vce(cluster ubica_geo)
(dropped 313 singleton observations)
(MWFE estimator converged in 5 iterations)
note: 0bn.zlfn#2016bn.year is probably collinear with the fixed effects (all pa
> rtialled-out values are close to zero; tol = 1.0e-09)
note: 1o.zlfn#2016o.year omitted because of collinearity
note: 1.zlfn#2020.year omitted because of collinearity
note: 1.zlfn#2022.year omitted because of collinearity
note: 1.zlfn#2024.year omitted because of collinearity

HDFE Linear regression                            Number of obs   =     21,463
Absorbing 2 HDFE groups                           F(   9,   1070) =     239.59
Statistics robust to heteroskedasticity           Prob > F        =     0.0000
                                                  R-squared       =     0.3781
                                                  Adj R-squared   =     0.3451
                                                  Within R-sq.    =     0.2154
Number of clusters (ubica_geo) =      1,071       Root MSE        =     0.8208

                          (Std. err. adjusted for 1,071 clusters in ubica_geo)
------------------------------------------------------------------------------
             |               Robust
         lnw | Coefficient  std. err.      t    P>|t|     [95% conf. interval]
-------------+----------------------------------------------------------------
   zlfn#year |
     0 2016  |          0  (omitted)
     0 2020  |  -.1210122   .0872079    -1.39   0.166    -.2921301    .0501056
     0 2022  |  -.1530111   .0618196    -2.48   0.013    -.2743126   -.0317096
     0 2024  |  -.0034733   .0578672    -0.06   0.952    -.1170194    .1100728
     1 2016  |          0  (empty)
     1 2018  |          0  (omitted)
     1 2020  |          0  (omitted)
     1 2022  |          0  (omitted)
     1 2024  |          0  (omitted)
             |
    1.female |  -.4013242   .0217364   -18.46   0.000     -.443975   -.3586733
    edad_pob |   .0620706   .0027442    22.62   0.000     .0566859    .0674552
      edadsq |  -.0006404   .0000319   -20.08   0.000     -.000703   -.0005778
years_of_s~y |   .0618241   .0024913    24.82   0.000     .0569357    .0667124
 hoursworked |   .0119832   .0005253    22.81   0.000     .0109524    .0130139
  1.employed |  -.2937056   .0950033    -3.09   0.002    -.4801196   -.1072917
       _cons |   6.486124   .1204401    53.85   0.000     6.249799     6.72245
------------------------------------------------------------------------------

Absorbed degrees of freedom:
-----------------------------------------------------+
 Absorbed FE | Categories  - Redundant  = Num. Coefs |
-------------+---------------------------------------|
   ubica_geo |      1071        1071           0    *|
        year |         5           1           4     |
-----------------------------------------------------+
* = FE nested within cluster; treated as redundant for DoF computation

. eststo graph2

. 
. *************************************************
. *************** Coefficient Plot ****************
. *************************************************
. 
. coefplot ///
>     (graph1, label("Non-Indigenous Speaker") ///
>         connect(direct) lcolor(blue) lw(medthin) ///
>         msize(small) mfcolor(blue) mlcolor(blue) mlw(thin) ///
>         ciopts(recast(rcap) lcolor(blue) lw(thin))) ///
>     (graph2, label("Indigenous Speaker") ///
>         connect(direct) lcolor(red) lw(medthin) ///
>         msize(small) mfcolor(red) mlcolor(red) mlw(thin) ///
>         ciopts(recast(rcap) lcolor(red) lw(thin))) ///
>     , keep(1.zlfn#*.year) vertical ///
>     xline(1.5, lcolor(red) lpattern(dash)) ///
>     yline(0, lw(thin) lpattern(solid)) ///
>     ytitle("Coefficient Estimate on Log Wages") ///
>     xtitle("Year") ///
>     legend(order(2 "Non-Indigenous Speaker" 4 "Indigenous Speaker") ///
>         position(11) ring(0) col(1)) ///
>     xlabel(, valuelabel angle(0))
command coefplot is unrecognized
r(199);

end of do-file
r(199);
