
  ___  ____  ____  ____  ____ ®
 /__    /   ____/   /   ____/      StataNow 19.5
___/   /   /___/   /   /___/       MP—Parallel Edition

 Statistics and Data Science       Copyright 1985-2025 StataCorp LLC
                                   StataCorp
                                   4905 Lakeway Drive
                                   College Station, Texas 77845 USA
                                   800-782-8272        https://www.stata.com
                                   979-696-4600        service@stata.com

Stata license: 65-student 2-core lab, expiring 18 May 2026
Serial number: 501909312971
  Licensed to: Victor Ortega
               Columbia University

Notes:
      1. Stata is running in batch mode.
      2. Unicode is supported; see help unicode_advice.
      3. More than 2 billion observations are allowed; see help obs_advice.
      4. Maximum number of variables is set to 5,000 but can be increased;
          see help set_maxvar.

. do "sum-descriptive.do" 

. *************************************************
. ***************** Clean Memory ******************
. *************************************************
. 
. clear

. cap clear

. cap log close

. set more off

. 
. *** REPLICATION FILE: sum-descriptive
. *** STATA VERSION: StataNow 19.5
. *** AUTHORS: Matías Carrasco, Victor Ortega Le Hénanff
. *** DATE: 2026-03-03
. 
. *************************************************
. **************** Load + Globals *****************
. *************************************************
. 
. do read-enighyear.do

. *************************************************
. *************** Read ENIGH Year *****************
. *************************************************
. 
. *** REPLICATION FILE: read-enighyear
. *** STATA VERSION: StataNow 19.5
. *** AUTHORS: Matías Carrasco, Victor Ortega Le Hénanff
. *** DATE: 2026-03-03
. 
. *  Loads the yearly cross-section produced by
. *  data/clean/code/enigh-year.R, generates derived
. *  variables and sets the $controls global.
. 
. *  Called by every analysis do-file:
. *     do read-enighyear.do
. 
. *************************************************
. ****************** Load Data ********************
. *************************************************
. 
. use "../input/enigh-year.dta", clear

. 
. ssc install require, replace
checking require consistency and verifying not already installed...
all files already exist and are up to date.

. ssc install estout, replace
checking estout consistency and verifying not already installed...
all files already exist and are up to date.

. ssc install coefplot, replace
checking coefplot consistency and verifying not already installed...
installing into /Users/victorortega/Library/Application Support/Stata/ado/plus/
> ...
installation complete.

. 
. * Install ftools (remove program if it existed previously)
. net install ftools, from("https://raw.githubusercontent.com/sergiocorreia/fto
> ols/master/src/")
checking ftools consistency and verifying not already installed...
all files already exist and are up to date.

. 
. * Install reghdfe 6.x
. net install reghdfe, from("https://raw.githubusercontent.com/sergiocorreia/re
> ghdfe/master/src/")
checking reghdfe consistency and verifying not already installed...
all files already exist and are up to date.

. 
. *************************************************
. *************** Decode Factors ******************
. *************************************************
. 
. * haven::write_dta stores R factors as labeled integers.
. * Decode year and ent to recover original numeric values.
. 
. foreach v in year ent {
  2.     capture decode `v', gen(_`v'_str)
  3.     if _rc == 0 {
  4.         destring _`v'_str, replace force
  5.         drop `v'
  6.         rename _`v'_str `v'
  7.     }
  8. }

. 
. *************************************************
. *********** Generate Log Incomes ****************
. *************************************************
. 
. gen lnw   = ln(ing_wages)            if ing_wages > 0
(206,957 missing values generated)

. gen lni   = ln(ing_lab)              if ing_lab > 0
(42,758 missing values generated)

. gen lnmon = ln(ing_mon)              if ing_mon > 0
(24,777 missing values generated)

. gen lnr   = ln(ing_rentas)          if ing_rentas > 0
(682,670 missing values generated)

. gen lnv   = ln(ing_ventas)          if ing_ventas > 0
(676,733 missing values generated)

. gen lno   = ln(ing_other)           if ing_other > 0
(565,544 missing values generated)

. gen lnn   = ln(ing_negocio)         if ing_negocio > 0
(546,587 missing values generated)

. gen lnnwi = ln(ing_non_wage_income) if ing_non_wage_income > 0
(523,909 missing values generated)

. gen lngt  = ln(ing_gov_transfers)   if ing_gov_transfers > 0
(583,326 missing values generated)

. gen lnfc  = ln(ing_fin_capital)     if ing_fin_capital > 0
(663,912 missing values generated)

. 
. *************************************************
. ************ Derived Variables ******************
. *************************************************
. 
. gen female = 1 - sexo

. gen edadsq = edad_pob * edad_pob

. 
. label variable lnw   "Log Wages"

. label variable lni   "Log Labor Income"

. label variable lnmon "Log Monetary Income"

. label variable lnr   "Log Rent Income"

. label variable lnv   "Log Sales Income"

. label variable lno   "Log Other Income"

. label variable lnn   "Log Business Income"

. label variable lnnwi "Log Non-Wage Income"

. label variable lngt  "Log Government Transfers"

. label variable lnfc  "Log Financial Capital Income"

. label variable post  "Post-Treatment (year > 2018)"

. label variable female "Female"

. label variable edadsq "Age Squared"

. 
. *************************************************
. ***************** Controls **********************
. *************************************************
. 
. global controls i.female edad_pob edadsq years_of_study hoursworked i.employe
> d

. 
end of do-file

. 
. *************************************************
. ************* Descriptive Statistics ************
. *************************************************
. 
. eststo allunits: quietly estpost summarize ///
>     edad_pob female school_attendance employed hoursworked years_of_study ///
>     indspeaker indund etnia ///
>     lnw lni lnr lnv lno lnn lnnwi lngt lnfc ///
>     if ing_lab > 0

. 
. eststo treat: quietly estpost summarize ///
>     edad_pob female school_attendance employed hoursworked years_of_study ///
>     indspeaker indund etnia ///
>     lnw lni lnr lnv lno lnn lnnwi lngt lnfc ///
>     if ing_lab > 0 & zlfn == 1

. 
. eststo control: quietly estpost summarize ///
>     edad_pob female school_attendance employed hoursworked years_of_study ///
>     indspeaker indund etnia ///
>     lnw lni lnr lnv lno lnn lnnwi lngt lnfc ///
>     if ing_lab > 0 & zlfn == 0

. 
. eststo diff: quietly estpost ttest ///
>     edad_pob female school_attendance employed hoursworked years_of_study ///
>     indspeaker indund etnia ///
>     lnw lni lnr lnv lno lnn lnnwi lngt lnfc ///
>     if ing_lab > 0, by(zlfn) unequal

. 
. *************************************************
. *************** Export TeX Table ****************
. *************************************************
. 
. esttab allunits treat control diff using "../output/tables/sum-descriptive.te
> x", ///
>     style(tex) ///
>     cells("mean(pattern(1 1 1 0) fmt(2)) b(star pattern(0 0 0 1) fmt(2)) t(pa
> ttern(0 0 0 1) par fmt(2))") ///
>     label replace ///
>     varlabels(edad_pob "Age" ///
>               female "Female" ///
>               school_attendance "In School" ///
>               employed "Employed" ///
>               hoursworked "Hours Worked" ///
>               years_of_study "Years of Schooling" ///
>               indspeaker "Indigenous Speaker" ///
>               indund "Understands Indigenous" ///
>               etnia "Self-Identified Indigenous" ///
>               lnw "Log Wages" ///
>               lni "Log Labor Income" ///
>               lnr "Log Rent Income" ///
>               lnv "Log Sales Income" ///
>               lno "Log Other Income" ///
>               lnn "Log Business Income" ///
>               lnnwi "Log Non-Wage Income" ///
>               lngt "Log Government Transfers" ///
>               lnfc "Log Financial Capital Income") ///
>     collabels(none) ///
>     mlabels("All Units" "Treated" "Control" "Difference")
(output written to ../output/tables/sum-descriptive.tex)

. 
end of do-file
