
  ___  ____  ____  ____  ____ ®
 /__    /   ____/   /   ____/      StataNow 19.5
___/   /   /___/   /   /___/       MP—Parallel Edition

 Statistics and Data Science       Copyright 1985-2025 StataCorp LLC
                                   StataCorp
                                   4905 Lakeway Drive
                                   College Station, Texas 77845 USA
                                   800-782-8272        https://www.stata.com
                                   979-696-4600        service@stata.com

Stata license: 65-student 2-core lab, expiring 18 May 2026
Serial number: 501909312971
  Licensed to: Victor Ortega
               Columbia University

Notes:
      1. Stata is running in batch mode.
      2. Unicode is supported; see help unicode_advice.
      3. More than 2 billion observations are allowed; see help obs_advice.
      4. Maximum number of variables is set to 5,000 but can be increased;
          see help set_maxvar.

. do "/tmp/check_vars.do" 

. do read-enighyear.do

. *************************************************
. *************** Read ENIGH Year *****************
. *************************************************
. 
. *** REPLICATION FILE: read-enighyear
. *** STATA VERSION: StataNow 19.5
. *** AUTHORS: Matías Carrasco, Victor Ortega Le Hénanff
. *** DATE: 2026-03-03
. 
. *  Loads the yearly cross-section produced by
. *  data/clean/code/enigh-year.R, generates derived
. *  variables and sets the $controls global.
. 
. *  Called by every analysis do-file:
. *     do read-enighyear.do
. 
. *************************************************
. ****************** Load Data ********************
. *************************************************
. 
. use "../../data/clean/enigh/enigh-year.dta", clear

. 
. ssc install require, replace
checking require consistency and verifying not already installed...
all files already exist and are up to date.

. ssc install estout, replace
checking estout consistency and verifying not already installed...
all files already exist and are up to date.

. ssc install coefplot, replace
checking coefplot consistency and verifying not already installed...
all files already exist and are up to date.

. 
. * Install ftools (remove program if it existed previously)
. net install ftools, replace from("https://raw.githubusercontent.com/sergiocor
> reia/ftools/master/src/")
checking ftools consistency and verifying not already installed...
all files already exist and are up to date.

. 
. * Install reghdfe 6.x
. net install reghdfe, replace from("https://raw.githubusercontent.com/sergioco
> rreia/reghdfe/master/src/")
checking reghdfe consistency and verifying not already installed...
all files already exist and are up to date.

. 
. *************************************************
. *************** Decode Factors ******************
. *************************************************
. 
. * haven::write_dta stores R factors as labeled integers.
. * Decode year and ent to recover original numeric values.
. 
. foreach v in year ent {
  2.     capture decode `v', gen(_`v'_str)
  3.     if _rc == 0 {
  4.         destring _`v'_str, replace force
  5.         drop `v'
  6.         rename _`v'_str `v'
  7.     }
  8. }

. 
. *************************************************
. *********** Generate Log Incomes ****************
. *************************************************
. 
. gen lnw   = ln(ing_wages)            if ing_wages > 0
(206,957 missing values generated)

. gen lni   = ln(ing_lab)              if ing_lab > 0
(42,758 missing values generated)

. gen lnmon = ln(ing_mon)              if ing_mon > 0
(24,777 missing values generated)

. gen lnr   = ln(ing_rentas)          if ing_rentas > 0
(682,670 missing values generated)

. gen lnv   = ln(ing_ventas)          if ing_ventas > 0
(676,733 missing values generated)

. gen lno   = ln(ing_other)           if ing_other > 0
(565,544 missing values generated)

. gen lnn   = ln(ing_negocio)         if ing_negocio > 0
(546,587 missing values generated)

. gen lnnwi = ln(ing_non_wage_income) if ing_non_wage_income > 0
(523,909 missing values generated)

. gen lngt  = ln(ing_gov_transfers)   if ing_gov_transfers > 0
(583,326 missing values generated)

. gen lnfc  = ln(ing_fin_capital)     if ing_fin_capital > 0
(663,912 missing values generated)

. 
. *************************************************
. ************ Derived Variables ******************
. *************************************************
. 
. gen female = 1 - sexo

. gen edadsq = edad_pob * edad_pob

. 
. label variable lnw   "Log Wages"

. label variable lni   "Log Labor Income"

. label variable lnmon "Log Monetary Income"

. label variable lnr   "Log Rent Income"

. label variable lnv   "Log Sales Income"

. label variable lno   "Log Other Income"

. label variable lnn   "Log Business Income"

. label variable lnnwi "Log Non-Wage Income"

. label variable lngt  "Log Government Transfers"

. label variable lnfc  "Log Financial Capital Income"

. label variable post  "Post-Treatment (year > 2018)"

. label variable female "Female"

. label variable edadsq "Age Squared"

. 
. *************************************************
. ***************** Controls **********************
. *************************************************
. 
. global controls i.female edad_pob edadsq years_of_study hoursworked i.employe
> d

. 
end of do-file

. describe, simple
folioviv      ic_cv         prof1         scian         ent_name
foliohog      icv_pisos     prof_e1       sinco         reg_num
numren        icv_muros     profun        tam_emp       reg_name
est_dis       icv_techos    int_pob       clas_emp      macro_num
upm           icv_hac       int_pobe      sector        macro_name
factor        ic_sbv        int_vulcar    subor         gov_sp
tam_loc       isb_agua      int_caren     indep         public
rururb        isb_dren      tamhogesc     personal      profesional
ent           isb_luz       ictpc         pago          post
ubica_geo     isb_combus    ict           contrato      ent_exp
edad          ic_ali_nc     nomon         tipocontr     deciles_ic~c
sexo          id_men        pago_esp      ing_mon       deciles_in~b
parentesco    tot_iaad      reg_esp       ing_lab       centiles_i~c
ic_rezedu     tot_iamen     hli           ing_ren       centiles_i~b
anac_e        ins_ali       informal      ing_tra       lnw
inas_esc      ic_ali        etnia         ing_wages     lni
niv_ed        lca           nivelaprob    ing_non_wa~e  lnmon
ic_asalud     dch           gradoaprob    ing_gov_tr~s  lnr
ic_segsoc     plp_e         sexo_pob      ing_rentas    lnv
sa_dir        plp           edad_pob      ing_fin_ca~l  lno
ss_dir        pobreza       indspeaker    ing_negocio   lnn
s_salud       pobreza_e     indund        ing_ventas    lnnwi
par           pobreza_m     indlang       ing_other     lngt
jef_ss        vul_car       school_att~e  tenencia      lnfc
cony_ss       vul_ing       motherhome    renta         female
hijo_ss       no_pobv       fatherhome    estim_pago    edadsq
pea           i_privacion   hoursworked   antiguedad
jub           carencias     employed      smg
pam           carencias3    years_of_s~y  year
ing_pam       cuadrantes    htrab         zlfn

. 
end of do-file
