-------------------------------------------------------------------------------
      name:  <unnamed>
       log:  /Users/victorortega/Library/CloudStorage/Dropbox/CarrascoOrtega-mi
> nwage/code/estimate/log/did-income-negoc.log
  log type:  text
 opened on:  20 Mar 2026, 19:13:54

. 
. *************************************************
. **** DiD: Income — Business-Only Earners ********
. *************************************************
. 
. foreach ds in year month {
  2. 
. do read-enigh`ds'.do
  3. estimates clear
  4. 
. * Treatment: individuals with business income but no wages
. gen treat = 1 if lnn > 0 & (lnw == . | lnw == 0)
  5. replace treat = 0 if treat == .
  6. 
. * All units
. reghdfe lni i.treat##i.post $controls, absorb(ubica_geo year) vce(cluster ubi
> ca_geo)
  7.      eststo t1m1
  8.      estadd local controls       "Y"
  9.      estadd local hastimefe      "Y"
 10.      estadd local hasmunicfe     "Y"
 11. 
. * Non-indigenous speakers
. reghdfe lni i.treat##i.post $controls if indspeaker == 0, absorb(ubica_geo ye
> ar) vce(cluster ubica_geo)
 12.      eststo t1m2
 13.      estadd local controls       "Y"
 14.      estadd local hastimefe      "Y"
 15.      estadd local hasmunicfe     "Y"
 16. 
. * Non-indigenous (self-identified)
. reghdfe lni i.treat##i.post $controls if etnia == 0, absorb(ubica_geo year) v
> ce(cluster ubica_geo)
 17.      eststo t1m3
 18.      estadd local controls       "Y"
 19.      estadd local hastimefe      "Y"
 20.      estadd local hasmunicfe     "Y"
 21. 
. * Indigenous speakers
. reghdfe lni i.treat##i.post $controls if indspeaker == 1, absorb(ubica_geo ye
> ar) vce(cluster ubica_geo)
 22.      eststo t1m4
 23.      estadd local controls       "Y"
 24.      estadd local hastimefe      "Y"
 25.      estadd local hasmunicfe     "Y"
 26. 
. * Indigenous (self-identified)
. reghdfe lni i.treat##i.post $controls if etnia == 1, absorb(ubica_geo year) v
> ce(cluster ubica_geo)
 27.      eststo t1m5
 28.      estadd local controls       "Y"
 29.      estadd local hastimefe      "Y"
 30.      estadd local hasmunicfe     "Y"
 31. 
. *************************************************
. *************** Export TeX Table ****************
. *************************************************
. 
. esttab t1m1 t1m2 t1m3 t1m4 t1m5 ///
>     using "../../paper/tables/did-income-negoc-`ds'.tex", replace label fragm
> ent ///
>     nolines posthead(\cmidrule{2-6}) prefoot(\midrule) ///
>     postfoot(\bottomrule \bottomrule) booktabs ///
>     nonumbers mtitle("(1)" "(2)" "(3)" "(4)" "(5)") collabels(none) ///
>     cells(b(star fmt(%9.3f)) se(par fmt(%9.3f))) ///
>     starlevels(* 0.10 ** 0.05 *** 0.01) ///
>     refcat(1.treat#1.post "Business $\times$", nolabel) ///
>     keep(1.treat#1.post) ///
>     coeflabel(1.treat#1.post "{2016-2024}") ///
>     stats(N controls hastimefe hasmunicfe, ///
>         fmt(%11.0gc) label("Observations" "Controls" "Time FE" "Municipal FE"
> )) onecell
 32. }

. *************************************************
. *************** Read ENIGH Year *****************
. *************************************************
. 
. *** REPLICATION FILE: read-enighyear
. *** STATA VERSION: StataNow 19.5
. *** AUTHORS: Matías Carrasco, Victor Ortega Le Hénanff
. *** DATE: 2026-03-03
. 
. *  Loads the yearly cross-section produced by
. *  data/clean/code/enigh-year.R, generates derived
. *  variables and sets the $controls global.
. 
. *  Called by every analysis do-file:
. *     do read-enighyear.do
. 
. *************************************************
. ****************** Load Data ********************
. *************************************************
. 
. use "../../data/clean/enigh/enigh-year.dta", clear

. 
. ssc install require, replace
checking require consistency and verifying not already installed...
all files already exist and are up to date.

. ssc install estout, replace
checking estout consistency and verifying not already installed...
all files already exist and are up to date.

. ssc install coefplot, replace
checking coefplot consistency and verifying not already installed...
all files already exist and are up to date.

. 
. * Install ftools (remove program if it existed previously)
. net install ftools, replace from("https://raw.githubusercontent.com/sergiocor
> reia/ftools/master/src/")
checking ftools consistency and verifying not already installed...
all files already exist and are up to date.

. 
. * Install reghdfe 6.x
. net install reghdfe, replace from("https://raw.githubusercontent.com/sergioco
> rreia/reghdfe/master/src/")
checking reghdfe consistency and verifying not already installed...
all files already exist and are up to date.

. 
. *************************************************
. *************** Decode Factors ******************
. *************************************************
. 
. * haven::write_dta stores R factors as labeled integers.
. * Decode year and ent to recover original numeric values.
. 
. foreach v in year ent {
  2.     capture decode `v', gen(_`v'_str)
  3.     if _rc == 0 {
  4.         destring _`v'_str, replace force
  5.         drop `v'
  6.         rename _`v'_str `v'
  7.     }
  8. }

. 
. *************************************************
. *********** Generate Log Incomes ****************
. *************************************************
. 
. gen lnw   = ln(ing_wages)            if ing_wages > 0
(206,957 missing values generated)

. gen lni   = ln(ing_lab)              if ing_lab > 0
(42,758 missing values generated)

. gen lnmon = ln(ing_mon)              if ing_mon > 0
(24,777 missing values generated)

. gen lnr   = ln(ing_rentas)          if ing_rentas > 0
(682,670 missing values generated)

. gen lnv   = ln(ing_ventas)          if ing_ventas > 0
(676,733 missing values generated)

. gen lno   = ln(ing_other)           if ing_other > 0
(565,544 missing values generated)

. gen lnn   = ln(ing_negocio)         if ing_negocio > 0
(546,587 missing values generated)

. gen lnnwi = ln(ing_non_wage_income) if ing_non_wage_income > 0
(523,909 missing values generated)

. gen lngt  = ln(ing_gov_transfers)   if ing_gov_transfers > 0
(583,326 missing values generated)

. gen lnfc  = ln(ing_fin_capital)     if ing_fin_capital > 0
(663,912 missing values generated)

. 
. *************************************************
. ************ Derived Variables ******************
. *************************************************
. 
. gen female = 1 - sexo

. gen edadsq = edad_pob * edad_pob

. 
. label variable lnw   "Log Wages"

. label variable lni   "Log Labor Income"

. label variable lnmon "Log Monetary Income"

. label variable lnr   "Log Rent Income"

. label variable lnv   "Log Sales Income"

. label variable lno   "Log Other Income"

. label variable lnn   "Log Business Income"

. label variable lnnwi "Log Non-Wage Income"

. label variable lngt  "Log Government Transfers"

. label variable lnfc  "Log Financial Capital Income"

. label variable post  "Post-Treatment (year > 2018)"

. label variable female "Female"

. label variable edadsq "Age Squared"

. 
. *************************************************
. ***************** Controls **********************
. *************************************************
. 
. global controls i.female edad_pob edadsq years_of_study hoursworked i.employe
> d

. 
end of do-file
(485,478 missing values generated)
(485,478 real changes made)
(MWFE estimator converged in 5 iterations)
note: 1bn.post is probably collinear with the fixed effects (all partialled-out
>  values are close to zero; tol = 1.0e-09)

HDFE Linear regression                            Number of obs   =    539,057
Absorbing 2 HDFE groups                           F(   8,   2656) =    4196.64
Statistics robust to heteroskedasticity           Prob > F        =     0.0000
                                                  R-squared       =     0.4345
                                                  Adj R-squared   =     0.4317
                                                  Within R-sq.    =     0.3163
Number of clusters (ubica_geo) =      2,657       Root MSE        =     0.9021

                          (Std. err. adjusted for 2,657 clusters in ubica_geo)
------------------------------------------------------------------------------
             |               Robust
         lni | Coefficient  std. err.      t    P>|t|     [95% conf. interval]
-------------+----------------------------------------------------------------
     1.treat |   -.530459   .0113984   -46.54   0.000    -.5528095   -.5081084
      1.post |          0  (omitted)
             |
  treat#post |
        1 1  |  -.0052663   .0128843    -0.41   0.683    -.0305306     .019998
             |
    1.female |  -.4184622   .0053836   -77.73   0.000    -.4290186   -.4079058
    edad_pob |   .0735591   .0006989   105.25   0.000     .0721886    .0749296
      edadsq |  -.0007591   7.74e-06   -98.02   0.000    -.0007742   -.0007439
years_of_s~y |   .0717315   .0006823   105.14   0.000     .0703937    .0730693
 hoursworked |   .0161293   .0001925    83.78   0.000     .0157518    .0165068
  1.employed |   .1208612   .0207771     5.82   0.000     .0801202    .1616022
       _cons |   5.852818   .0249676   234.42   0.000     5.803861    5.901776
------------------------------------------------------------------------------

Absorbed degrees of freedom:
-----------------------------------------------------+
 Absorbed FE | Categories  - Redundant  = Num. Coefs |
-------------+---------------------------------------|
   ubica_geo |      2657        2657           0    *|
        year |         5           1           4     |
-----------------------------------------------------+
* = FE nested within cluster; treated as redundant for DoF computation

added macro:
           e(controls) : "Y"

added macro:
          e(hastimefe) : "Y"

added macro:
         e(hasmunicfe) : "Y"
(dropped 31 singleton observations)
(MWFE estimator converged in 5 iterations)
note: 1bn.post is probably collinear with the fixed effects (all partialled-out
>  values are close to zero; tol = 1.0e-09)

HDFE Linear regression                            Number of obs   =    496,341
Absorbing 2 HDFE groups                           F(   8,   2553) =    4113.39
Statistics robust to heteroskedasticity           Prob > F        =     0.0000
                                                  R-squared       =     0.4065
                                                  Adj R-squared   =     0.4034
                                                  Within R-sq.    =     0.3117
Number of clusters (ubica_geo) =      2,554       Root MSE        =     0.8843

                          (Std. err. adjusted for 2,554 clusters in ubica_geo)
------------------------------------------------------------------------------
             |               Robust
         lni | Coefficient  std. err.      t    P>|t|     [95% conf. interval]
-------------+----------------------------------------------------------------
     1.treat |  -.4899787   .0111047   -44.12   0.000    -.5117537   -.4682036
      1.post |          0  (omitted)
             |
  treat#post |
        1 1  |  -.0179116   .0126993    -1.41   0.159    -.0428137    .0069904
             |
    1.female |  -.4098385    .005292   -77.45   0.000    -.4202155   -.3994615
    edad_pob |   .0736899   .0007271   101.35   0.000     .0722641    .0751156
      edadsq |  -.0007583   8.04e-06   -94.29   0.000    -.0007741   -.0007426
years_of_s~y |   .0717686   .0006941   103.40   0.000     .0704075    .0731297
 hoursworked |   .0159479   .0001929    82.67   0.000     .0155696    .0163261
  1.employed |   .1465027   .0211567     6.92   0.000     .1050167    .1879886
       _cons |   5.853541   .0260999   224.27   0.000     5.802362    5.904721
------------------------------------------------------------------------------

Absorbed degrees of freedom:
-----------------------------------------------------+
 Absorbed FE | Categories  - Redundant  = Num. Coefs |
-------------+---------------------------------------|
   ubica_geo |      2554        2554           0    *|
        year |         5           1           4     |
-----------------------------------------------------+
* = FE nested within cluster; treated as redundant for DoF computation

added macro:
           e(controls) : "Y"

added macro:
          e(hastimefe) : "Y"

added macro:
         e(hasmunicfe) : "Y"
(dropped 69 singleton observations)
(MWFE estimator converged in 5 iterations)
note: 1bn.post is probably collinear with the fixed effects (all partialled-out
>  values are close to zero; tol = 1.0e-09)

HDFE Linear regression                            Number of obs   =    373,557
Absorbing 2 HDFE groups                           F(   8,   2460) =    3877.15
Statistics robust to heteroskedasticity           Prob > F        =     0.0000
                                                  R-squared       =     0.4015
                                                  Adj R-squared   =     0.3976
                                                  Within R-sq.    =     0.3100
Number of clusters (ubica_geo) =      2,461       Root MSE        =     0.8646

                          (Std. err. adjusted for 2,461 clusters in ubica_geo)
------------------------------------------------------------------------------
             |               Robust
         lni | Coefficient  std. err.      t    P>|t|     [95% conf. interval]
-------------+----------------------------------------------------------------
     1.treat |  -.4606059   .0119136   -38.66   0.000    -.4839677   -.4372441
      1.post |          0  (omitted)
             |
  treat#post |
        1 1  |  -.0210749   .0141179    -1.49   0.136    -.0487591    .0066094
             |
    1.female |   -.395262   .0054629   -72.35   0.000    -.4059744   -.3845497
    edad_pob |   .0727062   .0007836    92.79   0.000     .0711696    .0742428
      edadsq |  -.0007482   8.81e-06   -84.96   0.000    -.0007654   -.0007309
years_of_s~y |   .0735458   .0007348   100.08   0.000     .0721049    .0749868
 hoursworked |   .0157335   .0002005    78.49   0.000     .0153405    .0161266
  1.employed |   .1667128    .024246     6.88   0.000      .119168    .2142575
       _cons |   5.881867   .0293179   200.62   0.000     5.824377    5.939357
------------------------------------------------------------------------------

Absorbed degrees of freedom:
-----------------------------------------------------+
 Absorbed FE | Categories  - Redundant  = Num. Coefs |
-------------+---------------------------------------|
   ubica_geo |      2461        2461           0    *|
        year |         5           1           4     |
-----------------------------------------------------+
* = FE nested within cluster; treated as redundant for DoF computation

added macro:
           e(controls) : "Y"

added macro:
          e(hastimefe) : "Y"

added macro:
         e(hasmunicfe) : "Y"
(dropped 317 singleton observations)
(MWFE estimator converged in 5 iterations)
note: 1bn.post is probably collinear with the fixed effects (all partialled-out
>  values are close to zero; tol = 1.0e-09)

HDFE Linear regression                            Number of obs   =     42,368
Absorbing 2 HDFE groups                           F(   8,   1230) =     762.70
Statistics robust to heteroskedasticity           Prob > F        =     0.0000
                                                  R-squared       =     0.4797
                                                  Adj R-squared   =     0.4640
                                                  Within R-sq.    =     0.3437
Number of clusters (ubica_geo) =      1,231       Root MSE        =     1.0658

                          (Std. err. adjusted for 1,231 clusters in ubica_geo)
------------------------------------------------------------------------------
             |               Robust
         lni | Coefficient  std. err.      t    P>|t|     [95% conf. interval]
-------------+----------------------------------------------------------------
     1.treat |  -.8666984   .0312061   -27.77   0.000    -.9279213   -.8054754
      1.post |          0  (omitted)
             |
  treat#post |
        1 1  |   .0742547   .0369207     2.01   0.045     .0018201    .1466893
             |
    1.female |  -.5251439   .0174998   -30.01   0.000    -.5594767   -.4908112
    edad_pob |   .0683471   .0019858    34.42   0.000     .0644512     .072243
      edadsq |  -.0007374   .0000213   -34.56   0.000    -.0007792   -.0006955
years_of_s~y |   .0545165   .0019563    27.87   0.000     .0506784    .0583546
 hoursworked |   .0174178    .000478    36.44   0.000     .0164801    .0183555
  1.employed |   -.163569   .0822644    -1.99   0.047     -.324963   -.0021749
       _cons |   6.126833   .0900395    68.05   0.000     5.950185    6.303481
------------------------------------------------------------------------------

Absorbed degrees of freedom:
-----------------------------------------------------+
 Absorbed FE | Categories  - Redundant  = Num. Coefs |
-------------+---------------------------------------|
   ubica_geo |      1231        1231           0    *|
        year |         5           1           4     |
-----------------------------------------------------+
* = FE nested within cluster; treated as redundant for DoF computation

added macro:
           e(controls) : "Y"

added macro:
          e(hastimefe) : "Y"

added macro:
         e(hasmunicfe) : "Y"
(dropped 48 singleton observations)
(MWFE estimator converged in 5 iterations)
note: 1bn.post is probably collinear with the fixed effects (all partialled-out
>  values are close to zero; tol = 1.0e-09)

HDFE Linear regression                            Number of obs   =    165,383
Absorbing 2 HDFE groups                           F(   8,   2535) =    1997.52
Statistics robust to heteroskedasticity           Prob > F        =     0.0000
                                                  R-squared       =     0.4497
                                                  Adj R-squared   =     0.4411
                                                  Within R-sq.    =     0.3265
Number of clusters (ubica_geo) =      2,536       Root MSE        =     0.9746

                          (Std. err. adjusted for 2,536 clusters in ubica_geo)
------------------------------------------------------------------------------
             |               Robust
         lni | Coefficient  std. err.      t    P>|t|     [95% conf. interval]
-------------+----------------------------------------------------------------
     1.treat |  -.6543376   .0167988   -38.95   0.000    -.6872784   -.6213968
      1.post |          0  (omitted)
             |
  treat#post |
        1 1  |     .00872   .0200515     0.43   0.664    -.0305991     .048039
             |
    1.female |  -.4686489   .0076723   -61.08   0.000    -.4836936   -.4536042
    edad_pob |   .0752489   .0011569    65.04   0.000     .0729803    .0775176
      edadsq |  -.0007843    .000013   -60.36   0.000    -.0008098   -.0007588
years_of_s~y |   .0636167    .001024    62.13   0.000     .0616087    .0656246
 hoursworked |   .0167555   .0002727    61.45   0.000     .0162209    .0172902
  1.employed |    .035627   .0342011     1.04   0.298     -.031438     .102692
       _cons |   5.827676   .0419624   138.88   0.000     5.745392     5.90996
------------------------------------------------------------------------------

Absorbed degrees of freedom:
-----------------------------------------------------+
 Absorbed FE | Categories  - Redundant  = Num. Coefs |
-------------+---------------------------------------|
   ubica_geo |      2536        2536           0    *|
        year |         5           1           4     |
-----------------------------------------------------+
* = FE nested within cluster; treated as redundant for DoF computation

added macro:
           e(controls) : "Y"

added macro:
          e(hastimefe) : "Y"

added macro:
         e(hasmunicfe) : "Y"
(output written to ../../paper/tables/did-income-negoc-year.tex)

. *************************************************
. *************** Read ENIGH Month ****************
. *************************************************
. 
. *** REPLICATION FILE: read-enighmonth
. *** STATA VERSION: StataNow 19.5
. *** AUTHORS: Matías Carrasco, Victor Ortega Le Hénanff
. *** DATE: 2026-03-20
. 
. *  Loads the monthly panel produced by
. *  code/build/enigh-month.do, harmonizes variable
. *  names to match read-enighyear.do interface.
. 
. *  Called inside foreach loops in analysis do-files:
. *     do read-enighmonth.do
. 
. *************************************************
. ****************** Load Data ********************
. *************************************************
. 
. use "../../data/clean/enigh/enigh-month.dta", clear

. 
. *************************************************
. ********** Harmonize Variable Names *************
. *************************************************
. 
. rename zona_a zlfn

. rename edad edad_pob

. rename indigenous etnia

. 
. gen female = 1 - gender

. 
. gen post = (year > 2018)

. label variable post "Post-Treatment (year > 2018)"

. label variable female "Female"

. 
. *************************************************
. ***************** Controls **********************
. *************************************************
. 
. global controls i.female edad_pob edadsq years_of_study hoursworked i.employe
> d

. 
end of do-file
(2,675,670 missing values generated)
(2,675,670 real changes made)
(MWFE estimator converged in 5 iterations)
note: 1bn.post is probably collinear with the fixed effects (all partialled-out
>  values are close to zero; tol = 1.0e-09)

HDFE Linear regression                            Number of obs   =  2,409,372
Absorbing 2 HDFE groups                           F(   8,   1624) =    3502.92
Statistics robust to heteroskedasticity           Prob > F        =     0.0000
                                                  R-squared       =     0.3795
                                                  Adj R-squared   =     0.3791
                                                  Within R-sq.    =     0.2647
Number of clusters (ubica_geo) =      1,625       Root MSE        =     0.8689

                          (Std. err. adjusted for 1,625 clusters in ubica_geo)
------------------------------------------------------------------------------
             |               Robust
         lni | Coefficient  std. err.      t    P>|t|     [95% conf. interval]
-------------+----------------------------------------------------------------
     1.treat |  -.4780419   .0096887   -49.34   0.000    -.4970455   -.4590383
      1.post |          0  (omitted)
             |
  treat#post |
        1 1  |   .0394506    .009326     4.23   0.000     .0211582    .0577429
             |
    1.female |  -.3110002   .0045487   -68.37   0.000    -.3199222   -.3020782
    edad_pob |   .0388154   .0006462    60.07   0.000      .037548    .0400829
      edadsq |  -.0003064   7.41e-06   -41.38   0.000     -.000321   -.0002919
years_of_s~y |   .0766912   .0008221    93.29   0.000     .0750787    .0783037
 hoursworked |    .012158   .0001585    76.71   0.000     .0118471    .0124688
             |
    employed |
   Employed  |  -.0197774   .0169804    -1.16   0.244    -.0530833    .0135285
       _cons |   6.835438    .023041   296.66   0.000     6.790245    6.880631
------------------------------------------------------------------------------

Absorbed degrees of freedom:
-----------------------------------------------------+
 Absorbed FE | Categories  - Redundant  = Num. Coefs |
-------------+---------------------------------------|
   ubica_geo |      1625        1625           0    *|
        year |         4           1           3     |
-----------------------------------------------------+
* = FE nested within cluster; treated as redundant for DoF computation

added macro:
           e(controls) : "Y"

added macro:
          e(hastimefe) : "Y"

added macro:
         e(hasmunicfe) : "Y"
(dropped 1 singleton observations)
(MWFE estimator converged in 5 iterations)
note: 1bn.post is probably collinear with the fixed effects (all partialled-out
>  values are close to zero; tol = 1.0e-09)

HDFE Linear regression                            Number of obs   =  2,213,935
Absorbing 2 HDFE groups                           F(   8,   1580) =    3401.83
Statistics robust to heteroskedasticity           Prob > F        =     0.0000
                                                  R-squared       =     0.3579
                                                  Adj R-squared   =     0.3574
                                                  Within R-sq.    =     0.2687
Number of clusters (ubica_geo) =      1,581       Root MSE        =     0.8473

                          (Std. err. adjusted for 1,581 clusters in ubica_geo)
------------------------------------------------------------------------------
             |               Robust
         lni | Coefficient  std. err.      t    P>|t|     [95% conf. interval]
-------------+----------------------------------------------------------------
     1.treat |  -.4455585   .0091883   -48.49   0.000    -.4635809    -.427536
      1.post |          0  (omitted)
             |
  treat#post |
        1 1  |   .0291783   .0092955     3.14   0.002     .0109454    .0474111
             |
    1.female |  -.3149196   .0046253   -68.09   0.000     -.323992   -.3058471
    edad_pob |     .04049   .0006578    61.55   0.000     .0391997    .0417802
      edadsq |  -.0003252   7.55e-06   -43.05   0.000      -.00034   -.0003104
years_of_s~y |   .0767942    .000822    93.43   0.000      .075182    .0784065
 hoursworked |   .0120672   .0001664    72.53   0.000     .0117409    .0123936
             |
    employed |
   Employed  |   .0252392   .0162411     1.55   0.120    -.0066171    .0570955
       _cons |   6.787673   .0217236   312.46   0.000     6.745063    6.830283
------------------------------------------------------------------------------

Absorbed degrees of freedom:
-----------------------------------------------------+
 Absorbed FE | Categories  - Redundant  = Num. Coefs |
-------------+---------------------------------------|
   ubica_geo |      1581        1581           0    *|
        year |         4           1           3     |
-----------------------------------------------------+
* = FE nested within cluster; treated as redundant for DoF computation

added macro:
           e(controls) : "Y"

added macro:
          e(hastimefe) : "Y"

added macro:
         e(hasmunicfe) : "Y"
(MWFE estimator converged in 5 iterations)
note: 1bn.post is probably collinear with the fixed effects (all partialled-out
>  values are close to zero; tol = 1.0e-09)

HDFE Linear regression                            Number of obs   =  1,630,781
Absorbing 2 HDFE groups                           F(   8,   1547) =    2984.64
Statistics robust to heteroskedasticity           Prob > F        =     0.0000
                                                  R-squared       =     0.3584
                                                  Adj R-squared   =     0.3578
                                                  Within R-sq.    =     0.2738
Number of clusters (ubica_geo) =      1,548       Root MSE        =     0.8300

                          (Std. err. adjusted for 1,548 clusters in ubica_geo)
------------------------------------------------------------------------------
             |               Robust
         lni | Coefficient  std. err.      t    P>|t|     [95% conf. interval]
-------------+----------------------------------------------------------------
     1.treat |  -.4243454   .0094678   -44.82   0.000    -.4429165   -.4057744
      1.post |          0  (omitted)
             |
  treat#post |
        1 1  |   .0294465   .0107494     2.74   0.006     .0083614    .0505315
             |
    1.female |  -.3109524   .0048924   -63.56   0.000    -.3205489    -.301356
    edad_pob |   .0407202   .0007606    53.54   0.000     .0392282    .0422122
      edadsq |  -.0003289   8.63e-06   -38.11   0.000    -.0003459    -.000312
years_of_s~y |   .0786984   .0008525    92.32   0.000     .0770263    .0803706
 hoursworked |   .0120531   .0001883    64.03   0.000     .0116838    .0124223
             |
    employed |
   Employed  |   .0569588   .0170416     3.34   0.001     .0235317     .090386
       _cons |   6.766676   .0242888   278.59   0.000     6.719034    6.814319
------------------------------------------------------------------------------

Absorbed degrees of freedom:
-----------------------------------------------------+
 Absorbed FE | Categories  - Redundant  = Num. Coefs |
-------------+---------------------------------------|
   ubica_geo |      1548        1548           0    *|
        year |         4           1           3     |
-----------------------------------------------------+
* = FE nested within cluster; treated as redundant for DoF computation

added macro:
           e(controls) : "Y"

added macro:
          e(hastimefe) : "Y"

added macro:
         e(hasmunicfe) : "Y"
(dropped 4 singleton observations)
(MWFE estimator converged in 5 iterations)
note: 1bn.post is probably collinear with the fixed effects (all partialled-out
>  values are close to zero; tol = 1.0e-09)

HDFE Linear regression                            Number of obs   =    195,432
Absorbing 2 HDFE groups                           F(   8,   1035) =     482.91
Statistics robust to heteroskedasticity           Prob > F        =     0.0000
                                                  R-squared       =     0.3629
                                                  Adj R-squared   =     0.3595
                                                  Within R-sq.    =     0.2189
Number of clusters (ubica_geo) =      1,036       Root MSE        =     1.0578

                          (Std. err. adjusted for 1,036 clusters in ubica_geo)
------------------------------------------------------------------------------
             |               Robust
         lni | Coefficient  std. err.      t    P>|t|     [95% conf. interval]
-------------+----------------------------------------------------------------
     1.treat |  -.7670979   .0278391   -27.55   0.000    -.8217254   -.7124704
      1.post |          0  (omitted)
             |
  treat#post |
        1 1  |   .0961135   .0292417     3.29   0.001     .0387338    .1534932
             |
    1.female |  -.2746478   .0185374   -14.82   0.000    -.3110229   -.2382726
    edad_pob |    .024323   .0019995    12.16   0.000     .0203995    .0282464
      edadsq |  -.0001608   .0000206    -7.80   0.000    -.0002012   -.0001204
years_of_s~y |   .0623768   .0019861    31.41   0.000     .0584796    .0662741
 hoursworked |   .0124863   .0003282    38.04   0.000     .0118423    .0131304
             |
    employed |
   Employed  |  -.4521562   .0361272   -12.52   0.000    -.5230471   -.3812652
       _cons |   7.411402   .0607774   121.94   0.000     7.292141    7.530663
------------------------------------------------------------------------------

Absorbed degrees of freedom:
-----------------------------------------------------+
 Absorbed FE | Categories  - Redundant  = Num. Coefs |
-------------+---------------------------------------|
   ubica_geo |      1036        1036           0    *|
        year |         4           1           3     |
-----------------------------------------------------+
* = FE nested within cluster; treated as redundant for DoF computation

added macro:
           e(controls) : "Y"

added macro:
          e(hastimefe) : "Y"

added macro:
         e(hasmunicfe) : "Y"
(MWFE estimator converged in 5 iterations)
note: 1bn.post is probably collinear with the fixed effects (all partialled-out
>  values are close to zero; tol = 1.0e-09)

HDFE Linear regression                            Number of obs   =    778,591
Absorbing 2 HDFE groups                           F(   8,   1599) =    1691.85
Statistics robust to heteroskedasticity           Prob > F        =     0.0000
                                                  R-squared       =     0.3735
                                                  Adj R-squared   =     0.3722
                                                  Within R-sq.    =     0.2463
Number of clusters (ubica_geo) =      1,600       Root MSE        =     0.9375

                          (Std. err. adjusted for 1,600 clusters in ubica_geo)
------------------------------------------------------------------------------
             |               Robust
         lni | Coefficient  std. err.      t    P>|t|     [95% conf. interval]
-------------+----------------------------------------------------------------
     1.treat |  -.5750575   .0135455   -42.45   0.000    -.6016264   -.5484887
      1.post |          0  (omitted)
             |
  treat#post |
        1 1  |   .0491861   .0147469     3.34   0.001     .0202609    .0781114
             |
    1.female |  -.3102771   .0069389   -44.72   0.000    -.3238873   -.2966669
    edad_pob |   .0356863   .0009207    38.76   0.000     .0338805    .0374922
      edadsq |  -.0002741   .0000105   -26.00   0.000    -.0002948   -.0002534
years_of_s~y |    .069658   .0011785    59.11   0.000     .0673464    .0719695
 hoursworked |   .0122685   .0001824    67.24   0.000     .0119106    .0126263
             |
    employed |
   Employed  |  -.1583743   .0240725    -6.58   0.000    -.2055912   -.1111574
       _cons |   6.979188   .0329786   211.63   0.000     6.914502    7.043874
------------------------------------------------------------------------------

Absorbed degrees of freedom:
-----------------------------------------------------+
 Absorbed FE | Categories  - Redundant  = Num. Coefs |
-------------+---------------------------------------|
   ubica_geo |      1600        1600           0    *|
        year |         4           1           3     |
-----------------------------------------------------+
* = FE nested within cluster; treated as redundant for DoF computation

added macro:
           e(controls) : "Y"

added macro:
          e(hastimefe) : "Y"

added macro:
         e(hasmunicfe) : "Y"
(output written to ../../paper/tables/did-income-negoc-month.tex)

. 
. cap log close
