-------------------------------------------------------------------------------
      name:  <unnamed>
       log:  /Users/victorortega/Library/CloudStorage/Dropbox/CarrascoOrtega-mi
> nwage/code/estimate/log/did-wage-deciles.log
  log type:  text
 opened on:  28 Mar 2026, 15:31:16

. 
. *************************************************
. ***** DiD: Wages by Income Decile ***************
. **** Columns: All / Formal / Informal ***********
. **** Rows:    Deciles 1–9 (10 = baseline) *******
. *************************************************
. 
. foreach ds in year month {
  2. 
. do read-enigh`ds'.do
  3. estimates clear
  4. 
. *************************************************
. ************* Informality Proxy *****************
. *************************************************
. 
. *** Year data: informal comes from CONEVAL merge (pea==1 & ss_dir==0)
. *** Month data: proxy via absence of SAR/AFORE on main job
. 
. if "`ds'" == "month" {
  5.     cap gen informal = (sar_afore1 != 1) if employed == 1
  6. }
  7. 
. *************************************************
. ************** Income Deciles *******************
. *************************************************
. 
. xtile decile = lni, nq(10)
  8. 
. *************************************************
. *** Build keeplist and coeflabels from loop ****
. *************************************************
. 
. local keeplist ""
  9. local coeflabels ""
 10. forvalues d = 1/9 {
 11.     local keeplist   `keeplist'   `d'.decile#1.zlfn#1.post
 12.     local coeflabels `coeflabels' `d'.decile#1.zlfn#1.post "\hspace{1em}De
> cile `d'"
 13. }
 14. 
. *************************************************
. ******* Regressions: All Workers ****************
. *************************************************
. 
. reghdfe lnw ibn.decile##(i.zlfn##i.post) $controls, absorb(ubica_geo year) vc
> e(cluster ubica_geo)
 15.      eststo c1
 16.      estadd local controls       "Y"
 17.      estadd local hastimefe      "Y"
 18.      estadd local hasmunicfe     "Y"
 19. 
. *************************************************
. ****** Regressions: Formal Workers **************
. *************************************************
. 
. reghdfe lnw ibn.decile##(i.zlfn##i.post) $controls if informal == 0, absorb(u
> bica_geo year) vce(cluster ubica_geo)
 20.      eststo c2
 21.      estadd local controls       "Y"
 22.      estadd local hastimefe      "Y"
 23.      estadd local hasmunicfe     "Y"
 24. 
. *************************************************
. ****** Regressions: Informal Workers ************
. *************************************************
. 
. reghdfe lnw ibn.decile##(i.zlfn##i.post) $controls if informal == 1, absorb(u
> bica_geo year) vce(cluster ubica_geo)
 25.      eststo c3
 26.      estadd local controls       "Y"
 27.      estadd local hastimefe      "Y"
 28.      estadd local hasmunicfe     "Y"
 29. 
. *************************************************
. *************** Export TeX Table ****************
. *************************************************
. 
. esttab c1 c2 c3 ///
>     using "../../paper/tables/did-wage-deciles-`ds'.tex", replace label fragm
> ent ///
>     nolines posthead(\cmidrule{2-4}) prefoot(\midrule) ///
>     postfoot(\bottomrule \bottomrule) booktabs ///
>     nonumbers mtitle("(1)" "(2)" "(3)") collabels(none) ///
>     cells(b(star fmt(%9.3f)) se(par fmt(%9.3f))) ///
>     starlevels(* 0.10 ** 0.05 *** 0.01) ///
>     refcat(1.decile#1.zlfn#1.post "ZLFN $\times$ 2016--2024", nolabel) ///
>     keep(`keeplist') ///
>     coeflabel(`coeflabels') ///
>     stats(N controls hastimefe hasmunicfe, ///
>         fmt(%11.0gc) label("Observations" "Controls" "Time FE" "Municipal FE"
> )) onecell
 30. 
. }

. *************************************************
. *************** Read ENIGH Year *****************
. *************************************************
. 
. *** REPLICATION FILE: read-enighyear
. *** STATA VERSION: StataNow 19.5
. *** AUTHORS: Matías Carrasco, Victor Ortega Le Hénanff
. *** DATE: 2026-03-03
. 
. *  Loads the yearly cross-section produced by
. *  data/clean/code/enigh-year.R, generates derived
. *  variables and sets the $controls global.
. 
. *  Called by every analysis do-file:
. *     do read-enighyear.do
. 
. *************************************************
. ****************** Load Data ********************
. *************************************************
. 
. use "../../data/clean/enigh/enigh-year.dta", clear

. 
. ssc install require, replace
checking require consistency and verifying not already installed...
all files already exist and are up to date.

. ssc install estout, replace
checking estout consistency and verifying not already installed...
all files already exist and are up to date.

. ssc install coefplot, replace
checking coefplot consistency and verifying not already installed...
all files already exist and are up to date.

. 
. * Install ftools (remove program if it existed previously)
. net install ftools, replace from("https://raw.githubusercontent.com/sergiocor
> reia/ftools/master/src/")
checking ftools consistency and verifying not already installed...
all files already exist and are up to date.

. 
. * Install reghdfe 6.x
. net install reghdfe, replace from("https://raw.githubusercontent.com/sergioco
> rreia/reghdfe/master/src/")
checking reghdfe consistency and verifying not already installed...
all files already exist and are up to date.

. 
. *************************************************
. *************** Decode Factors ******************
. *************************************************
. 
. * haven::write_dta stores R factors as labeled integers.
. * Decode year and ent to recover original numeric values.
. 
. foreach v in year ent {
  2.     capture decode `v', gen(_`v'_str)
  3.     if _rc == 0 {
  4.         destring _`v'_str, replace force
  5.         drop `v'
  6.         rename _`v'_str `v'
  7.     }
  8. }

. 
. *************************************************
. *********** Generate Log Incomes ****************
. *************************************************
. 
. gen lnw   = ln(ing_wages)            if ing_wages > 0
(206,957 missing values generated)

. gen lni   = ln(ing_lab)              if ing_lab > 0
(42,758 missing values generated)

. gen lnmon = ln(ing_mon)              if ing_mon > 0
(24,777 missing values generated)

. gen lnr   = ln(ing_rentas)          if ing_rentas > 0
(682,670 missing values generated)

. gen lnv   = ln(ing_ventas)          if ing_ventas > 0
(676,733 missing values generated)

. gen lno   = ln(ing_other)           if ing_other > 0
(565,544 missing values generated)

. gen lnn   = ln(ing_negocio)         if ing_negocio > 0
(546,587 missing values generated)

. gen lnnwi = ln(ing_non_wage_income) if ing_non_wage_income > 0
(523,909 missing values generated)

. gen lngt  = ln(ing_gov_transfers)   if ing_gov_transfers > 0
(583,326 missing values generated)

. gen lnfc  = ln(ing_fin_capital)     if ing_fin_capital > 0
(663,912 missing values generated)

. 
. *************************************************
. ************ Derived Variables ******************
. *************************************************
. 
. gen female = 1 - sexo

. gen edadsq = edad_pob * edad_pob

. 
. label variable lnw   "Log Wages"

. label variable lni   "Log Labor Income"

. label variable lnmon "Log Monetary Income"

. label variable lnr   "Log Rent Income"

. label variable lnv   "Log Sales Income"

. label variable lno   "Log Other Income"

. label variable lnn   "Log Business Income"

. label variable lnnwi "Log Non-Wage Income"

. label variable lngt  "Log Government Transfers"

. label variable lnfc  "Log Financial Capital Income"

. label variable post  "Post-Treatment (year > 2018)"

. label variable female "Female"

. label variable edadsq "Age Squared"

. 
. *************************************************
. ***************** Controls **********************
. *************************************************
. 
. global controls i.female edad_pob edadsq years_of_study hoursworked i.employe
> d

. 
end of do-file
(dropped 7 singleton observations)
(MWFE estimator converged in 5 iterations)
note: 1bn.zlfn is probably collinear with the fixed effects (all partialled-out
>  values are close to zero; tol = 1.0e-09)
note: 1bn.post is probably collinear with the fixed effects (all partialled-out
>  values are close to zero; tol = 1.0e-09)
note: 10.decile omitted because of collinearity
note: 10o.decile#0b.zlfn omitted because of collinearity
note: 10o.decile#0b.post omitted because of collinearity
note: 10o.decile#0b.zlfn#0b.post omitted because of collinearity

HDFE Linear regression                            Number of obs   =    393,180
Absorbing 2 HDFE groups                           F(  43,   2646) =   24835.31
Statistics robust to heteroskedasticity           Prob > F        =     0.0000
                                                  R-squared       =     0.8319
                                                  Adj R-squared   =     0.8308
                                                  Within R-sq.    =     0.8065
Number of clusters (ubica_geo) =      2,647       Root MSE        =     0.3835

                          (Std. err. adjusted for 2,647 clusters in ubica_geo)
------------------------------------------------------------------------------
             |               Robust
         lnw | Coefficient  std. err.      t    P>|t|     [95% conf. interval]
-------------+----------------------------------------------------------------
      decile |
          1  |  -3.823142   .0133074  -287.29   0.000    -3.849236   -3.797048
          2  |  -2.589189   .0101559  -254.94   0.000    -2.609103   -2.569274
          3  |   -1.93589   .0096489  -200.63   0.000    -1.954811    -1.91697
          4  |  -1.550177    .009089  -170.55   0.000       -1.568   -1.532355
          5  |  -1.317825   .0090413  -145.76   0.000    -1.335554   -1.300096
          6  |  -1.128874   .0090097  -125.30   0.000    -1.146541   -1.111207
          7  |  -.9738004   .0092431  -105.35   0.000    -.9919248    -.955676
          8  |  -.7796314   .0097475   -79.98   0.000     -.798745   -.7605179
          9  |   -.541127    .009339   -57.94   0.000    -.5594395   -.5228145
         10  |          0  (omitted)
             |
      1.zlfn |          0  (omitted)
      1.post |          0  (omitted)
             |
   zlfn#post |
        1 1  |  -.0184958   .0243742    -0.76   0.448    -.0662902    .0292986
             |
 decile#zlfn |
        1 1  |   -.064077   .0732078    -0.88   0.382    -.2076274    .0794734
        2 1  |  -.0835164   .0360082    -2.32   0.020    -.1541235   -.0129093
        3 1  |  -.1342237   .0332616    -4.04   0.000     -.199445   -.0690023
        4 1  |  -.1042239   .0325197    -3.20   0.001    -.1679906   -.0404572
        5 1  |  -.1088141   .0292026    -3.73   0.000    -.1660763   -.0515518
        6 1  |  -.0792921   .0334789    -2.37   0.018    -.1449397   -.0136445
        7 1  |  -.0900771   .0356652    -2.53   0.012    -.1600117   -.0201426
        8 1  |  -.0805913   .0397784    -2.03   0.043    -.1585911   -.0025915
        9 1  |  -.0977632   .0368096    -2.66   0.008    -.1699416   -.0255847
       10 1  |          0  (omitted)
             |
 decile#post |
        1 1  |   .0974621   .0152709     6.38   0.000     .0675179    .1274062
        2 1  |   .0729591   .0109151     6.68   0.000      .051556    .0943621
        3 1  |   .0516875   .0103133     5.01   0.000     .0314646    .0719104
        4 1  |   .0468902    .009601     4.88   0.000     .0280639    .0657165
        5 1  |   .0571563   .0094189     6.07   0.000     .0386872    .0756254
        6 1  |   .0522281   .0095153     5.49   0.000     .0335699    .0708863
        7 1  |   .0544812   .0097011     5.62   0.000     .0354586    .0735038
        8 1  |   .0396236   .0100917     3.93   0.000     .0198352     .059412
        9 1  |   .0433401   .0098186     4.41   0.000     .0240872    .0625929
       10 1  |          0  (omitted)
             |
 decile#zlfn#|
        post |
      1 1 1  |   .0154079   .0804446     0.19   0.848    -.1423327    .1731486
      2 1 1  |  -.0000512    .033984    -0.00   0.999    -.0666892    .0665867
      3 1 1  |    .032915   .0256385     1.28   0.199    -.0173585    .0831885
      4 1 1  |   .0081545    .032977     0.25   0.805    -.0565087    .0728178
      5 1 1  |   .0443814   .0245839     1.81   0.071    -.0038243     .092587
      6 1 1  |   .0156298   .0243832     0.64   0.522    -.0321823    .0634419
      7 1 1  |   .0269778   .0255127     1.06   0.290    -.0230491    .0770046
      8 1 1  |   .0368082   .0289498     1.27   0.204    -.0199583    .0935747
      9 1 1  |   .0362764   .0281663     1.29   0.198    -.0189538    .0915066
     10 1 1  |          0  (omitted)
             |
    1.female |  -.0103337   .0016216    -6.37   0.000    -.0135135    -.007154
    edad_pob |    .003894   .0002909    13.38   0.000     .0033236    .0044645
      edadsq |  -.0000146   3.36e-06    -4.35   0.000    -.0000212   -8.03e-06
years_of_s~y |   .0080553   .0002735    29.46   0.000     .0075191    .0085916
 hoursworked |   .0006258   .0000578    10.83   0.000     .0005125    .0007392
  1.employed |  -.0144826   .0069913    -2.07   0.038    -.0281916   -.0007737
       _cons |   9.726517   .0115404   842.82   0.000     9.703888    9.749146
------------------------------------------------------------------------------

Absorbed degrees of freedom:
-----------------------------------------------------+
 Absorbed FE | Categories  - Redundant  = Num. Coefs |
-------------+---------------------------------------|
   ubica_geo |      2647        2647           0    *|
        year |         5           1           4     |
-----------------------------------------------------+
* = FE nested within cluster; treated as redundant for DoF computation

added macro:
           e(controls) : "Y"

added macro:
          e(hastimefe) : "Y"

added macro:
         e(hasmunicfe) : "Y"
(dropped 182 singleton observations)
(MWFE estimator converged in 5 iterations)
note: 1bn.zlfn is probably collinear with the fixed effects (all partialled-out
>  values are close to zero; tol = 1.0e-09)
note: 1bn.post is probably collinear with the fixed effects (all partialled-out
>  values are close to zero; tol = 1.0e-09)
note: 10.decile omitted because of collinearity
note: 10o.decile#0b.zlfn omitted because of collinearity
note: 10o.decile#0b.post omitted because of collinearity
note: 10o.decile#0b.zlfn#0b.post omitted because of collinearity

HDFE Linear regression                            Number of obs   =    198,841
Absorbing 2 HDFE groups                           F(  43,   2224) =   11529.72
Statistics robust to heteroskedasticity           Prob > F        =     0.0000
                                                  R-squared       =     0.7833
                                                  Adj R-squared   =     0.7808
                                                  Within R-sq.    =     0.7669
Number of clusters (ubica_geo) =      2,225       Root MSE        =     0.3256

                          (Std. err. adjusted for 2,225 clusters in ubica_geo)
------------------------------------------------------------------------------
             |               Robust
         lnw | Coefficient  std. err.      t    P>|t|     [95% conf. interval]
-------------+----------------------------------------------------------------
      decile |
          1  |  -3.675084   .0289346  -127.01   0.000    -3.731826   -3.618343
          2  |  -2.583081   .0143509  -179.99   0.000    -2.611223   -2.554938
          3  |  -1.925308   .0115564  -166.60   0.000     -1.94797   -1.902645
          4  |  -1.534878   .0086542  -177.36   0.000    -1.551849   -1.517907
          5  |  -1.295144   .0083459  -155.18   0.000    -1.311511   -1.278778
          6  |  -1.114457   .0080701  -138.10   0.000    -1.130282   -1.098631
          7  |  -.9578442    .007899  -121.26   0.000    -.9733344    -.942354
          8  |  -.7647475   .0085823   -89.11   0.000    -.7815778   -.7479173
          9  |  -.5268871   .0077492   -67.99   0.000    -.5420834   -.5116907
         10  |          0  (omitted)
             |
      1.zlfn |          0  (omitted)
      1.post |          0  (omitted)
             |
   zlfn#post |
        1 1  |  -.0137328   .0206686    -0.66   0.506    -.0542646    .0267991
             |
 decile#zlfn |
        1 1  |   .0890182   .0906157     0.98   0.326    -.0886821    .2667184
        2 1  |  -.0184617   .0355982    -0.52   0.604    -.0882709    .0513475
        3 1  |  -.0507374   .0248323    -2.04   0.041    -.0994343   -.0020406
        4 1  |  -.0468633   .0347354    -1.35   0.177    -.1149805    .0212538
        5 1  |  -.0506057   .0283997    -1.78   0.075    -.1062985    .0050871
        6 1  |  -.0034357   .0241328    -0.14   0.887    -.0507608    .0438895
        7 1  |  -.0208322    .028737    -0.72   0.469    -.0771864     .035522
        8 1  |  -.0156721   .0319389    -0.49   0.624    -.0783053     .046961
        9 1  |  -.0337797   .0303758    -1.11   0.266    -.0933475    .0257881
       10 1  |          0  (omitted)
             |
 decile#post |
        1 1  |    .076586   .0369713     2.07   0.038     .0040841     .149088
        2 1  |   .0594702   .0163952     3.63   0.000     .0273187    .0916217
        3 1  |    .012907   .0129595     1.00   0.319     -.012507     .038321
        4 1  |   .0315972   .0096079     3.29   0.001     .0127558    .0504387
        5 1  |   .0403744   .0089097     4.53   0.000     .0229023    .0578465
        6 1  |   .0447474   .0083173     5.38   0.000      .028437    .0610579
        7 1  |   .0429413   .0083662     5.13   0.000      .026535    .0593476
        8 1  |   .0255358   .0085164     3.00   0.003     .0088348    .0422368
        9 1  |   .0365308   .0082119     4.45   0.000      .020427    .0526345
       10 1  |          0  (omitted)
             |
 decile#zlfn#|
        post |
      1 1 1  |  -.1891323   .1207922    -1.57   0.118    -.4260097     .047745
      2 1 1  |   .0087138   .0445286     0.20   0.845    -.0786082    .0960358
      3 1 1  |   .0239801   .0249204     0.96   0.336    -.0248897    .0728498
      4 1 1  |   .0034155   .0492528     0.07   0.945    -.0931706    .1000017
      5 1 1  |   .0440026   .0380331     1.16   0.247    -.0305814    .1185867
      6 1 1  |  -.0097278   .0247916    -0.39   0.695    -.0583449    .0388893
      7 1 1  |   .0229037   .0224877     1.02   0.309    -.0211955    .0670028
      8 1 1  |   .0498516   .0267033     1.87   0.062    -.0025144    .1022176
      9 1 1  |   .0334368   .0251923     1.33   0.185    -.0159661    .0828398
     10 1 1  |          0  (omitted)
             |
    1.female |  -.0124728    .001751    -7.12   0.000    -.0159067    -.009039
    edad_pob |   .0046168   .0004482    10.30   0.000     .0037378    .0054958
      edadsq |  -.0000149   5.15e-06    -2.89   0.004     -.000025   -4.77e-06
years_of_s~y |   .0113062   .0003679    30.73   0.000     .0105847    .0120277
 hoursworked |  -.0004517   .0000708    -6.38   0.000    -.0005906   -.0003128
  1.employed |   .0152625    .007213     2.12   0.034     .0011175    .0294075
       _cons |   9.676026    .014073   687.56   0.000     9.648428    9.703624
------------------------------------------------------------------------------

Absorbed degrees of freedom:
-----------------------------------------------------+
 Absorbed FE | Categories  - Redundant  = Num. Coefs |
-------------+---------------------------------------|
   ubica_geo |      2225        2225           0    *|
        year |         5           1           4     |
-----------------------------------------------------+
* = FE nested within cluster; treated as redundant for DoF computation

added macro:
           e(controls) : "Y"

added macro:
          e(hastimefe) : "Y"

added macro:
         e(hasmunicfe) : "Y"
(dropped 14 singleton observations)
(MWFE estimator converged in 5 iterations)
note: 1bn.zlfn is probably collinear with the fixed effects (all partialled-out
>  values are close to zero; tol = 1.0e-09)
note: 1bn.post is probably collinear with the fixed effects (all partialled-out
>  values are close to zero; tol = 1.0e-09)
note: 10.decile omitted because of collinearity
note: 10o.decile#0b.zlfn omitted because of collinearity
note: 10o.decile#0b.post omitted because of collinearity
note: 10o.decile#0b.zlfn#0b.post omitted because of collinearity

HDFE Linear regression                            Number of obs   =    194,150
Absorbing 2 HDFE groups                           F(  43,   2633) =   18138.47
Statistics robust to heteroskedasticity           Prob > F        =     0.0000
                                                  R-squared       =     0.8096
                                                  Adj R-squared   =     0.8070
                                                  Within R-sq.    =     0.7842
Number of clusters (ubica_geo) =      2,634       Root MSE        =     0.4324

                          (Std. err. adjusted for 2,634 clusters in ubica_geo)
------------------------------------------------------------------------------
             |               Robust
         lnw | Coefficient  std. err.      t    P>|t|     [95% conf. interval]
-------------+----------------------------------------------------------------
      decile |
          1  |  -3.798342   .0301604  -125.94   0.000    -3.857482   -3.739201
          2  |  -2.554797   .0287359   -88.91   0.000    -2.611144    -2.49845
          3  |  -1.909535   .0283053   -67.46   0.000    -1.965038   -1.854032
          4  |  -1.531267   .0284217   -53.88   0.000    -1.586998   -1.475536
          5  |  -1.309878   .0280692   -46.67   0.000    -1.364918   -1.254838
          6  |  -1.115023    .028785   -38.74   0.000    -1.171467    -1.05858
          7  |  -.9682733   .0287595   -33.67   0.000    -1.024667   -.9118799
          8  |  -.7791289   .0293999   -26.50   0.000    -.8367782   -.7214797
          9  |  -.5597456    .029981   -18.67   0.000    -.6185344   -.5009568
         10  |          0  (omitted)
             |
      1.zlfn |          0  (omitted)
      1.post |          0  (omitted)
             |
   zlfn#post |
        1 1  |    -.00731   .0504559    -0.14   0.885    -.1062472    .0916271
             |
 decile#zlfn |
        1 1  |  -.3157323   .1150063    -2.75   0.006    -.5412442   -.0902205
        2 1  |  -.2642673   .0727095    -3.63   0.000    -.4068408   -.1216938
        3 1  |  -.3268178   .0730443    -4.47   0.000    -.4700479   -.1835877
        4 1  |   -.276153   .0732097    -3.77   0.000    -.4197073   -.1325986
        5 1  |  -.2766436   .0679268    -4.07   0.000     -.409839   -.1434482
        6 1  |  -.2685623   .0726332    -3.70   0.000    -.4109863   -.1261384
        7 1  |  -.2585877   .0703836    -3.67   0.000    -.3966005   -.1205749
        8 1  |  -.2372282    .075765    -3.13   0.002    -.3857932   -.0886633
        9 1  |  -.2450208   .0750689    -3.26   0.001    -.3922208   -.0978208
       10 1  |          0  (omitted)
             |
 decile#post |
        1 1  |   .0983699   .0332631     2.96   0.003     .0331454    .1635944
        2 1  |   .0721804   .0313397     2.30   0.021     .0107275    .1336333
        3 1  |   .0569232    .031057     1.83   0.067    -.0039754    .1178218
        4 1  |   .0499963   .0312741     1.60   0.110    -.0113281    .1113206
        5 1  |   .0643803   .0309523     2.08   0.038     .0036869    .1250737
        6 1  |   .0526194   .0315133     1.67   0.095     -.009174    .1144127
        7 1  |   .0660835   .0313684     2.11   0.035     .0045744    .1275927
        8 1  |   .0589359    .032398     1.82   0.069    -.0045922     .122464
        9 1  |   .0515854   .0328178     1.57   0.116    -.0127659    .1159367
       10 1  |          0  (omitted)
             |
 decile#zlfn#|
        post |
      1 1 1  |   .0795869   .1085213     0.73   0.463    -.1332089    .2923826
      2 1 1  |  -.0115136   .0627416    -0.18   0.854    -.1345415    .1115143
      3 1 1  |   .0379516   .0611625     0.62   0.535    -.0819799    .1578831
      4 1 1  |  -.0027098   .0565491    -0.05   0.962    -.1135951    .1081754
      5 1 1  |   .0253708   .0500133     0.51   0.612    -.0726986    .1234403
      6 1 1  |   .0301845    .051955     0.58   0.561    -.0716924    .1320613
      7 1 1  |    .000846   .0538887     0.02   0.987    -.1048225    .1065145
      8 1 1  |  -.0134287    .056154    -0.24   0.811    -.1235391    .0966817
      9 1 1  |   .0397799    .061657     0.65   0.519    -.0811212    .1606811
     10 1 1  |          0  (omitted)
             |
    1.female |  -.0122307   .0024521    -4.99   0.000    -.0170389   -.0074225
    edad_pob |   .0037351    .000385     9.70   0.000     .0029802    .0044901
      edadsq |  -.0000239   4.62e-06    -5.18   0.000     -.000033   -.0000149
years_of_s~y |   .0035611   .0003191    11.16   0.000     .0029353    .0041868
 hoursworked |   .0014514    .000076    19.11   0.000     .0013025    .0016004
  1.employed |  -.0431655   .0177366    -2.43   0.015    -.0779447   -.0083864
       _cons |   9.765266   .0247494   394.57   0.000     9.716735    9.813796
------------------------------------------------------------------------------

Absorbed degrees of freedom:
-----------------------------------------------------+
 Absorbed FE | Categories  - Redundant  = Num. Coefs |
-------------+---------------------------------------|
   ubica_geo |      2634        2634           0    *|
        year |         5           1           4     |
-----------------------------------------------------+
* = FE nested within cluster; treated as redundant for DoF computation

added macro:
           e(controls) : "Y"

added macro:
          e(hastimefe) : "Y"

added macro:
         e(hasmunicfe) : "Y"
(output written to ../../paper/tables/did-wage-deciles-year.tex)

. *************************************************
. *************** Read ENIGH Month ****************
. *************************************************
. 
. *** REPLICATION FILE: read-enighmonth
. *** STATA VERSION: StataNow 19.5
. *** AUTHORS: Matías Carrasco, Victor Ortega Le Hénanff
. *** DATE: 2026-03-20
. 
. *  Loads the monthly panel produced by
. *  code/build/enigh-month.do, harmonizes variable
. *  names to match read-enighyear.do interface.
. 
. *  Called inside foreach loops in analysis do-files:
. *     do read-enighmonth.do
. 
. *************************************************
. ****************** Load Data ********************
. *************************************************
. 
. use "../../data/clean/enigh/enigh-month.dta", clear

. 
. *************************************************
. ********** Harmonize Variable Names *************
. *************************************************
. 
. rename zona_a zlfn

. rename edad edad_pob

. rename indigenous etnia

. 
. gen female = 1 - gender

. 
. gen post = (year > 2018)

. label variable post "Post-Treatment (year > 2018)"

. label variable female "Female"

. 
. *************************************************
. ***************** Controls **********************
. *************************************************
. 
. global controls i.female edad_pob edadsq years_of_study hoursworked i.employe
> d

. 
end of do-file
(MWFE estimator converged in 6 iterations)
note: 1bn.zlfn is probably collinear with the fixed effects (all partialled-out
>  values are close to zero; tol = 1.0e-09)
note: 1bn.post is probably collinear with the fixed effects (all partialled-out
>  values are close to zero; tol = 1.0e-09)
note: 10.decile omitted because of collinearity
note: 10o.decile#0b.zlfn omitted because of collinearity
note: 10o.decile#0b.post omitted because of collinearity
note: 10o.decile#0b.zlfn#0b.post omitted because of collinearity

HDFE Linear regression                            Number of obs   =  2,186,592
Absorbing 2 HDFE groups                           F(  43,   1764) =   19548.82
Statistics robust to heteroskedasticity           Prob > F        =     0.0000
                                                  R-squared       =     0.8029
                                                  Adj R-squared   =     0.8027
                                                  Within R-sq.    =     0.7700
Number of clusters (ubica_geo) =      1,765       Root MSE        =     0.3325

                          (Std. err. adjusted for 1,765 clusters in ubica_geo)
------------------------------------------------------------------------------
             |               Robust
         lnw | Coefficient  std. err.      t    P>|t|     [95% conf. interval]
-------------+----------------------------------------------------------------
      decile |
          1  |  -2.934897   .0118279  -248.13   0.000    -2.958095   -2.911699
          2  |  -2.090886   .0103004  -202.99   0.000    -2.111088   -2.070683
          3  |  -1.567953   .0098155  -159.74   0.000    -1.587204   -1.548702
          4  |  -1.257036   .0094458  -133.08   0.000    -1.275562    -1.23851
          5  |  -1.054721   .0094831  -111.22   0.000    -1.073321   -1.036122
          6  |  -.9002509   .0092437   -97.39   0.000    -.9183806   -.8821211
          7  |  -.7656105   .0093535   -81.85   0.000    -.7839556   -.7472654
          8  |  -.5971703   .0092685   -64.43   0.000    -.6153486    -.578992
          9  |  -.4114334   .0089277   -46.09   0.000    -.4289433   -.3939235
         10  |          0  (omitted)
             |
      1.zlfn |          0  (omitted)
      1.post |          0  (omitted)
             |
   zlfn#post |
        1 1  |  -.0205566   .0220036    -0.93   0.350    -.0637124    .0225992
             |
 decile#zlfn |
        1 1  |  -.1964919   .0527222    -3.73   0.000    -.2998966   -.0930873
        2 1  |  -.1775037   .0396914    -4.47   0.000    -.2553508   -.0996566
        3 1  |  -.1848488   .0381082    -4.85   0.000    -.2595907   -.1101069
        4 1  |  -.1635254    .043832    -3.73   0.000    -.2494935   -.0775573
        5 1  |  -.1710367   .0415035    -4.12   0.000    -.2524379   -.0896355
        6 1  |  -.1769524   .0412301    -4.29   0.000    -.2578174   -.0960874
        7 1  |  -.1781429   .0425387    -4.19   0.000    -.2615744   -.0947113
        8 1  |  -.1870137   .0421949    -4.43   0.000     -.269771   -.1042564
        9 1  |   -.175775   .0380843    -4.62   0.000    -.2504701   -.1010798
       10 1  |          0  (omitted)
             |
 decile#post |
        1 1  |    .017069   .0120301     1.42   0.156    -.0065256    .0406637
        2 1  |   .0605467   .0083694     7.23   0.000     .0441317    .0769617
        3 1  |   .0187875   .0073095     2.57   0.010     .0044513    .0331237
        4 1  |    .016487   .0072689     2.27   0.023     .0022305    .0307436
        5 1  |   .0247648   .0071494     3.46   0.001     .0107427    .0387869
        6 1  |    .026239   .0069673     3.77   0.000     .0125739    .0399041
        7 1  |   .0416557    .007326     5.69   0.000     .0272871    .0560242
        8 1  |   .0300087   .0070679     4.25   0.000     .0161463    .0438711
        9 1  |   .0479347   .0077203     6.21   0.000     .0327928    .0630765
       10 1  |          0  (omitted)
             |
 decile#zlfn#|
        post |
      1 1 1  |   .0071686   .0743567     0.10   0.923     -.138668    .1530052
      2 1 1  |   .0152548   .0300563     0.51   0.612    -.0436949    .0742045
      3 1 1  |   .0317061   .0259831     1.22   0.223    -.0192548     .082667
      4 1 1  |  -.0067149   .0282835    -0.24   0.812    -.0621876    .0487577
      5 1 1  |   .0418273   .0239613     1.75   0.081    -.0051683    .0888229
      6 1 1  |     .06716   .0226763     2.96   0.003     .0226848    .1116352
      7 1 1  |   .0778546   .0254658     3.06   0.002     .0279083    .1278009
      8 1 1  |   .0991404   .0276984     3.58   0.000     .0448153    .1534655
      9 1 1  |   .0810051   .0235756     3.44   0.001      .034766    .1272442
     10 1 1  |          0  (omitted)
             |
    1.female |  -.0920449     .00149   -61.78   0.000    -.0949672   -.0891226
    edad_pob |   .0159634   .0003425    46.61   0.000     .0152916    .0166352
      edadsq |  -.0001875   4.39e-06   -42.67   0.000    -.0001961   -.0001789
years_of_s~y |   .0166821   .0004211    39.62   0.000     .0158562     .017508
 hoursworked |   .0022435   .0000724    30.97   0.000     .0021014    .0023856
             |
    employed |
   Employed  |   .0000806   .0086382     0.01   0.993    -.0168616    .0170228
       _cons |   9.242913   .0153283   603.00   0.000     9.212849    9.272976
------------------------------------------------------------------------------

Absorbed degrees of freedom:
-----------------------------------------------------+
 Absorbed FE | Categories  - Redundant  = Num. Coefs |
-------------+---------------------------------------|
   ubica_geo |      1765        1765           0    *|
        year |         5           1           4     |
-----------------------------------------------------+
* = FE nested within cluster; treated as redundant for DoF computation

added macro:
           e(controls) : "Y"

added macro:
          e(hastimefe) : "Y"

added macro:
         e(hasmunicfe) : "Y"
(dropped 4 singleton observations)
(MWFE estimator converged in 6 iterations)
note: 1bn.zlfn is probably collinear with the fixed effects (all partialled-out
>  values are close to zero; tol = 1.0e-09)
note: 1bn.post is probably collinear with the fixed effects (all partialled-out
>  values are close to zero; tol = 1.0e-09)
note: 1bn.employed is probably collinear with the fixed effects (all partialled
> -out values are close to zero; tol = 1.0e-09)
note: 10.decile omitted because of collinearity
note: 10o.decile#0b.zlfn omitted because of collinearity
note: 10o.decile#0b.post omitted because of collinearity
note: 10o.decile#0b.zlfn#0b.post omitted because of collinearity

HDFE Linear regression                            Number of obs   =    914,156
Absorbing 2 HDFE groups                           F(  42,   1563) =    5006.84
Statistics robust to heteroskedasticity           Prob > F        =     0.0000
                                                  R-squared       =     0.6921
                                                  Adj R-squared   =     0.6915
                                                  Within R-sq.    =     0.6616
Number of clusters (ubica_geo) =      1,564       Root MSE        =     0.3126

                          (Std. err. adjusted for 1,564 clusters in ubica_geo)
------------------------------------------------------------------------------
             |               Robust
         lnw | Coefficient  std. err.      t    P>|t|     [95% conf. interval]
-------------+----------------------------------------------------------------
      decile |
          1  |  -2.858162   .0426302   -67.05   0.000     -2.94178   -2.774543
          2  |  -2.051773   .0173948  -117.95   0.000    -2.085893   -2.017654
          3  |  -1.493907   .0103859  -143.84   0.000    -1.514278   -1.473535
          4  |  -1.196469   .0093119  -128.49   0.000    -1.214735   -1.178204
          5  |  -1.008953   .0096368  -104.70   0.000    -1.027856   -.9900511
          6  |  -.8647861   .0091727   -94.28   0.000    -.8827781   -.8467941
          7  |  -.7286164   .0093671   -77.78   0.000    -.7469898    -.710243
          8  |  -.5674433   .0092937   -61.06   0.000    -.5856728   -.5492138
          9  |  -.3843513   .0085739   -44.83   0.000    -.4011688   -.3675337
         10  |          0  (omitted)
             |
      1.zlfn |          0  (omitted)
      1.post |          0  (omitted)
             |
   zlfn#post |
        1 1  |  -.0111829     .01593    -0.70   0.483    -.0424293    .0200636
             |
 decile#zlfn |
        1 1  |  -.0590209   .1175623    -0.50   0.616    -.2896174    .1715756
        2 1  |  -.1261325   .0421869    -2.99   0.003    -.2088814   -.0433836
        3 1  |  -.0768435   .0258631    -2.97   0.003    -.1275735   -.0261136
        4 1  |  -.0760259    .027622    -2.75   0.006    -.1302059   -.0218459
        5 1  |  -.0724134   .0248809    -2.91   0.004    -.1212169   -.0236099
        6 1  |  -.0713019   .0244254    -2.92   0.004    -.1192118    -.023392
        7 1  |   -.079293   .0251403    -3.15   0.002    -.1286053   -.0299807
        8 1  |  -.0972721   .0303109    -3.21   0.001    -.1567263   -.0378179
        9 1  |  -.0886873    .026144    -3.39   0.001    -.1399683   -.0374064
       10 1  |          0  (omitted)
             |
 decile#post |
        1 1  |  -.0609234    .057416    -1.06   0.289     -.173544    .0516972
        2 1  |   .0232532    .019591     1.19   0.235    -.0151742    .0616806
        3 1  |  -.0388607   .0107633    -3.61   0.000    -.0599726   -.0177487
        4 1  |   .0190251   .0080406     2.37   0.018     .0032535    .0347966
        5 1  |   .0254074    .007645     3.32   0.001     .0104119    .0404029
        6 1  |   .0297569   .0076315     3.90   0.000     .0147878     .044726
        7 1  |   .0346791   .0078255     4.43   0.000     .0193296    .0500287
        8 1  |   .0258197   .0072477     3.56   0.000     .0116035    .0400359
        9 1  |   .0396551   .0075156     5.28   0.000     .0249133    .0543968
       10 1  |          0  (omitted)
             |
 decile#zlfn#|
        post |
      1 1 1  |   .0501638   .1581839     0.32   0.751    -.2601112    .3604388
      2 1 1  |  -.0636811   .0672027    -0.95   0.343     -.195498    .0681357
      3 1 1  |  -.0360382   .0453868    -0.79   0.427    -.1250636    .0529871
      4 1 1  |  -.0259448    .023332    -1.11   0.266    -.0717102    .0198205
      5 1 1  |   .0387447   .0165643     2.34   0.019      .006254    .0712354
      6 1 1  |   .0560917   .0156043     3.59   0.000     .0254842    .0866992
      7 1 1  |   .0751844   .0183906     4.09   0.000     .0391115    .1112573
      8 1 1  |   .1034836   .0234296     4.42   0.000     .0575269    .1494403
      9 1 1  |   .0754777   .0180663     4.18   0.000      .040041    .1109144
     10 1 1  |          0  (omitted)
             |
    1.female |  -.0781191   .0020096   -38.87   0.000    -.0820608   -.0741773
    edad_pob |   .0088946   .0005177    17.18   0.000     .0078792    .0099101
      edadsq |  -.0000699   6.80e-06   -10.28   0.000    -.0000833   -.0000566
years_of_s~y |   .0262888   .0005722    45.94   0.000     .0251664    .0274112
 hoursworked |   .0004768   .0000656     7.26   0.000     .0003481    .0006055
             |
    employed |
   Employed  |          0  (omitted)
       _cons |    9.26946   .0129777   714.26   0.000     9.244004    9.294916
------------------------------------------------------------------------------

Absorbed degrees of freedom:
-----------------------------------------------------+
 Absorbed FE | Categories  - Redundant  = Num. Coefs |
-------------+---------------------------------------|
   ubica_geo |      1564        1564           0    *|
        year |         5           1           4     |
-----------------------------------------------------+
* = FE nested within cluster; treated as redundant for DoF computation

added macro:
           e(controls) : "Y"

added macro:
          e(hastimefe) : "Y"

added macro:
         e(hasmunicfe) : "Y"
(MWFE estimator converged in 6 iterations)
note: 1bn.zlfn is probably collinear with the fixed effects (all partialled-out
>  values are close to zero; tol = 1.0e-09)
note: 1bn.post is probably collinear with the fixed effects (all partialled-out
>  values are close to zero; tol = 1.0e-09)
note: 1bn.employed is probably collinear with the fixed effects (all partialled
> -out values are close to zero; tol = 1.0e-09)
note: 10.decile omitted because of collinearity
note: 10o.decile#0b.zlfn omitted because of collinearity
note: 10o.decile#0b.post omitted because of collinearity
note: 10o.decile#0b.zlfn#0b.post omitted because of collinearity

HDFE Linear regression                            Number of obs   =  1,264,146
Absorbing 2 HDFE groups                           F(  42,   1762) =   16155.51
Statistics robust to heteroskedasticity           Prob > F        =     0.0000
                                                  R-squared       =     0.8098
                                                  Adj R-squared   =     0.8096
                                                  Within R-sq.    =     0.7777
Number of clusters (ubica_geo) =      1,763       Root MSE        =     0.3384

                          (Std. err. adjusted for 1,763 clusters in ubica_geo)
------------------------------------------------------------------------------
             |               Robust
         lnw | Coefficient  std. err.      t    P>|t|     [95% conf. interval]
-------------+----------------------------------------------------------------
      decile |
          1  |  -2.907309   .0169969  -171.05   0.000    -2.940646   -2.873973
          2  |  -2.069932   .0159767  -129.56   0.000    -2.101267   -2.038597
          3  |  -1.561436   .0156534   -99.75   0.000    -1.592137   -1.530735
          4  |  -1.260609   .0155263   -81.19   0.000    -1.291061   -1.230157
          5  |  -1.056211    .015151   -69.71   0.000    -1.085927   -1.026495
          6  |  -.8969378    .015267   -58.75   0.000    -.9268812   -.8669945
          7  |  -.7694691   .0151825   -50.68   0.000    -.7992466   -.7396915
          8  |   -.599368   .0144885   -41.37   0.000    -.6277844   -.5709516
          9  |  -.4302842   .0149942   -28.70   0.000    -.4596925    -.400876
         10  |          0  (omitted)
             |
      1.zlfn |          0  (omitted)
      1.post |          0  (omitted)
             |
   zlfn#post |
        1 1  |  -.0985013   .0381623    -2.58   0.010    -.1733495    -.023653
             |
 decile#zlfn |
        1 1  |  -.4417771   .0802782    -5.50   0.000    -.5992277   -.2843265
        2 1  |  -.4080837   .0659342    -6.19   0.000    -.5374012   -.2787663
        3 1  |  -.4283329   .0629862    -6.80   0.000    -.5518685   -.3047973
        4 1  |  -.3998258   .0714616    -5.59   0.000    -.5399842   -.2596674
        5 1  |  -.4090832   .0704946    -5.80   0.000    -.5473451   -.2708214
        6 1  |    -.41062   .0701077    -5.86   0.000    -.5481231    -.273117
        7 1  |  -.3925628   .0733677    -5.35   0.000    -.5364596   -.2486659
        8 1  |  -.3845618   .0689051    -5.58   0.000    -.5197061   -.2494176
        9 1  |  -.3553523   .0673321    -5.28   0.000    -.4874115   -.2232931
       10 1  |          0  (omitted)
             |
 decile#post |
        1 1  |   .0146202   .0176587     0.83   0.408     -.020014    .0492543
        2 1  |   .0596038   .0144537     4.12   0.000     .0312556    .0879521
        3 1  |   .0242023   .0136774     1.77   0.077    -.0026234     .051028
        4 1  |    .019099   .0140258     1.36   0.173      -.00841     .046608
        5 1  |   .0223939   .0137362     1.63   0.103     -.004547    .0493348
        6 1  |   .0173832   .0136626     1.27   0.203    -.0094134    .0441799
        7 1  |    .041684   .0141651     2.94   0.003     .0139018    .0694662
        8 1  |   .0263398   .0137179     1.92   0.055    -.0005654    .0532449
        9 1  |   .0595352   .0155188     3.84   0.000      .029098    .0899724
       10 1  |          0  (omitted)
             |
 decile#zlfn#|
        post |
      1 1 1  |   .0831787   .0942122     0.88   0.377    -.1016008    .2679581
      2 1 1  |   .0945459   .0447388     2.11   0.035     .0067993    .1822926
      3 1 1  |   .1266764   .0365642     3.46   0.001     .0549625    .1983902
      4 1 1  |   .0746206   .0441785     1.69   0.091    -.0120272    .1612685
      5 1 1  |   .1149632   .0414872     2.77   0.006     .0335939    .1963325
      6 1 1  |   .1407006   .0390688     3.60   0.000     .0640746    .2173266
      7 1 1  |   .1328265   .0424643     3.13   0.002     .0495407    .2161122
      8 1 1  |   .1461182   .0385095     3.79   0.000      .070589    .2216473
      9 1 1  |   .1337153   .0405592     3.30   0.001      .054166    .2132646
     10 1 1  |          0  (omitted)
             |
    1.female |  -.1071851   .0021174   -50.62   0.000     -.111338   -.1030322
    edad_pob |   .0176157   .0004033    43.68   0.000     .0168247    .0184066
      edadsq |  -.0002283   5.15e-06   -44.32   0.000    -.0002384   -.0002182
years_of_s~y |   .0082918   .0003078    26.94   0.000     .0076881    .0088956
 hoursworked |   .0031814   .0000856    37.15   0.000     .0030134    .0033493
             |
    employed |
   Employed  |          0  (omitted)
       _cons |   9.291995    .013024   713.45   0.000     9.266451    9.317539
------------------------------------------------------------------------------

Absorbed degrees of freedom:
-----------------------------------------------------+
 Absorbed FE | Categories  - Redundant  = Num. Coefs |
-------------+---------------------------------------|
   ubica_geo |      1763        1763           0    *|
        year |         5           1           4     |
-----------------------------------------------------+
* = FE nested within cluster; treated as redundant for DoF computation

added macro:
           e(controls) : "Y"

added macro:
          e(hastimefe) : "Y"

added macro:
         e(hasmunicfe) : "Y"
(output written to ../../paper/tables/did-wage-deciles-month.tex)

. 
. cap log close
