-------------------------------------------------------------------------------
      name:  <unnamed>
       log:  /Users/victorortega/Library/CloudStorage/Dropbox/CarrascoOrtega-mi
> nwage/code/estimate/log/did-wage-ethnic.log
  log type:  text
 opened on:  28 Mar 2026, 15:29:01

. 
. *************************************************
. ******* DiD: Wages by Ethnicity *****************
. **** Col 1:   All (controls) ********************
. **** Col 2-3: Non-Ind (HLI / self-id) ***********
. **** Col 4-5: Ind (HLI / self-id) ***************
. *************************************************
. 
. foreach ds in year month {
  2. 
. do read-enigh`ds'.do
  3. estimates clear
  4. 
. *** All — with controls
. reghdfe lnw i.zlfn##i.post $controls, absorb(ubica_geo year) vce(cluster ubic
> a_geo)
  5.      eststo c1
  6.      estadd local controls       "Y"
  7.      estadd local hastimefe      "Y"
  8.      estadd local hasmunicfe     "Y"
  9. 
. *** Non-indigenous speakers — with controls
. reghdfe lnw i.zlfn##i.post $controls if indspeaker == 0, absorb(ubica_geo yea
> r) vce(cluster ubica_geo)
 10.      eststo c2
 11.      estadd local controls       "Y"
 12.      estadd local hastimefe      "Y"
 13.      estadd local hasmunicfe     "Y"
 14. 
. *** Non-indigenous (self-identified) — with controls
. reghdfe lnw i.zlfn##i.post $controls if etnia == 0, absorb(ubica_geo year) vc
> e(cluster ubica_geo)
 15.      eststo c3
 16.      estadd local controls       "Y"
 17.      estadd local hastimefe      "Y"
 18.      estadd local hasmunicfe     "Y"
 19. 
. *** Indigenous speakers — with controls
. reghdfe lnw i.zlfn##i.post $controls if indspeaker == 1, absorb(ubica_geo yea
> r) vce(cluster ubica_geo)
 20.      eststo c4
 21.      estadd local controls       "Y"
 22.      estadd local hastimefe      "Y"
 23.      estadd local hasmunicfe     "Y"
 24. 
. *** Indigenous (self-identified) — with controls
. reghdfe lnw i.zlfn##i.post $controls if etnia == 1, absorb(ubica_geo year) vc
> e(cluster ubica_geo)
 25.      eststo c5
 26.      estadd local controls       "Y"
 27.      estadd local hastimefe      "Y"
 28.      estadd local hasmunicfe     "Y"
 29. 
. *************************************************
. *************** Export TeX Table ****************
. *************************************************
. 
. esttab c1 c2 c3 c4 c5 ///
>     using "../../paper/tables/did-wage-ethnic-`ds'.tex", replace label fragme
> nt ///
>     nolines posthead(\cmidrule{2-6}) prefoot(\midrule) ///
>     postfoot(\bottomrule \bottomrule) booktabs ///
>     nonumbers mtitle("(1)" "(2)" "(3)" "(4)" "(5)") collabels(none) ///
>     cells(b(star fmt(%9.3f)) se(par fmt(%9.3f))) ///
>     starlevels(* 0.10 ** 0.05 *** 0.01) ///
>     refcat(1.zlfn#1.post "ZLFN $\times$", nolabel) ///
>     keep(1.zlfn#1.post) ///
>     coeflabel(1.zlfn#1.post "{2016--2024}") ///
>     stats(N controls hastimefe hasmunicfe, ///
>         fmt(%11.0gc) label("Observations" "Controls" "Time FE" "Municipal FE"
> )) onecell
 30. 
. }

. *************************************************
. *************** Read ENIGH Year *****************
. *************************************************
. 
. *** REPLICATION FILE: read-enighyear
. *** STATA VERSION: StataNow 19.5
. *** AUTHORS: Matías Carrasco, Victor Ortega Le Hénanff
. *** DATE: 2026-03-03
. 
. *  Loads the yearly cross-section produced by
. *  data/clean/code/enigh-year.R, generates derived
. *  variables and sets the $controls global.
. 
. *  Called by every analysis do-file:
. *     do read-enighyear.do
. 
. *************************************************
. ****************** Load Data ********************
. *************************************************
. 
. use "../../data/clean/enigh/enigh-year.dta", clear

. 
. ssc install require, replace
checking require consistency and verifying not already installed...
all files already exist and are up to date.

. ssc install estout, replace
checking estout consistency and verifying not already installed...
all files already exist and are up to date.

. ssc install coefplot, replace
checking coefplot consistency and verifying not already installed...
all files already exist and are up to date.

. 
. * Install ftools (remove program if it existed previously)
. net install ftools, replace from("https://raw.githubusercontent.com/sergiocor
> reia/ftools/master/src/")
checking ftools consistency and verifying not already installed...
all files already exist and are up to date.

. 
. * Install reghdfe 6.x
. net install reghdfe, replace from("https://raw.githubusercontent.com/sergioco
> rreia/reghdfe/master/src/")
checking reghdfe consistency and verifying not already installed...
all files already exist and are up to date.

. 
. *************************************************
. *************** Decode Factors ******************
. *************************************************
. 
. * haven::write_dta stores R factors as labeled integers.
. * Decode year and ent to recover original numeric values.
. 
. foreach v in year ent {
  2.     capture decode `v', gen(_`v'_str)
  3.     if _rc == 0 {
  4.         destring _`v'_str, replace force
  5.         drop `v'
  6.         rename _`v'_str `v'
  7.     }
  8. }

. 
. *************************************************
. *********** Generate Log Incomes ****************
. *************************************************
. 
. gen lnw   = ln(ing_wages)            if ing_wages > 0
(206,957 missing values generated)

. gen lni   = ln(ing_lab)              if ing_lab > 0
(42,758 missing values generated)

. gen lnmon = ln(ing_mon)              if ing_mon > 0
(24,777 missing values generated)

. gen lnr   = ln(ing_rentas)          if ing_rentas > 0
(682,670 missing values generated)

. gen lnv   = ln(ing_ventas)          if ing_ventas > 0
(676,733 missing values generated)

. gen lno   = ln(ing_other)           if ing_other > 0
(565,544 missing values generated)

. gen lnn   = ln(ing_negocio)         if ing_negocio > 0
(546,587 missing values generated)

. gen lnnwi = ln(ing_non_wage_income) if ing_non_wage_income > 0
(523,909 missing values generated)

. gen lngt  = ln(ing_gov_transfers)   if ing_gov_transfers > 0
(583,326 missing values generated)

. gen lnfc  = ln(ing_fin_capital)     if ing_fin_capital > 0
(663,912 missing values generated)

. 
. *************************************************
. ************ Derived Variables ******************
. *************************************************
. 
. gen female = 1 - sexo

. gen edadsq = edad_pob * edad_pob

. 
. label variable lnw   "Log Wages"

. label variable lni   "Log Labor Income"

. label variable lnmon "Log Monetary Income"

. label variable lnr   "Log Rent Income"

. label variable lnv   "Log Sales Income"

. label variable lno   "Log Other Income"

. label variable lnn   "Log Business Income"

. label variable lnnwi "Log Non-Wage Income"

. label variable lngt  "Log Government Transfers"

. label variable lnfc  "Log Financial Capital Income"

. label variable post  "Post-Treatment (year > 2018)"

. label variable female "Female"

. label variable edadsq "Age Squared"

. 
. *************************************************
. ***************** Controls **********************
. *************************************************
. 
. global controls i.female edad_pob edadsq years_of_study hoursworked i.employe
> d

. 
end of do-file
(dropped 7 singleton observations)
(MWFE estimator converged in 5 iterations)
note: 1bn.zlfn is probably collinear with the fixed effects (all partialled-out
>  values are close to zero; tol = 1.0e-09)
note: 1bn.post is probably collinear with the fixed effects (all partialled-out
>  values are close to zero; tol = 1.0e-09)

HDFE Linear regression                            Number of obs   =    393,180
Absorbing 2 HDFE groups                           F(   7,   2646) =    3126.09
Statistics robust to heteroskedasticity           Prob > F        =     0.0000
                                                  R-squared       =     0.3647
                                                  Adj R-squared   =     0.3603
                                                  Within R-sq.    =     0.2688
Number of clusters (ubica_geo) =      2,647       Root MSE        =     0.7455

                          (Std. err. adjusted for 2,647 clusters in ubica_geo)
------------------------------------------------------------------------------
             |               Robust
         lnw | Coefficient  std. err.      t    P>|t|     [95% conf. interval]
-------------+----------------------------------------------------------------
      1.zlfn |          0  (omitted)
      1.post |          0  (omitted)
             |
   zlfn#post |
        1 1  |   .1394209   .0128416    10.86   0.000     .1142403    .1646014
             |
    1.female |  -.3177752   .0043455   -73.13   0.000    -.3262962   -.3092542
    edad_pob |   .0726745   .0007612    95.48   0.000     .0711819     .074167
      edadsq |  -.0007335   8.66e-06   -84.74   0.000    -.0007505   -.0007165
years_of_s~y |    .073705   .0007608    96.88   0.000     .0722131    .0751968
 hoursworked |   .0127923   .0002186    58.52   0.000     .0123636    .0132209
  1.employed |  -.1592885   .0203899    -7.81   0.000    -.1992702   -.1193067
       _cons |   6.118743   .0286304   213.71   0.000     6.062603    6.174883
------------------------------------------------------------------------------

Absorbed degrees of freedom:
-----------------------------------------------------+
 Absorbed FE | Categories  - Redundant  = Num. Coefs |
-------------+---------------------------------------|
   ubica_geo |      2647        2647           0    *|
        year |         5           1           4     |
-----------------------------------------------------+
* = FE nested within cluster; treated as redundant for DoF computation

added macro:
           e(controls) : "Y"

added macro:
          e(hastimefe) : "Y"

added macro:
         e(hasmunicfe) : "Y"
(dropped 36 singleton observations)
(MWFE estimator converged in 5 iterations)
note: 1bn.zlfn is probably collinear with the fixed effects (all partialled-out
>  values are close to zero; tol = 1.0e-09)
note: 1bn.post is probably collinear with the fixed effects (all partialled-out
>  values are close to zero; tol = 1.0e-09)

HDFE Linear regression                            Number of obs   =    371,375
Absorbing 2 HDFE groups                           F(   7,   2515) =    3252.97
Statistics robust to heteroskedasticity           Prob > F        =     0.0000
                                                  R-squared       =     0.3589
                                                  Adj R-squared   =     0.3545
                                                  Within R-sq.    =     0.2712
Number of clusters (ubica_geo) =      2,516       Root MSE        =     0.7403

                          (Std. err. adjusted for 2,516 clusters in ubica_geo)
------------------------------------------------------------------------------
             |               Robust
         lnw | Coefficient  std. err.      t    P>|t|     [95% conf. interval]
-------------+----------------------------------------------------------------
      1.zlfn |          0  (omitted)
      1.post |          0  (omitted)
             |
   zlfn#post |
        1 1  |   .1419137   .0128953    11.01   0.000     .1166272    .1672001
             |
    1.female |  -.3143849   .0043017   -73.08   0.000    -.3228202   -.3059496
    edad_pob |   .0732265    .000788    92.93   0.000     .0716814    .0747717
      edadsq |  -.0007389   8.95e-06   -82.57   0.000    -.0007565   -.0007214
years_of_s~y |   .0741294   .0007482    99.07   0.000     .0726622    .0755967
 hoursworked |   .0128169   .0002185    58.66   0.000     .0123885    .0132454
  1.employed |  -.1516811   .0208465    -7.28   0.000    -.1925591    -.110803
       _cons |   6.105359   .0296602   205.84   0.000     6.047198     6.16352
------------------------------------------------------------------------------

Absorbed degrees of freedom:
-----------------------------------------------------+
 Absorbed FE | Categories  - Redundant  = Num. Coefs |
-------------+---------------------------------------|
   ubica_geo |      2516        2516           0    *|
        year |         5           1           4     |
-----------------------------------------------------+
* = FE nested within cluster; treated as redundant for DoF computation

added macro:
           e(controls) : "Y"

added macro:
          e(hastimefe) : "Y"

added macro:
         e(hasmunicfe) : "Y"
(dropped 101 singleton observations)
(MWFE estimator converged in 5 iterations)
note: 1bn.zlfn is probably collinear with the fixed effects (all partialled-out
>  values are close to zero; tol = 1.0e-09)
note: 1bn.post is probably collinear with the fixed effects (all partialled-out
>  values are close to zero; tol = 1.0e-09)

HDFE Linear regression                            Number of obs   =    284,678
Absorbing 2 HDFE groups                           F(   7,   2358) =    2812.53
Statistics robust to heteroskedasticity           Prob > F        =     0.0000
                                                  R-squared       =     0.3608
                                                  Adj R-squared   =     0.3554
                                                  Within R-sq.    =     0.2769
Number of clusters (ubica_geo) =      2,359       Root MSE        =     0.7257

                          (Std. err. adjusted for 2,359 clusters in ubica_geo)
------------------------------------------------------------------------------
             |               Robust
         lnw | Coefficient  std. err.      t    P>|t|     [95% conf. interval]
-------------+----------------------------------------------------------------
      1.zlfn |          0  (omitted)
      1.post |          0  (omitted)
             |
   zlfn#post |
        1 1  |   .1450902   .0157698     9.20   0.000     .1141661    .1760143
             |
    1.female |  -.3076611   .0044304   -69.44   0.000    -.3163489   -.2989733
    edad_pob |   .0723209     .00084    86.10   0.000     .0706737    .0739681
      edadsq |   -.000729   9.42e-06   -77.43   0.000    -.0007475   -.0007106
years_of_s~y |   .0753791   .0007947    94.86   0.000     .0738208    .0769374
 hoursworked |   .0127198   .0002211    57.52   0.000     .0122862    .0131535
  1.employed |   -.157609   .0231167    -6.82   0.000    -.2029401   -.1122779
       _cons |   6.157778   .0329216   187.04   0.000      6.09322    6.222337
------------------------------------------------------------------------------

Absorbed degrees of freedom:
-----------------------------------------------------+
 Absorbed FE | Categories  - Redundant  = Num. Coefs |
-------------+---------------------------------------|
   ubica_geo |      2359        2359           0    *|
        year |         5           1           4     |
-----------------------------------------------------+
* = FE nested within cluster; treated as redundant for DoF computation

added macro:
           e(controls) : "Y"

added macro:
          e(hastimefe) : "Y"

added macro:
         e(hasmunicfe) : "Y"
(dropped 313 singleton observations)
(MWFE estimator converged in 5 iterations)
note: 1bn.zlfn is probably collinear with the fixed effects (all partialled-out
>  values are close to zero; tol = 1.0e-09)
note: 1bn.post is probably collinear with the fixed effects (all partialled-out
>  values are close to zero; tol = 1.0e-09)

HDFE Linear regression                            Number of obs   =     21,463
Absorbing 2 HDFE groups                           F(   7,   1070) =     272.61
Statistics robust to heteroskedasticity           Prob > F        =     0.0000
                                                  R-squared       =     0.3780
                                                  Adj R-squared   =     0.3450
                                                  Within R-sq.    =     0.2153
Number of clusters (ubica_geo) =      1,071       Root MSE        =     0.8208

                          (Std. err. adjusted for 1,071 clusters in ubica_geo)
------------------------------------------------------------------------------
             |               Robust
         lnw | Coefficient  std. err.      t    P>|t|     [95% conf. interval]
-------------+----------------------------------------------------------------
      1.zlfn |          0  (omitted)
      1.post |          0  (omitted)
             |
   zlfn#post |
        1 1  |   .1038636   .0640083     1.62   0.105    -.0217323    .2294596
             |
    1.female |   -.401606   .0216909   -18.51   0.000    -.4441676   -.3590444
    edad_pob |   .0620169    .002756    22.50   0.000     .0566091    .0674247
      edadsq |  -.0006398    .000032   -19.99   0.000    -.0007026    -.000577
years_of_s~y |   .0618466   .0024917    24.82   0.000     .0569573    .0667359
 hoursworked |   .0119748   .0005276    22.69   0.000     .0109394    .0130101
  1.employed |  -.2947043    .094963    -3.10   0.002    -.4810392   -.1083695
       _cons |    6.43235   .1130887    56.88   0.000     6.210449     6.65425
------------------------------------------------------------------------------

Absorbed degrees of freedom:
-----------------------------------------------------+
 Absorbed FE | Categories  - Redundant  = Num. Coefs |
-------------+---------------------------------------|
   ubica_geo |      1071        1071           0    *|
        year |         5           1           4     |
-----------------------------------------------------+
* = FE nested within cluster; treated as redundant for DoF computation

added macro:
           e(controls) : "Y"

added macro:
          e(hastimefe) : "Y"

added macro:
         e(hasmunicfe) : "Y"
(dropped 83 singleton observations)
(MWFE estimator converged in 5 iterations)
note: 1bn.zlfn is probably collinear with the fixed effects (all partialled-out
>  values are close to zero; tol = 1.0e-09)
note: 1bn.post is probably collinear with the fixed effects (all partialled-out
>  values are close to zero; tol = 1.0e-09)

HDFE Linear regression                            Number of obs   =    108,325
Absorbing 2 HDFE groups                           F(   7,   2445) =    1463.00
Statistics robust to heteroskedasticity           Prob > F        =     0.0000
                                                  R-squared       =     0.3487
                                                  Adj R-squared   =     0.3336
                                                  Within R-sq.    =     0.2440
Number of clusters (ubica_geo) =      2,446       Root MSE        =     0.7905

                          (Std. err. adjusted for 2,446 clusters in ubica_geo)
------------------------------------------------------------------------------
             |               Robust
         lnw | Coefficient  std. err.      t    P>|t|     [95% conf. interval]
-------------+----------------------------------------------------------------
      1.zlfn |          0  (omitted)
      1.post |          0  (omitted)
             |
   zlfn#post |
        1 1  |    .135801   .0387115     3.51   0.000     .0598902    .2117117
             |
    1.female |   -.345353   .0074778   -46.18   0.000    -.3600165   -.3306895
    edad_pob |   .0731496   .0013009    56.23   0.000     .0705986    .0757006
      edadsq |  -.0007428   .0000154   -48.32   0.000    -.0007729   -.0007126
years_of_s~y |   .0669936   .0011556    57.97   0.000     .0647276    .0692596
 hoursworked |   .0128956   .0003225    39.98   0.000     .0122631    .0135281
  1.employed |  -.1475593   .0402009    -3.67   0.000    -.2263907   -.0687279
       _cons |   6.032853   .0509888   118.32   0.000     5.932867    6.132838
------------------------------------------------------------------------------

Absorbed degrees of freedom:
-----------------------------------------------------+
 Absorbed FE | Categories  - Redundant  = Num. Coefs |
-------------+---------------------------------------|
   ubica_geo |      2446        2446           0    *|
        year |         5           1           4     |
-----------------------------------------------------+
* = FE nested within cluster; treated as redundant for DoF computation

added macro:
           e(controls) : "Y"

added macro:
          e(hastimefe) : "Y"

added macro:
         e(hasmunicfe) : "Y"
(file ../../paper/tables/did-wage-ethnic-year.tex not found)
(output written to ../../paper/tables/did-wage-ethnic-year.tex)

. *************************************************
. *************** Read ENIGH Month ****************
. *************************************************
. 
. *** REPLICATION FILE: read-enighmonth
. *** STATA VERSION: StataNow 19.5
. *** AUTHORS: Matías Carrasco, Victor Ortega Le Hénanff
. *** DATE: 2026-03-20
. 
. *  Loads the monthly panel produced by
. *  code/build/enigh-month.do, harmonizes variable
. *  names to match read-enighyear.do interface.
. 
. *  Called inside foreach loops in analysis do-files:
. *     do read-enighmonth.do
. 
. *************************************************
. ****************** Load Data ********************
. *************************************************
. 
. use "../../data/clean/enigh/enigh-month.dta", clear

. 
. *************************************************
. ********** Harmonize Variable Names *************
. *************************************************
. 
. rename zona_a zlfn

. rename edad edad_pob

. rename indigenous etnia

. 
. gen female = 1 - gender

. 
. gen post = (year > 2018)

. label variable post "Post-Treatment (year > 2018)"

. label variable female "Female"

. 
. *************************************************
. ***************** Controls **********************
. *************************************************
. 
. global controls i.female edad_pob edadsq years_of_study hoursworked i.employe
> d

. 
end of do-file
(MWFE estimator converged in 6 iterations)
note: 1bn.zlfn is probably collinear with the fixed effects (all partialled-out
>  values are close to zero; tol = 1.0e-09)
note: 1bn.post is probably collinear with the fixed effects (all partialled-out
>  values are close to zero; tol = 1.0e-09)

HDFE Linear regression                            Number of obs   =  2,186,592
Absorbing 2 HDFE groups                           F(   7,   1764) =    2659.24
Statistics robust to heteroskedasticity           Prob > F        =     0.0000
                                                  R-squared       =     0.4207
                                                  Adj R-squared   =     0.4202
                                                  Within R-sq.    =     0.3240
Number of clusters (ubica_geo) =      1,765       Root MSE        =     0.5700

                          (Std. err. adjusted for 1,765 clusters in ubica_geo)
------------------------------------------------------------------------------
             |               Robust
         lnw | Coefficient  std. err.      t    P>|t|     [95% conf. interval]
-------------+----------------------------------------------------------------
      1.zlfn |          0  (omitted)
      1.post |          0  (omitted)
             |
   zlfn#post |
        1 1  |   .1293268   .0078238    16.53   0.000     .1139819    .1446718
             |
    1.female |  -.2803003   .0036736   -76.30   0.000    -.2875053   -.2730953
    edad_pob |   .0548518   .0006244    87.84   0.000     .0536271    .0560765
      edadsq |  -.0005682   7.23e-06   -78.57   0.000    -.0005824    -.000554
years_of_s~y |   .0676503   .0008209    82.41   0.000     .0660403    .0692603
 hoursworked |   .0110388   .0002174    50.77   0.000     .0106124    .0114653
             |
    employed |
   Employed  |  -.1138225    .018216    -6.25   0.000    -.1495498   -.0780953
       _cons |   6.766962   .0250764   269.85   0.000      6.71778    6.816145
------------------------------------------------------------------------------

Absorbed degrees of freedom:
-----------------------------------------------------+
 Absorbed FE | Categories  - Redundant  = Num. Coefs |
-------------+---------------------------------------|
   ubica_geo |      1765        1765           0    *|
        year |         5           1           4     |
-----------------------------------------------------+
* = FE nested within cluster; treated as redundant for DoF computation

added macro:
           e(controls) : "Y"

added macro:
          e(hastimefe) : "Y"

added macro:
         e(hasmunicfe) : "Y"
(dropped 3 singleton observations)
(MWFE estimator converged in 6 iterations)
note: 1bn.zlfn is probably collinear with the fixed effects (all partialled-out
>  values are close to zero; tol = 1.0e-09)
note: 1bn.post is probably collinear with the fixed effects (all partialled-out
>  values are close to zero; tol = 1.0e-09)

HDFE Linear regression                            Number of obs   =  2,069,575
Absorbing 2 HDFE groups                           F(   7,   1696) =    2840.76
Statistics robust to heteroskedasticity           Prob > F        =     0.0000
                                                  R-squared       =     0.4139
                                                  Adj R-squared   =     0.4134
                                                  Within R-sq.    =     0.3257
Number of clusters (ubica_geo) =      1,697       Root MSE        =     0.5662

                          (Std. err. adjusted for 1,697 clusters in ubica_geo)
------------------------------------------------------------------------------
             |               Robust
         lnw | Coefficient  std. err.      t    P>|t|     [95% conf. interval]
-------------+----------------------------------------------------------------
      1.zlfn |          0  (omitted)
      1.post |          0  (omitted)
             |
   zlfn#post |
        1 1  |   .1315158   .0079462    16.55   0.000     .1159303    .1471012
             |
    1.female |   -.276955   .0036357   -76.18   0.000     -.284086   -.2698239
    edad_pob |   .0551852   .0006316    87.37   0.000     .0539464    .0564241
      edadsq |  -.0005705   7.35e-06   -77.64   0.000     -.000585   -.0005561
years_of_s~y |   .0680928   .0008007    85.04   0.000     .0665223    .0696633
 hoursworked |    .011038   .0002182    50.59   0.000     .0106101     .011466
             |
    employed |
   Employed  |  -.1091804   .0183136    -5.96   0.000       -.1451   -.0732609
       _cons |   6.757777   .0251668   268.52   0.000     6.708416    6.807138
------------------------------------------------------------------------------

Absorbed degrees of freedom:
-----------------------------------------------------+
 Absorbed FE | Categories  - Redundant  = Num. Coefs |
-------------+---------------------------------------|
   ubica_geo |      1697        1697           0    *|
        year |         5           1           4     |
-----------------------------------------------------+
* = FE nested within cluster; treated as redundant for DoF computation

added macro:
           e(controls) : "Y"

added macro:
          e(hastimefe) : "Y"

added macro:
         e(hasmunicfe) : "Y"
(dropped 6 singleton observations)
(MWFE estimator converged in 6 iterations)
note: 1bn.zlfn is probably collinear with the fixed effects (all partialled-out
>  values are close to zero; tol = 1.0e-09)
note: 1bn.post is probably collinear with the fixed effects (all partialled-out
>  values are close to zero; tol = 1.0e-09)

HDFE Linear regression                            Number of obs   =  1,593,673
Absorbing 2 HDFE groups                           F(   7,   1628) =    2477.78
Statistics robust to heteroskedasticity           Prob > F        =     0.0000
                                                  R-squared       =     0.4141
                                                  Adj R-squared   =     0.4135
                                                  Within R-sq.    =     0.3304
Number of clusters (ubica_geo) =      1,629       Root MSE        =     0.5586

                          (Std. err. adjusted for 1,629 clusters in ubica_geo)
------------------------------------------------------------------------------
             |               Robust
         lnw | Coefficient  std. err.      t    P>|t|     [95% conf. interval]
-------------+----------------------------------------------------------------
      1.zlfn |          0  (omitted)
      1.post |          0  (omitted)
             |
   zlfn#post |
        1 1  |   .1341545   .0077855    17.23   0.000      .118884    .1494251
             |
    1.female |  -.2706498   .0037517   -72.14   0.000    -.2780085   -.2632911
    edad_pob |   .0546321   .0007007    77.97   0.000     .0532578    .0560064
      edadsq |  -.0005632   8.10e-06   -69.54   0.000    -.0005791   -.0005473
years_of_s~y |   .0694235   .0008269    83.95   0.000     .0678015    .0710455
 hoursworked |   .0110229   .0002221    49.64   0.000     .0105873    .0114584
             |
    employed |
   Employed  |  -.1082053    .020067    -5.39   0.000    -.1475651   -.0688454
       _cons |   6.781681   .0278354   243.63   0.000     6.727084    6.836278
------------------------------------------------------------------------------

Absorbed degrees of freedom:
-----------------------------------------------------+
 Absorbed FE | Categories  - Redundant  = Num. Coefs |
-------------+---------------------------------------|
   ubica_geo |      1629        1629           0    *|
        year |         5           1           4     |
-----------------------------------------------------+
* = FE nested within cluster; treated as redundant for DoF computation

added macro:
           e(controls) : "Y"

added macro:
          e(hastimefe) : "Y"

added macro:
         e(hasmunicfe) : "Y"
(dropped 7 singleton observations)
(MWFE estimator converged in 6 iterations)
note: 1bn.zlfn is probably collinear with the fixed effects (all partialled-out
>  values are close to zero; tol = 1.0e-09)
note: 1bn.post is probably collinear with the fixed effects (all partialled-out
>  values are close to zero; tol = 1.0e-09)

HDFE Linear regression                            Number of obs   =    117,007
Absorbing 2 HDFE groups                           F(   7,   1030) =     268.39
Statistics robust to heteroskedasticity           Prob > F        =     0.0000
                                                  R-squared       =     0.4409
                                                  Adj R-squared   =     0.4359
                                                  Within R-sq.    =     0.2813
Number of clusters (ubica_geo) =      1,031       Root MSE        =     0.6147

                          (Std. err. adjusted for 1,031 clusters in ubica_geo)
------------------------------------------------------------------------------
             |               Robust
         lnw | Coefficient  std. err.      t    P>|t|     [95% conf. interval]
-------------+----------------------------------------------------------------
      1.zlfn |          0  (omitted)
      1.post |          0  (omitted)
             |
   zlfn#post |
        1 1  |   .1120458   .0244491     4.58   0.000     .0640701    .1600216
             |
    1.female |  -.3638188   .0177761   -20.47   0.000    -.3987003   -.3289373
    edad_pob |   .0478598   .0021825    21.93   0.000     .0435771    .0521425
      edadsq |  -.0005166   .0000253   -20.46   0.000    -.0005661   -.0004671
years_of_s~y |   .0573278   .0022815    25.13   0.000     .0528509    .0618047
 hoursworked |   .0106774   .0004389    24.33   0.000     .0098162    .0115386
             |
    employed |
   Employed  |  -.1988071   .0942315    -2.11   0.035    -.3837147   -.0138995
       _cons |   6.974057   .1033462    67.48   0.000     6.771264    7.176851
------------------------------------------------------------------------------

Absorbed degrees of freedom:
-----------------------------------------------------+
 Absorbed FE | Categories  - Redundant  = Num. Coefs |
-------------+---------------------------------------|
   ubica_geo |      1031        1031           0    *|
        year |         5           1           4     |
-----------------------------------------------------+
* = FE nested within cluster; treated as redundant for DoF computation

added macro:
           e(controls) : "Y"

added macro:
          e(hastimefe) : "Y"

added macro:
         e(hasmunicfe) : "Y"
(MWFE estimator converged in 6 iterations)
note: 1bn.zlfn is probably collinear with the fixed effects (all partialled-out
>  values are close to zero; tol = 1.0e-09)
note: 1bn.post is probably collinear with the fixed effects (all partialled-out
>  values are close to zero; tol = 1.0e-09)

HDFE Linear regression                            Number of obs   =    592,913
Absorbing 2 HDFE groups                           F(   7,   1706) =    1056.68
Statistics robust to heteroskedasticity           Prob > F        =     0.0000
                                                  R-squared       =     0.4048
                                                  Adj R-squared   =     0.4031
                                                  Within R-sq.    =     0.3019
Number of clusters (ubica_geo) =      1,707       Root MSE        =     0.5928

                          (Std. err. adjusted for 1,707 clusters in ubica_geo)
------------------------------------------------------------------------------
             |               Robust
         lnw | Coefficient  std. err.      t    P>|t|     [95% conf. interval]
-------------+----------------------------------------------------------------
      1.zlfn |          0  (omitted)
      1.post |          0  (omitted)
             |
   zlfn#post |
        1 1  |   .1330445   .0192549     6.91   0.000     .0952789    .1708102
             |
    1.female |  -.3064935   .0061776   -49.61   0.000      -.31861    -.294377
    edad_pob |   .0551208   .0010258    53.74   0.000     .0531089    .0571327
      edadsq |  -.0005801   .0000121   -47.83   0.000    -.0006038   -.0005563
years_of_s~y |    .061075   .0011892    51.36   0.000     .0587425    .0634074
 hoursworked |   .0110566   .0002966    37.28   0.000     .0104749    .0116383
             |
    employed |
   Employed  |  -.1196554   .0348346    -3.43   0.001    -.1879784   -.0513323
       _cons |   6.738458   .0431933   156.01   0.000     6.653741    6.823176
------------------------------------------------------------------------------

Absorbed degrees of freedom:
-----------------------------------------------------+
 Absorbed FE | Categories  - Redundant  = Num. Coefs |
-------------+---------------------------------------|
   ubica_geo |      1707        1707           0    *|
        year |         5           1           4     |
-----------------------------------------------------+
* = FE nested within cluster; treated as redundant for DoF computation

added macro:
           e(controls) : "Y"

added macro:
          e(hastimefe) : "Y"

added macro:
         e(hasmunicfe) : "Y"
(file ../../paper/tables/did-wage-ethnic-month.tex not found)
(output written to ../../paper/tables/did-wage-ethnic-month.tex)

. 
. cap log close
