-------------------------------------------------------------------------------
      name:  <unnamed>
       log:  /Users/victorortega/Library/CloudStorage/Dropbox/CarrascoOrtega-mi
> nwage/code/estimate/log/plot-event-income.log
  log type:  text
 opened on:  20 Mar 2026, 19:17:10

. 
. *************************************************
. **** Event Study: Income by HLI Status *********
. *************************************************
. 
. foreach ds in year month {
  2. 
. do read-enigh`ds'.do
  3. estimates clear
  4. cap mkdir "../../paper/figures"
  5. 
. if "`ds'" == "year" {
  6. 
.     reghdfe lni ib2016.year##i.zlfn $controls if indspeaker == 0, ///
>         absorb(ubica_geo) vce(cluster ubica_geo)
  7.     eststo graph1
  8. 
.     reghdfe lni ib2016.year##i.zlfn $controls if indspeaker == 1, ///
>         absorb(ubica_geo) vce(cluster ubica_geo)
  9.     eststo graph2
 10. 
.     coefplot graph1 ///
>         , keep(*.year#1.zlfn) vertical offset(0) ///
>         rename(2018.year#1.zlfn = "2018" 2020.year#1.zlfn = "2020" ///
>                2022.year#1.zlfn = "2022" 2024.year#1.zlfn = "2024") ///
>         recast(connected) lcolor("31 119 180") mcolor("31 119 180") msymbol(c
> ircle) lw(medthin) msize(small) ///
>         ciopts(recast(rarea) fcolor("31 119 180%30") lwidth(none)) ///
>         xline(2.5, lcolor(gs10) lpattern(dash)) ///
>         yline(0, lw(thin) lpattern(solid) lcolor(black)) ///
>         ytitle("Coefficient Estimate on Log Income") ///
>         xtitle("Year") ///
>         title("Non-Indigenous Speaker", size(medium)) ///
>         xlabel(, angle(0)) ///
>         graphregion(color(white)) bgcolor(white) ///
>         grid(glcolor(gs14) glwidth(thin))
 11.     graph export "../../paper/figures/plot-event-income-hli-nonind-year.pn
> g", replace width(4000) height(3000)
 12. 
.     coefplot graph2 ///
>         , keep(*.year#1.zlfn) vertical offset(0) ///
>         rename(2018.year#1.zlfn = "2018" 2020.year#1.zlfn = "2020" ///
>                2022.year#1.zlfn = "2022" 2024.year#1.zlfn = "2024") ///
>         recast(connected) lcolor("214 39 40") mcolor("214 39 40") msymbol(cir
> cle) lw(medthin) msize(small) ///
>         ciopts(recast(rarea) fcolor("214 39 40%30") lwidth(none)) ///
>         xline(2.5, lcolor(gs10) lpattern(dash)) ///
>         yline(0, lw(thin) lpattern(solid) lcolor(black)) ///
>         ytitle("Coefficient Estimate on Log Income") ///
>         xtitle("Year") ///
>         title("Indigenous Speaker", size(medium)) ///
>         xlabel(, angle(0)) ///
>         graphregion(color(white)) bgcolor(white) ///
>         grid(glcolor(gs14) glwidth(thin))
 13.     graph export "../../paper/figures/plot-event-income-hli-ind-year.png",
>  replace width(4000) height(3000)
 14. 
.     *************************************************
.     ** Event Study: Income by Indigenous Identity ***
.     *************************************************
. 
.     estimates clear
 15. 
.     reghdfe lni ib2016.year##i.zlfn $controls if etnia == 0, ///
>         absorb(ubica_geo) vce(cluster ubica_geo)
 16.     eststo graph3
 17. 
.     reghdfe lni ib2016.year##i.zlfn $controls if etnia == 1, ///
>         absorb(ubica_geo) vce(cluster ubica_geo)
 18.     eststo graph4
 19. 
.     coefplot graph3 ///
>         , keep(*.year#1.zlfn) vertical offset(0) ///
>         rename(2018.year#1.zlfn = "2018" 2020.year#1.zlfn = "2020" ///
>                2022.year#1.zlfn = "2022" 2024.year#1.zlfn = "2024") ///
>         recast(connected) lcolor("31 119 180") mcolor("31 119 180") msymbol(c
> ircle) lw(medthin) msize(small) ///
>         ciopts(recast(rarea) fcolor("31 119 180%30") lwidth(none)) ///
>         xline(2.5, lcolor(gs10) lpattern(dash)) ///
>         yline(0, lw(thin) lpattern(solid) lcolor(black)) ///
>         ytitle("Coefficient Estimate on Log Income") ///
>         xtitle("Year") ///
>         title("Non-Indigenous", size(medium)) ///
>         xlabel(, angle(0)) ///
>         graphregion(color(white)) bgcolor(white) ///
>         grid(glcolor(gs14) glwidth(thin))
 20.     graph export "../../paper/figures/plot-event-income-indig-nonind-year.
> png", replace width(4000) height(3000)
 21. 
.     coefplot graph4 ///
>         , keep(*.year#1.zlfn) vertical offset(0) ///
>         rename(2018.year#1.zlfn = "2018" 2020.year#1.zlfn = "2020" ///
>                2022.year#1.zlfn = "2022" 2024.year#1.zlfn = "2024") ///
>         recast(connected) lcolor("214 39 40") mcolor("214 39 40") msymbol(cir
> cle) lw(medthin) msize(small) ///
>         ciopts(recast(rarea) fcolor("214 39 40%30") lwidth(none)) ///
>         xline(2.5, lcolor(gs10) lpattern(dash)) ///
>         yline(0, lw(thin) lpattern(solid) lcolor(black)) ///
>         ytitle("Coefficient Estimate on Log Income") ///
>         xtitle("Year") ///
>         title("Indigenous", size(medium)) ///
>         xlabel(, angle(0)) ///
>         graphregion(color(white)) bgcolor(white) ///
>         grid(glcolor(gs14) glwidth(thin))
 22.     graph export "../../paper/figures/plot-event-income-indig-ind-year.png
> ", replace width(4000) height(3000)
 23. }
 24. 
. if "`ds'" == "month" {
 25. 
.     reghdfe lni i.zlfn##ib21397.time $controls if indspeaker == 0, ///
>         absorb(ubica_geo time) vce(cluster ubica_geo)
 26.     eststo graph1
 27. 
.     reghdfe lni i.zlfn##ib21397.time $controls if indspeaker == 1, ///
>         absorb(ubica_geo time) vce(cluster ubica_geo)
 28.     eststo graph2
 29. 
.     local month_keep ///
>         "1.zlfn#20485.time" "1.zlfn#20514.time" "1.zlfn#20545.time" ///
>         "1.zlfn#20575.time" "1.zlfn#20606.time" "1.zlfn#20636.time" ///
>         "1.zlfn#20667.time" "1.zlfn#20698.time" "1.zlfn#20728.time" ///
>         "1.zlfn#21216.time" "1.zlfn#21244.time" "1.zlfn#21275.time" ///
>         "1.zlfn#21305.time" "1.zlfn#21336.time" "1.zlfn#21366.time" ///
>         "1.zlfn#21397.time" "1.zlfn#21428.time" "1.zlfn#21458.time" ///
>         "1.zlfn#21946.time" "1.zlfn#21975.time" "1.zlfn#22006.time" ///
>         "1.zlfn#22036.time" "1.zlfn#22067.time" "1.zlfn#22097.time" ///
>         "1.zlfn#22128.time" "1.zlfn#22159.time" "1.zlfn#22189.time" ///
>         "1.zlfn#22677.time" "1.zlfn#22705.time" "1.zlfn#22736.time" ///
>         "1.zlfn#22766.time" "1.zlfn#22797.time" "1.zlfn#22827.time" ///
>         "1.zlfn#22858.time" "1.zlfn#22889.time" "1.zlfn#22919.time" ///
>         "1.zlfn#23407.time" "1.zlfn#23436.time" "1.zlfn#23467.time" ///
>         "1.zlfn#23497.time" "1.zlfn#23528.time" "1.zlfn#23558.time" ///
>         "1.zlfn#23589.time" "1.zlfn#23620.time" "1.zlfn#23650.time"
 30. 
.     local month_xlabel ///
>         1 "01feb2016" 2 "01mar2016" 3 "01apr2016" ///
>         4 "01may2016" 5 "01jun2016" 6 "01jul2016" ///
>         7 "01aug2016" 8 "01sep2016" 9 "01oct2016" ///
>         10 "01feb2018" 11 "01mar2018" 12 "01apr2018" ///
>         13 "01may2018" 14 "01jun2018" 15 "01jul2018" ///
>         16 "01aug2018" 17 "01sep2018" 18 "01oct2018" ///
>         19 "01feb2020" 20 "01mar2020" 21 "01apr2020" ///
>         22 "01may2020" 23 "01jun2020" 24 "01jul2020" ///
>         25 "01aug2020" 26 "01sep2020" 27 "01oct2020" ///
>         28 "01feb2022" 29 "01mar2022" 30 "01apr2022" ///
>         31 "01may2022" 32 "01jun2022" 33 "01jul2022" ///
>         34 "01aug2022" 35 "01sep2022" 36 "01oct2022" ///
>         37 "01feb2024" 38 "01mar2024" 39 "01apr2024" ///
>         40 "01may2024" 41 "01jun2024" 42 "01jul2024" ///
>         43 "01aug2024" 44 "01sep2024" 45 "01oct2024"
 31. 
.     coefplot graph1 ///
>         , keep(`month_keep') vertical noci ///
>         recast(connected) lcolor("31 119 180") mcolor("31 119 180") msymbol(c
> ircle) lw(medthin) msize(small) ///
>         xline(18.5, lcolor(gs10) lpattern(dash)) ///
>         yline(0, lw(thin) lpattern(solid) lcolor(black)) ///
>         ytitle("Coefficient Estimate on Log Income") ///
>         xtitle("Month") ///
>         title("Non-Indigenous Speaker", size(medium)) ///
>         xlabel(`month_xlabel', angle(90) labsize(small)) ///
>         graphregion(color(white)) bgcolor(white) ///
>         grid(glcolor(gs14) glwidth(thin))
 32.     graph export "../../paper/figures/plot-event-income-hli-nonind-month.p
> ng", replace width(4000) height(3000)
 33. 
.     coefplot graph2 ///
>         , keep(`month_keep') vertical noci ///
>         recast(connected) lcolor("214 39 40") mcolor("214 39 40") msymbol(cir
> cle) lw(medthin) msize(small) ///
>         xline(18.5, lcolor(gs10) lpattern(dash)) ///
>         yline(0, lw(thin) lpattern(solid) lcolor(black)) ///
>         ytitle("Coefficient Estimate on Log Income") ///
>         xtitle("Month") ///
>         title("Indigenous Speaker", size(medium)) ///
>         xlabel(`month_xlabel', angle(90) labsize(small)) ///
>         graphregion(color(white)) bgcolor(white) ///
>         grid(glcolor(gs14) glwidth(thin))
 34.     graph export "../../paper/figures/plot-event-income-hli-ind-month.png"
> , replace width(4000) height(3000)
 35. 
.     *************************************************
.     ** Event Study: Income by Indigenous Identity ***
.     *************************************************
. 
.     estimates clear
 36. 
.     reghdfe lni i.zlfn##ib21397.time $controls if etnia == 0, ///
>         absorb(ubica_geo time) vce(cluster ubica_geo)
 37.     eststo graph3
 38. 
.     reghdfe lni i.zlfn##ib21397.time $controls if etnia == 1, ///
>         absorb(ubica_geo time) vce(cluster ubica_geo)
 39.     eststo graph4
 40. 
.     coefplot graph3 ///
>         , keep(`month_keep') vertical noci ///
>         recast(connected) lcolor("31 119 180") mcolor("31 119 180") msymbol(c
> ircle) lw(medthin) msize(small) ///
>         xline(18.5, lcolor(gs10) lpattern(dash)) ///
>         yline(0, lw(thin) lpattern(solid) lcolor(black)) ///
>         ytitle("Coefficient Estimate on Log Income") ///
>         xtitle("Month") ///
>         title("Non-Indigenous", size(medium)) ///
>         xlabel(`month_xlabel', angle(90) labsize(small)) ///
>         graphregion(color(white)) bgcolor(white) ///
>         grid(glcolor(gs14) glwidth(thin))
 41.     graph export "../../paper/figures/plot-event-income-indig-nonind-month
> .png", replace width(4000) height(3000)
 42. 
.     coefplot graph4 ///
>         , keep(`month_keep') vertical noci ///
>         recast(connected) lcolor("214 39 40") mcolor("214 39 40") msymbol(cir
> cle) lw(medthin) msize(small) ///
>         xline(18.5, lcolor(gs10) lpattern(dash)) ///
>         yline(0, lw(thin) lpattern(solid) lcolor(black)) ///
>         ytitle("Coefficient Estimate on Log Income") ///
>         xtitle("Month") ///
>         title("Indigenous", size(medium)) ///
>         xlabel(`month_xlabel', angle(90) labsize(small)) ///
>         graphregion(color(white)) bgcolor(white) ///
>         grid(glcolor(gs14) glwidth(thin))
 43.     graph export "../../paper/figures/plot-event-income-indig-ind-month.pn
> g", replace width(4000) height(3000)
 44. }
 45. 
. }

. *************************************************
. *************** Read ENIGH Year *****************
. *************************************************
. 
. *** REPLICATION FILE: read-enighyear
. *** STATA VERSION: StataNow 19.5
. *** AUTHORS: Matías Carrasco, Victor Ortega Le Hénanff
. *** DATE: 2026-03-03
. 
. *  Loads the yearly cross-section produced by
. *  data/clean/code/enigh-year.R, generates derived
. *  variables and sets the $controls global.
. 
. *  Called by every analysis do-file:
. *     do read-enighyear.do
. 
. *************************************************
. ****************** Load Data ********************
. *************************************************
. 
. use "../../data/clean/enigh/enigh-year.dta", clear

. 
. ssc install require, replace
checking require consistency and verifying not already installed...
all files already exist and are up to date.

. ssc install estout, replace
checking estout consistency and verifying not already installed...
all files already exist and are up to date.

. ssc install coefplot, replace
checking coefplot consistency and verifying not already installed...
all files already exist and are up to date.

. 
. * Install ftools (remove program if it existed previously)
. net install ftools, replace from("https://raw.githubusercontent.com/sergiocor
> reia/ftools/master/src/")
checking ftools consistency and verifying not already installed...
all files already exist and are up to date.

. 
. * Install reghdfe 6.x
. net install reghdfe, replace from("https://raw.githubusercontent.com/sergioco
> rreia/reghdfe/master/src/")
checking reghdfe consistency and verifying not already installed...
all files already exist and are up to date.

. 
. *************************************************
. *************** Decode Factors ******************
. *************************************************
. 
. * haven::write_dta stores R factors as labeled integers.
. * Decode year and ent to recover original numeric values.
. 
. foreach v in year ent {
  2.     capture decode `v', gen(_`v'_str)
  3.     if _rc == 0 {
  4.         destring _`v'_str, replace force
  5.         drop `v'
  6.         rename _`v'_str `v'
  7.     }
  8. }

. 
. *************************************************
. *********** Generate Log Incomes ****************
. *************************************************
. 
. gen lnw   = ln(ing_wages)            if ing_wages > 0
(206,957 missing values generated)

. gen lni   = ln(ing_lab)              if ing_lab > 0
(42,758 missing values generated)

. gen lnmon = ln(ing_mon)              if ing_mon > 0
(24,777 missing values generated)

. gen lnr   = ln(ing_rentas)          if ing_rentas > 0
(682,670 missing values generated)

. gen lnv   = ln(ing_ventas)          if ing_ventas > 0
(676,733 missing values generated)

. gen lno   = ln(ing_other)           if ing_other > 0
(565,544 missing values generated)

. gen lnn   = ln(ing_negocio)         if ing_negocio > 0
(546,587 missing values generated)

. gen lnnwi = ln(ing_non_wage_income) if ing_non_wage_income > 0
(523,909 missing values generated)

. gen lngt  = ln(ing_gov_transfers)   if ing_gov_transfers > 0
(583,326 missing values generated)

. gen lnfc  = ln(ing_fin_capital)     if ing_fin_capital > 0
(663,912 missing values generated)

. 
. *************************************************
. ************ Derived Variables ******************
. *************************************************
. 
. gen female = 1 - sexo

. gen edadsq = edad_pob * edad_pob

. 
. label variable lnw   "Log Wages"

. label variable lni   "Log Labor Income"

. label variable lnmon "Log Monetary Income"

. label variable lnr   "Log Rent Income"

. label variable lnv   "Log Sales Income"

. label variable lno   "Log Other Income"

. label variable lnn   "Log Business Income"

. label variable lnnwi "Log Non-Wage Income"

. label variable lngt  "Log Government Transfers"

. label variable lnfc  "Log Financial Capital Income"

. label variable post  "Post-Treatment (year > 2018)"

. label variable female "Female"

. label variable edadsq "Age Squared"

. 
. *************************************************
. ***************** Controls **********************
. *************************************************
. 
. global controls i.female edad_pob edadsq years_of_study hoursworked i.employe
> d

. 
end of do-file
(dropped 31 singleton observations)
(MWFE estimator converged in 1 iterations)
note: 1bn.zlfn is probably collinear with the fixed effects (all partialled-out
>  values are close to zero; tol = 1.0e-09)
note: 2024.year omitted because of collinearity
note: 2024o.year#0b.zlfn omitted because of collinearity

HDFE Linear regression                            Number of obs   =    496,341
Absorbing 1 HDFE group                            F(  12,   2553) =    2796.91
Statistics robust to heteroskedasticity           Prob > F        =     0.0000
                                                  R-squared       =     0.3766
                                                  Adj R-squared   =     0.3733
                                                  Within R-sq.    =     0.2864
Number of clusters (ubica_geo) =      2,554       Root MSE        =     0.9063

                          (Std. err. adjusted for 2,554 clusters in ubica_geo)
------------------------------------------------------------------------------
             |               Robust
         lni | Coefficient  std. err.      t    P>|t|     [95% conf. interval]
-------------+----------------------------------------------------------------
        year |
       2018  |  -.2032336   .0093156   -21.82   0.000    -.2215005   -.1849668
       2020  |  -.2935556   .0097228   -30.19   0.000     -.312621   -.2744901
       2022  |  -.1445315   .0077309   -18.70   0.000     -.159691   -.1293721
       2024  |          0  (omitted)
             |
      1.zlfn |          0  (omitted)
             |
   year#zlfn |
     2016 1  |          0  (empty)
     2018 1  |  -.1305282   .0207213    -6.30   0.000    -.1711605    -.089896
     2020 1  |  -.0452004   .0173199    -2.61   0.009    -.0791629   -.0112379
     2022 1  |   .0395456   .0342223     1.16   0.248    -.0275607    .1066518
     2024 1  |          0  (omitted)
             |
    1.female |  -.4283294   .0063395   -67.57   0.000    -.4407605   -.4158984
    edad_pob |    .072725   .0007292    99.74   0.000     .0712952    .0741548
      edadsq |   -.000794   8.29e-06   -95.83   0.000    -.0008102   -.0007777
years_of_s~y |   .0744475   .0007744    96.14   0.000     .0729291     .075966
 hoursworked |    .016967   .0001929    87.97   0.000     .0165888    .0173452
  1.employed |    .305544    .023417    13.05   0.000     .2596257    .3514623
       _cons |   5.737052   .0289596   198.11   0.000     5.680265    5.793838
------------------------------------------------------------------------------

Absorbed degrees of freedom:
-----------------------------------------------------+
 Absorbed FE | Categories  - Redundant  = Num. Coefs |
-------------+---------------------------------------|
   ubica_geo |      2554        2554           0    *|
-----------------------------------------------------+
* = FE nested within cluster; treated as redundant for DoF computation
(dropped 317 singleton observations)
(MWFE estimator converged in 1 iterations)
note: 1bn.zlfn is probably collinear with the fixed effects (all partialled-out
>  values are close to zero; tol = 1.0e-09)
note: 2024.year omitted because of collinearity
note: 2024o.year#0b.zlfn omitted because of collinearity

HDFE Linear regression                            Number of obs   =     42,368
Absorbing 1 HDFE group                            F(  12,   1230) =     478.15
Statistics robust to heteroskedasticity           Prob > F        =     0.0000
                                                  R-squared       =     0.4256
                                                  Adj R-squared   =     0.4082
                                                  Within R-sq.    =     0.2858
Number of clusters (ubica_geo) =      1,231       Root MSE        =     1.1199

                          (Std. err. adjusted for 1,231 clusters in ubica_geo)
------------------------------------------------------------------------------
             |               Robust
         lni | Coefficient  std. err.      t    P>|t|     [95% conf. interval]
-------------+----------------------------------------------------------------
        year |
       2018  |   -.351423   .0427905    -8.21   0.000    -.4353734   -.2674725
       2020  |  -.4177768   .0424838    -9.83   0.000    -.5011255   -.3344281
       2022  |   -.116273   .0388553    -2.99   0.003    -.1925029    -.040043
       2024  |          0  (omitted)
             |
      1.zlfn |          0  (omitted)
             |
   year#zlfn |
     2016 1  |          0  (empty)
     2018 1  |   .1533458   .0648349     2.37   0.018     .0261465    .2805451
     2020 1  |   .2289548   .0949377     2.41   0.016     .0426969    .4152126
     2022 1  |   .2045225   .0796718     2.57   0.010     .0482147    .3608303
     2024 1  |          0  (omitted)
             |
    1.female |  -.6114655   .0211028   -28.98   0.000    -.6528669   -.5700641
    edad_pob |   .0575474   .0020789    27.68   0.000     .0534687     .061626
      edadsq |  -.0006982   .0000226   -30.95   0.000    -.0007425   -.0006539
years_of_s~y |   .0627895   .0023864    26.31   0.000     .0581076    .0674713
 hoursworked |   .0188416   .0005118    36.81   0.000     .0178374    .0198457
  1.employed |   .0615192   .0948497     0.65   0.517    -.1245659    .2476043
       _cons |   5.980947   .1040917    57.46   0.000      5.77673    6.185164
------------------------------------------------------------------------------

Absorbed degrees of freedom:
-----------------------------------------------------+
 Absorbed FE | Categories  - Redundant  = Num. Coefs |
-------------+---------------------------------------|
   ubica_geo |      1231        1231           0    *|
-----------------------------------------------------+
* = FE nested within cluster; treated as redundant for DoF computation
file ../../paper/figures/plot-event-income-hli-nonind-year.png written in PNG f
> ormat
file ../../paper/figures/plot-event-income-hli-ind-year.png written in PNG form
> at
(dropped 69 singleton observations)
(MWFE estimator converged in 1 iterations)
note: 1bn.zlfn is probably collinear with the fixed effects (all partialled-out
>  values are close to zero; tol = 1.0e-09)
note: 2024.year omitted because of collinearity
note: 2024o.year#0b.zlfn omitted because of collinearity

HDFE Linear regression                            Number of obs   =    373,557
Absorbing 1 HDFE group                            F(  12,   2460) =    2736.49
Statistics robust to heteroskedasticity           Prob > F        =     0.0000
                                                  R-squared       =     0.3741
                                                  Adj R-squared   =     0.3699
                                                  Within R-sq.    =     0.2880
Number of clusters (ubica_geo) =      2,461       Root MSE        =     0.8842

                          (Std. err. adjusted for 2,461 clusters in ubica_geo)
------------------------------------------------------------------------------
             |               Robust
         lni | Coefficient  std. err.      t    P>|t|     [95% conf. interval]
-------------+----------------------------------------------------------------
        year |
       2018  |  -.1920171   .0090271   -21.27   0.000    -.2097186   -.1743156
       2020  |  -.2831838   .0098951   -28.62   0.000    -.3025873   -.2637802
       2022  |  -.1424238   .0070632   -20.16   0.000    -.1562742   -.1285733
       2024  |          0  (omitted)
             |
      1.zlfn |          0  (omitted)
             |
   year#zlfn |
     2016 1  |          0  (empty)
     2018 1  |  -.1400646   .0227812    -6.15   0.000    -.1847369   -.0953922
     2020 1  |  -.0602905   .0169312    -3.56   0.000    -.0934914   -.0270897
     2022 1  |   .0407446   .0346297     1.18   0.239    -.0271617     .108651
     2024 1  |          0  (omitted)
             |
    1.female |  -.4092812   .0063525   -64.43   0.000     -.421738   -.3968244
    edad_pob |   .0723588   .0007845    92.24   0.000     .0708206    .0738971
      edadsq |  -.0007873   8.95e-06   -87.99   0.000    -.0008048   -.0007697
years_of_s~y |   .0759576   .0008017    94.75   0.000     .0743855    .0775296
 hoursworked |    .016722   .0001967    85.02   0.000     .0163363    .0171076
  1.employed |   .3154709   .0268847    11.73   0.000     .2627519    .3681899
       _cons |   5.764961   .0320586   179.83   0.000     5.702096    5.827826
------------------------------------------------------------------------------

Absorbed degrees of freedom:
-----------------------------------------------------+
 Absorbed FE | Categories  - Redundant  = Num. Coefs |
-------------+---------------------------------------|
   ubica_geo |      2461        2461           0    *|
-----------------------------------------------------+
* = FE nested within cluster; treated as redundant for DoF computation
(dropped 48 singleton observations)
(MWFE estimator converged in 1 iterations)
note: 1bn.zlfn is probably collinear with the fixed effects (all partialled-out
>  values are close to zero; tol = 1.0e-09)
note: 2024.year omitted because of collinearity
note: 2024o.year#0b.zlfn omitted because of collinearity

HDFE Linear regression                            Number of obs   =    165,383
Absorbing 1 HDFE group                            F(  12,   2535) =    1256.72
Statistics robust to heteroskedasticity           Prob > F        =     0.0000
                                                  R-squared       =     0.4077
                                                  Adj R-squared   =     0.3985
                                                  Within R-sq.    =     0.2831
Number of clusters (ubica_geo) =      2,536       Root MSE        =     1.0111

                          (Std. err. adjusted for 2,536 clusters in ubica_geo)
------------------------------------------------------------------------------
             |               Robust
         lni | Coefficient  std. err.      t    P>|t|     [95% conf. interval]
-------------+----------------------------------------------------------------
        year |
       2018  |  -.2583027   .0201728   -12.80   0.000    -.2978596   -.2187459
       2020  |   -.339224   .0186743   -18.17   0.000    -.3758425   -.3026055
       2022  |  -.1453525   .0187807    -7.74   0.000    -.1821796   -.1085255
       2024  |          0  (omitted)
             |
      1.zlfn |          0  (omitted)
             |
   year#zlfn |
     2016 1  |          0  (empty)
     2018 1  |  -.0293662   .0505792    -0.58   0.562     -.128547    .0698145
     2020 1  |   .0815304    .045415     1.80   0.073    -.0075238    .1705846
     2022 1  |   .0957902   .0502211     1.91   0.057    -.0026884    .1942688
     2024 1  |          0  (omitted)
             |
    1.female |  -.5140129   .0094628   -54.32   0.000    -.5325686   -.4954572
    edad_pob |   .0702528   .0012181    57.68   0.000     .0678644    .0726413
      edadsq |  -.0007923   .0000139   -57.09   0.000    -.0008195   -.0007651
years_of_s~y |   .0688505   .0012658    54.39   0.000     .0663684    .0713326
 hoursworked |   .0179862    .000289    62.24   0.000     .0174195    .0185528
  1.employed |   .2397818   .0377263     6.36   0.000     .1658042    .3137594
       _cons |   5.696195   .0468642   121.55   0.000     5.604299    5.788091
------------------------------------------------------------------------------

Absorbed degrees of freedom:
-----------------------------------------------------+
 Absorbed FE | Categories  - Redundant  = Num. Coefs |
-------------+---------------------------------------|
   ubica_geo |      2536        2536           0    *|
-----------------------------------------------------+
* = FE nested within cluster; treated as redundant for DoF computation
file ../../paper/figures/plot-event-income-indig-nonind-year.png written in PNG
>  format
file ../../paper/figures/plot-event-income-indig-ind-year.png written in PNG fo
> rmat

. *************************************************
. *************** Read ENIGH Month ****************
. *************************************************
. 
. *** REPLICATION FILE: read-enighmonth
. *** STATA VERSION: StataNow 19.5
. *** AUTHORS: Matías Carrasco, Victor Ortega Le Hénanff
. *** DATE: 2026-03-20
. 
. *  Loads the monthly panel produced by
. *  code/build/enigh-month.do, harmonizes variable
. *  names to match read-enighyear.do interface.
. 
. *  Called inside foreach loops in analysis do-files:
. *     do read-enighmonth.do
. 
. *************************************************
. ****************** Load Data ********************
. *************************************************
. 
. use "../../data/clean/enigh/enigh-month.dta", clear

. 
. *************************************************
. ********** Harmonize Variable Names *************
. *************************************************
. 
. rename zona_a zlfn

. rename edad edad_pob

. rename indigenous etnia

. 
. gen female = 1 - gender

. 
. gen post = (year > 2018)

. label variable post "Post-Treatment (year > 2018)"

. label variable female "Female"

. 
. *************************************************
. ***************** Controls **********************
. *************************************************
. 
. global controls i.female edad_pob edadsq years_of_study hoursworked i.employe
> d

. 
end of do-file
(dropped 1 singleton observations)
(MWFE estimator converged in 7 iterations)
note: 1bn.zlfn is probably collinear with the fixed effects (all partialled-out
>  values are close to zero; tol = 1.0e-09)
note: 20485bn.time is probably collinear with the fixed effects (all partialled
> -out values are close to zero; tol = 1.0e-09)
note: 20514bn.time is probably collinear with the fixed effects (all partialled
> -out values are close to zero; tol = 1.0e-09)
note: 20545bn.time is probably collinear with the fixed effects (all partialled
> -out values are close to zero; tol = 1.0e-09)
note: 20575bn.time is probably collinear with the fixed effects (all partialled
> -out values are close to zero; tol = 1.0e-09)
note: 20606bn.time is probably collinear with the fixed effects (all partialled
> -out values are close to zero; tol = 1.0e-09)
note: 20636bn.time is probably collinear with the fixed effects (all partialled
> -out values are close to zero; tol = 1.0e-09)
note: 20667bn.time is probably collinear with the fixed effects (all partialled
> -out values are close to zero; tol = 1.0e-09)
note: 20698bn.time is probably collinear with the fixed effects (all partialled
> -out values are close to zero; tol = 1.0e-09)
note: 20728bn.time is probably collinear with the fixed effects (all partialled
> -out values are close to zero; tol = 1.0e-09)
note: 21216bn.time is probably collinear with the fixed effects (all partialled
> -out values are close to zero; tol = 1.0e-09)
note: 21244bn.time is probably collinear with the fixed effects (all partialled
> -out values are close to zero; tol = 1.0e-09)
note: 21275bn.time is probably collinear with the fixed effects (all partialled
> -out values are close to zero; tol = 1.0e-09)
note: 21305bn.time is probably collinear with the fixed effects (all partialled
> -out values are close to zero; tol = 1.0e-09)
note: 21336bn.time is probably collinear with the fixed effects (all partialled
> -out values are close to zero; tol = 1.0e-09)
note: 21366bn.time is probably collinear with the fixed effects (all partialled
> -out values are close to zero; tol = 1.0e-09)
note: 21428bn.time is probably collinear with the fixed effects (all partialled
> -out values are close to zero; tol = 1.0e-09)
note: 21458bn.time is probably collinear with the fixed effects (all partialled
> -out values are close to zero; tol = 1.0e-09)
note: 21946bn.time is probably collinear with the fixed effects (all partialled
> -out values are close to zero; tol = 1.0e-09)
note: 21975bn.time is probably collinear with the fixed effects (all partialled
> -out values are close to zero; tol = 1.0e-09)
note: 22006bn.time is probably collinear with the fixed effects (all partialled
> -out values are close to zero; tol = 1.0e-09)
note: 22036bn.time is probably collinear with the fixed effects (all partialled
> -out values are close to zero; tol = 1.0e-09)
note: 22067bn.time is probably collinear with the fixed effects (all partialled
> -out values are close to zero; tol = 1.0e-09)
note: 22097bn.time is probably collinear with the fixed effects (all partialled
> -out values are close to zero; tol = 1.0e-09)
note: 22128bn.time is probably collinear with the fixed effects (all partialled
> -out values are close to zero; tol = 1.0e-09)
note: 22159bn.time is probably collinear with the fixed effects (all partialled
> -out values are close to zero; tol = 1.0e-09)
note: 22189bn.time is probably collinear with the fixed effects (all partialled
> -out values are close to zero; tol = 1.0e-09)
note: 22677bn.time is probably collinear with the fixed effects (all partialled
> -out values are close to zero; tol = 1.0e-09)
note: 22705bn.time is probably collinear with the fixed effects (all partialled
> -out values are close to zero; tol = 1.0e-09)
note: 22736bn.time is probably collinear with the fixed effects (all partialled
> -out values are close to zero; tol = 1.0e-09)
note: 22766bn.time is probably collinear with the fixed effects (all partialled
> -out values are close to zero; tol = 1.0e-09)
note: 22797bn.time is probably collinear with the fixed effects (all partialled
> -out values are close to zero; tol = 1.0e-09)
note: 22827bn.time is probably collinear with the fixed effects (all partialled
> -out values are close to zero; tol = 1.0e-09)
note: 22858bn.time is probably collinear with the fixed effects (all partialled
> -out values are close to zero; tol = 1.0e-09)
note: 22889bn.time is probably collinear with the fixed effects (all partialled
> -out values are close to zero; tol = 1.0e-09)
note: 22919bn.time is probably collinear with the fixed effects (all partialled
> -out values are close to zero; tol = 1.0e-09)

HDFE Linear regression                            Number of obs   =  2,213,935
Absorbing 2 HDFE groups                           F(  41,   1580) =     823.84
Statistics robust to heteroskedasticity           Prob > F        =     0.0000
                                                  R-squared       =     0.3342
                                                  Adj R-squared   =     0.3337
                                                  Within R-sq.    =     0.2377
Number of clusters (ubica_geo) =      1,581       Root MSE        =     0.8628

                          (Std. err. adjusted for 1,581 clusters in ubica_geo)
------------------------------------------------------------------------------
             |               Robust
         lni | Coefficient  std. err.      t    P>|t|     [95% conf. interval]
-------------+----------------------------------------------------------------
      1.zlfn |          0  (omitted)
             |
        time |
      20485  |          0  (omitted)
      20514  |          0  (omitted)
      20545  |          0  (omitted)
      20575  |          0  (omitted)
      20606  |          0  (omitted)
      20636  |          0  (omitted)
      20667  |          0  (omitted)
      20698  |          0  (omitted)
      20728  |          0  (omitted)
      21216  |          0  (omitted)
      21244  |          0  (omitted)
      21275  |          0  (omitted)
      21305  |          0  (omitted)
      21336  |          0  (omitted)
      21366  |          0  (omitted)
      21428  |          0  (omitted)
      21458  |          0  (omitted)
      21946  |          0  (omitted)
      21975  |          0  (omitted)
      22006  |          0  (omitted)
      22036  |          0  (omitted)
      22067  |          0  (omitted)
      22097  |          0  (omitted)
      22128  |          0  (omitted)
      22159  |          0  (omitted)
      22189  |          0  (omitted)
      22677  |          0  (omitted)
      22705  |          0  (omitted)
      22736  |          0  (omitted)
      22766  |          0  (omitted)
      22797  |          0  (omitted)
      22827  |          0  (omitted)
      22858  |          0  (omitted)
      22889  |          0  (omitted)
      22919  |          0  (omitted)
             |
   zlfn#time |
    1 20485  |   .0045555   .0475971     0.10   0.924    -.0888046    .0979155
    1 20514  |  -.0024164   .0294269    -0.08   0.935    -.0601363    .0553036
    1 20545  |   .0118943   .0274346     0.43   0.665    -.0419177    .0657063
    1 20575  |  -.0323156   .0256519    -1.26   0.208    -.0826309    .0179997
    1 20606  |  -.0273284   .0222657    -1.23   0.220    -.0710018    .0163451
    1 20636  |   .0195522   .0330228     0.59   0.554    -.0452208    .0843252
    1 20667  |  -.0285737   .0182541    -1.57   0.118    -.0643785    .0072311
    1 20698  |   .0017205   .0219967     0.08   0.938    -.0414254    .0448663
    1 20728  |  -.0081629   .0268186    -0.30   0.761    -.0607668    .0444409
    1 21216  |  -.0457283   .0314102    -1.46   0.146    -.1073383    .0158817
    1 21244  |   .0281668   .0188243     1.50   0.135    -.0087564    .0650901
    1 21275  |  -.0394495   .0181926    -2.17   0.030    -.0751336   -.0037654
    1 21305  |  -.0321298   .0143109    -2.25   0.025    -.0602002   -.0040594
    1 21336  |   .0046163   .0160372     0.29   0.773    -.0268401    .0360727
    1 21366  |  -.0296344   .0144876    -2.05   0.041    -.0580513   -.0012176
    1 21428  |   .0020587   .0206728     0.10   0.921    -.0384904    .0426077
    1 21458  |  -.0265935   .0191496    -1.39   0.165    -.0641548    .0109677
    1 21946  |   .0667611   .0411844     1.62   0.105    -.0140207    .1475429
    1 21975  |   .0267633   .0255232     1.05   0.295    -.0232997    .0768262
    1 22006  |   .0458155   .0319616     1.43   0.152    -.0168762    .1085071
    1 22036  |   .0770101   .0303497     2.54   0.011     .0174802      .13654
    1 22067  |   .0418627   .0269374     1.55   0.120    -.0109741    .0946994
    1 22097  |   .0766906   .0207202     3.70   0.000     .0360485    .1173327
    1 22128  |   .0819004   .0264768     3.09   0.002     .0299671    .1338338
    1 22159  |   .0479128   .0249213     1.92   0.055    -.0009695    .0967951
    1 22189  |   .0916595   .0222899     4.11   0.000     .0479387    .1353803
    1 22677  |   .1303018   .0486642     2.68   0.007     .0348486    .2257551
    1 22705  |   .0904907   .0422247     2.14   0.032     .0076685     .173313
    1 22736  |   .1466284   .0350024     4.19   0.000     .0779725    .2152844
    1 22766  |   .1018732   .0307812     3.31   0.001     .0414969    .1622495
    1 22797  |   .1296977   .0281457     4.61   0.000     .0744909    .1849046
    1 22827  |    .129116   .0300611     4.30   0.000     .0701521    .1880798
    1 22858  |   .1261651   .0209143     6.03   0.000     .0851424    .1671879
    1 22889  |   .1470122   .0156069     9.42   0.000     .1163998    .1776246
    1 22919  |   .1285126   .0183014     7.02   0.000      .092615    .1644102
             |
    1.female |  -.3302131   .0052005   -63.50   0.000    -.3404137   -.3200125
    edad_pob |   .0418301   .0006977    59.95   0.000     .0404615    .0431987
      edadsq |  -.0003751   7.83e-06   -47.91   0.000    -.0003904   -.0003597
years_of_s~y |   .0800002   .0009181    87.13   0.000     .0781994    .0818011
 hoursworked |     .01299   .0001642    79.09   0.000     .0126678    .0133121
             |
    employed |
   Employed  |   .2238153   .0162203    13.80   0.000     .1919997    .2556309
       _cons |   6.431224   .0226412   284.05   0.000     6.386815    6.475634
------------------------------------------------------------------------------

Absorbed degrees of freedom:
-----------------------------------------------------+
 Absorbed FE | Categories  - Redundant  = Num. Coefs |
-------------+---------------------------------------|
   ubica_geo |      1581        1581           0    *|
        time |        36           1          35     |
-----------------------------------------------------+
* = FE nested within cluster; treated as redundant for DoF computation
(dropped 4 singleton observations)
(MWFE estimator converged in 8 iterations)
note: 1bn.zlfn is probably collinear with the fixed effects (all partialled-out
>  values are close to zero; tol = 1.0e-09)
note: 20485bn.time is probably collinear with the fixed effects (all partialled
> -out values are close to zero; tol = 1.0e-09)
note: 20514bn.time is probably collinear with the fixed effects (all partialled
> -out values are close to zero; tol = 1.0e-09)
note: 20545bn.time is probably collinear with the fixed effects (all partialled
> -out values are close to zero; tol = 1.0e-09)
note: 20575bn.time is probably collinear with the fixed effects (all partialled
> -out values are close to zero; tol = 1.0e-09)
note: 20606bn.time is probably collinear with the fixed effects (all partialled
> -out values are close to zero; tol = 1.0e-09)
note: 20636bn.time is probably collinear with the fixed effects (all partialled
> -out values are close to zero; tol = 1.0e-09)
note: 20667bn.time is probably collinear with the fixed effects (all partialled
> -out values are close to zero; tol = 1.0e-09)
note: 20698bn.time is probably collinear with the fixed effects (all partialled
> -out values are close to zero; tol = 1.0e-09)
note: 20728bn.time is probably collinear with the fixed effects (all partialled
> -out values are close to zero; tol = 1.0e-09)
note: 21216bn.time is probably collinear with the fixed effects (all partialled
> -out values are close to zero; tol = 1.0e-09)
note: 21244bn.time is probably collinear with the fixed effects (all partialled
> -out values are close to zero; tol = 1.0e-09)
note: 21275bn.time is probably collinear with the fixed effects (all partialled
> -out values are close to zero; tol = 1.0e-09)
note: 21305bn.time is probably collinear with the fixed effects (all partialled
> -out values are close to zero; tol = 1.0e-09)
note: 21336bn.time is probably collinear with the fixed effects (all partialled
> -out values are close to zero; tol = 1.0e-09)
note: 21366bn.time is probably collinear with the fixed effects (all partialled
> -out values are close to zero; tol = 1.0e-09)
note: 21428bn.time is probably collinear with the fixed effects (all partialled
> -out values are close to zero; tol = 1.0e-09)
note: 21458bn.time is probably collinear with the fixed effects (all partialled
> -out values are close to zero; tol = 1.0e-09)
note: 21946bn.time is probably collinear with the fixed effects (all partialled
> -out values are close to zero; tol = 1.0e-09)
note: 21975bn.time is probably collinear with the fixed effects (all partialled
> -out values are close to zero; tol = 1.0e-09)
note: 22006bn.time is probably collinear with the fixed effects (all partialled
> -out values are close to zero; tol = 1.0e-09)
note: 22036bn.time is probably collinear with the fixed effects (all partialled
> -out values are close to zero; tol = 1.0e-09)
note: 22067bn.time is probably collinear with the fixed effects (all partialled
> -out values are close to zero; tol = 1.0e-09)
note: 22097bn.time is probably collinear with the fixed effects (all partialled
> -out values are close to zero; tol = 1.0e-09)
note: 22128bn.time is probably collinear with the fixed effects (all partialled
> -out values are close to zero; tol = 1.0e-09)
note: 22159bn.time is probably collinear with the fixed effects (all partialled
> -out values are close to zero; tol = 1.0e-09)
note: 22189bn.time is probably collinear with the fixed effects (all partialled
> -out values are close to zero; tol = 1.0e-09)
note: 22677bn.time is probably collinear with the fixed effects (all partialled
> -out values are close to zero; tol = 1.0e-09)
note: 22705bn.time is probably collinear with the fixed effects (all partialled
> -out values are close to zero; tol = 1.0e-09)
note: 22736bn.time is probably collinear with the fixed effects (all partialled
> -out values are close to zero; tol = 1.0e-09)
note: 22766bn.time is probably collinear with the fixed effects (all partialled
> -out values are close to zero; tol = 1.0e-09)
note: 22797bn.time is probably collinear with the fixed effects (all partialled
> -out values are close to zero; tol = 1.0e-09)
note: 22827bn.time is probably collinear with the fixed effects (all partialled
> -out values are close to zero; tol = 1.0e-09)
note: 22858bn.time is probably collinear with the fixed effects (all partialled
> -out values are close to zero; tol = 1.0e-09)
note: 22889bn.time is probably collinear with the fixed effects (all partialled
> -out values are close to zero; tol = 1.0e-09)
note: 22919bn.time is probably collinear with the fixed effects (all partialled
> -out values are close to zero; tol = 1.0e-09)

HDFE Linear regression                            Number of obs   =    195,432
Absorbing 2 HDFE groups                           F(  41,   1035) =     113.88
Statistics robust to heteroskedasticity           Prob > F        =     0.0000
                                                  R-squared       =     0.3166
                                                  Adj R-squared   =     0.3127
                                                  Within R-sq.    =     0.1583
Number of clusters (ubica_geo) =      1,036       Root MSE        =     1.0958

                          (Std. err. adjusted for 1,036 clusters in ubica_geo)
------------------------------------------------------------------------------
             |               Robust
         lni | Coefficient  std. err.      t    P>|t|     [95% conf. interval]
-------------+----------------------------------------------------------------
      1.zlfn |          0  (omitted)
             |
        time |
      20485  |          0  (omitted)
      20514  |          0  (omitted)
      20545  |          0  (omitted)
      20575  |          0  (omitted)
      20606  |          0  (omitted)
      20636  |          0  (omitted)
      20667  |          0  (omitted)
      20698  |          0  (omitted)
      20728  |          0  (omitted)
      21216  |          0  (omitted)
      21244  |          0  (omitted)
      21275  |          0  (omitted)
      21305  |          0  (omitted)
      21336  |          0  (omitted)
      21366  |          0  (omitted)
      21428  |          0  (omitted)
      21458  |          0  (omitted)
      21946  |          0  (omitted)
      21975  |          0  (omitted)
      22006  |          0  (omitted)
      22036  |          0  (omitted)
      22067  |          0  (omitted)
      22097  |          0  (omitted)
      22128  |          0  (omitted)
      22159  |          0  (omitted)
      22189  |          0  (omitted)
      22677  |          0  (omitted)
      22705  |          0  (omitted)
      22736  |          0  (omitted)
      22766  |          0  (omitted)
      22797  |          0  (omitted)
      22827  |          0  (omitted)
      22858  |          0  (omitted)
      22889  |          0  (omitted)
      22919  |          0  (omitted)
             |
   zlfn#time |
    1 20485  |  -.1570755   .1654952    -0.95   0.343    -.4818198    .1676688
    1 20514  |   -.000023   .1126269    -0.00   1.000    -.2210262    .2209801
    1 20545  |  -.0213532    .091806    -0.23   0.816    -.2015003     .158794
    1 20575  |   .0426427   .0684864     0.62   0.534    -.0917453    .1770306
    1 20606  |  -.1401486   .0942625    -1.49   0.137    -.3251159    .0448188
    1 20636  |   .1077921   .0858355     1.26   0.209    -.0606394    .2762235
    1 20667  |  -.1102676   .0607669    -1.81   0.070     -.229508    .0089727
    1 20698  |   .0317426   .0637805     0.50   0.619    -.0934113    .1568965
    1 20728  |  -.1991853    .087514    -2.28   0.023    -.3709103   -.0274602
    1 21216  |  -.0220058   .1130787    -0.19   0.846    -.2438955    .1998838
    1 21244  |   .2095154    .042554     4.92   0.000     .1260135    .2930174
    1 21275  |  -.0531146   .0436775    -1.22   0.224    -.1388212    .0325919
    1 21305  |  -.0152751   .0243346    -0.63   0.530    -.0630259    .0324758
    1 21336  |   .0913445    .048046     1.90   0.058    -.0029342    .1856231
    1 21366  |   .0300447     .04625     0.65   0.516    -.0607098    .1207993
    1 21428  |   .0477239    .042656     1.12   0.263    -.0359781     .131426
    1 21458  |  -.1711586   .0360484    -4.75   0.000    -.2418949   -.1004223
    1 21946  |  -.3951374   .4690429    -0.84   0.400    -1.315521    .5252461
    1 21975  |   .0134251   .1551594     0.09   0.931    -.2910378     .317888
    1 22006  |   .0974285    .114712     0.85   0.396    -.1276662    .3225231
    1 22036  |   .2533857   .1265578     2.00   0.046     .0050465    .5017249
    1 22067  |   .0978168   .1105059     0.89   0.376    -.1190243     .314658
    1 22097  |   .0879943      .0893     0.99   0.325    -.0872355    .2632241
    1 22128  |   .2144615    .086569     2.48   0.013     .0445907    .3843322
    1 22159  |   .1375263   .0895358     1.54   0.125     -.038166    .3132187
    1 22189  |   .2033033   .0841183     2.42   0.016     .0382415    .3683652
    1 22677  |   .4022759   .1720196     2.34   0.020      .064729    .7398229
    1 22705  |   .0211748   .0897623     0.24   0.814     -.154962    .1973116
    1 22736  |   .2060064   .1018626     2.02   0.043     .0061257    .4058872
    1 22766  |   .0098799   .0965149     0.10   0.918    -.1795073    .1992671
    1 22797  |   .0848914   .0911103     0.93   0.352    -.0938906    .2636734
    1 22827  |   .0369894   .1139106     0.32   0.745    -.1865328    .2605115
    1 22858  |  -.0137449   .0825838    -0.17   0.868    -.1757956    .1483058
    1 22889  |  -.1431208    .081949    -1.75   0.081     -.303926    .0176844
    1 22919  |    .031411   .0870194     0.36   0.718    -.1393437    .2021656
             |
    1.female |   -.336555   .0203018   -16.58   0.000    -.3763925   -.2967175
    edad_pob |   .0184493   .0020142     9.16   0.000     .0144969    .0224018
      edadsq |  -.0001501   .0000208    -7.22   0.000    -.0001909   -.0001094
years_of_s~y |   .0710504   .0025146    28.26   0.000     .0661161    .0759847
 hoursworked |   .0139588   .0003625    38.51   0.000     .0132475    .0146701
             |
    employed |
   Employed  |  -.2331756   .0399679    -5.83   0.000     -.311603   -.1547483
       _cons |   6.945152   .0607753   114.28   0.000     6.825896    7.064409
------------------------------------------------------------------------------

Absorbed degrees of freedom:
-----------------------------------------------------+
 Absorbed FE | Categories  - Redundant  = Num. Coefs |
-------------+---------------------------------------|
   ubica_geo |      1036        1036           0    *|
        time |        36           1          35     |
-----------------------------------------------------+
* = FE nested within cluster; treated as redundant for DoF computation
file ../../paper/figures/plot-event-income-hli-nonind-month.png written in PNG 
> format
file ../../paper/figures/plot-event-income-hli-ind-month.png written in PNG for
> mat
(MWFE estimator converged in 7 iterations)
note: 1bn.zlfn is probably collinear with the fixed effects (all partialled-out
>  values are close to zero; tol = 1.0e-09)
note: 20485bn.time is probably collinear with the fixed effects (all partialled
> -out values are close to zero; tol = 1.0e-09)
note: 20514bn.time is probably collinear with the fixed effects (all partialled
> -out values are close to zero; tol = 1.0e-09)
note: 20545bn.time is probably collinear with the fixed effects (all partialled
> -out values are close to zero; tol = 1.0e-09)
note: 20575bn.time is probably collinear with the fixed effects (all partialled
> -out values are close to zero; tol = 1.0e-09)
note: 20606bn.time is probably collinear with the fixed effects (all partialled
> -out values are close to zero; tol = 1.0e-09)
note: 20636bn.time is probably collinear with the fixed effects (all partialled
> -out values are close to zero; tol = 1.0e-09)
note: 20667bn.time is probably collinear with the fixed effects (all partialled
> -out values are close to zero; tol = 1.0e-09)
note: 20698bn.time is probably collinear with the fixed effects (all partialled
> -out values are close to zero; tol = 1.0e-09)
note: 20728bn.time is probably collinear with the fixed effects (all partialled
> -out values are close to zero; tol = 1.0e-09)
note: 21216bn.time is probably collinear with the fixed effects (all partialled
> -out values are close to zero; tol = 1.0e-09)
note: 21244bn.time is probably collinear with the fixed effects (all partialled
> -out values are close to zero; tol = 1.0e-09)
note: 21275bn.time is probably collinear with the fixed effects (all partialled
> -out values are close to zero; tol = 1.0e-09)
note: 21305bn.time is probably collinear with the fixed effects (all partialled
> -out values are close to zero; tol = 1.0e-09)
note: 21336bn.time is probably collinear with the fixed effects (all partialled
> -out values are close to zero; tol = 1.0e-09)
note: 21366bn.time is probably collinear with the fixed effects (all partialled
> -out values are close to zero; tol = 1.0e-09)
note: 21428bn.time is probably collinear with the fixed effects (all partialled
> -out values are close to zero; tol = 1.0e-09)
note: 21458bn.time is probably collinear with the fixed effects (all partialled
> -out values are close to zero; tol = 1.0e-09)
note: 21946bn.time is probably collinear with the fixed effects (all partialled
> -out values are close to zero; tol = 1.0e-09)
note: 21975bn.time is probably collinear with the fixed effects (all partialled
> -out values are close to zero; tol = 1.0e-09)
note: 22006bn.time is probably collinear with the fixed effects (all partialled
> -out values are close to zero; tol = 1.0e-09)
note: 22036bn.time is probably collinear with the fixed effects (all partialled
> -out values are close to zero; tol = 1.0e-09)
note: 22067bn.time is probably collinear with the fixed effects (all partialled
> -out values are close to zero; tol = 1.0e-09)
note: 22097bn.time is probably collinear with the fixed effects (all partialled
> -out values are close to zero; tol = 1.0e-09)
note: 22128bn.time is probably collinear with the fixed effects (all partialled
> -out values are close to zero; tol = 1.0e-09)
note: 22159bn.time is probably collinear with the fixed effects (all partialled
> -out values are close to zero; tol = 1.0e-09)
note: 22189bn.time is probably collinear with the fixed effects (all partialled
> -out values are close to zero; tol = 1.0e-09)
note: 22677bn.time is probably collinear with the fixed effects (all partialled
> -out values are close to zero; tol = 1.0e-09)
note: 22705bn.time is probably collinear with the fixed effects (all partialled
> -out values are close to zero; tol = 1.0e-09)
note: 22736bn.time is probably collinear with the fixed effects (all partialled
> -out values are close to zero; tol = 1.0e-09)
note: 22766bn.time is probably collinear with the fixed effects (all partialled
> -out values are close to zero; tol = 1.0e-09)
note: 22797bn.time is probably collinear with the fixed effects (all partialled
> -out values are close to zero; tol = 1.0e-09)
note: 22827bn.time is probably collinear with the fixed effects (all partialled
> -out values are close to zero; tol = 1.0e-09)
note: 22858bn.time is probably collinear with the fixed effects (all partialled
> -out values are close to zero; tol = 1.0e-09)
note: 22889bn.time is probably collinear with the fixed effects (all partialled
> -out values are close to zero; tol = 1.0e-09)
note: 22919bn.time is probably collinear with the fixed effects (all partialled
> -out values are close to zero; tol = 1.0e-09)

HDFE Linear regression                            Number of obs   =  1,630,781
Absorbing 2 HDFE groups                           F(  41,   1547) =     682.06
Statistics robust to heteroskedasticity           Prob > F        =     0.0000
                                                  R-squared       =     0.3377
                                                  Adj R-squared   =     0.3370
                                                  Within R-sq.    =     0.2459
Number of clusters (ubica_geo) =      1,548       Root MSE        =     0.8434

                          (Std. err. adjusted for 1,548 clusters in ubica_geo)
------------------------------------------------------------------------------
             |               Robust
         lni | Coefficient  std. err.      t    P>|t|     [95% conf. interval]
-------------+----------------------------------------------------------------
      1.zlfn |          0  (omitted)
             |
        time |
      20485  |          0  (omitted)
      20514  |          0  (omitted)
      20545  |          0  (omitted)
      20575  |          0  (omitted)
      20606  |          0  (omitted)
      20636  |          0  (omitted)
      20667  |          0  (omitted)
      20698  |          0  (omitted)
      20728  |          0  (omitted)
      21216  |          0  (omitted)
      21244  |          0  (omitted)
      21275  |          0  (omitted)
      21305  |          0  (omitted)
      21336  |          0  (omitted)
      21366  |          0  (omitted)
      21428  |          0  (omitted)
      21458  |          0  (omitted)
      21946  |          0  (omitted)
      21975  |          0  (omitted)
      22006  |          0  (omitted)
      22036  |          0  (omitted)
      22067  |          0  (omitted)
      22097  |          0  (omitted)
      22128  |          0  (omitted)
      22159  |          0  (omitted)
      22189  |          0  (omitted)
      22677  |          0  (omitted)
      22705  |          0  (omitted)
      22736  |          0  (omitted)
      22766  |          0  (omitted)
      22797  |          0  (omitted)
      22827  |          0  (omitted)
      22858  |          0  (omitted)
      22889  |          0  (omitted)
      22919  |          0  (omitted)
             |
   zlfn#time |
    1 20485  |   -.009244   .0462916    -0.20   0.842     -.100045     .081557
    1 20514  |  -.0091055   .0318362    -0.29   0.775    -.0715522    .0533412
    1 20545  |   .0141251   .0287306     0.49   0.623    -.0422299    .0704802
    1 20575  |   -.030835     .02558    -1.21   0.228    -.0810101    .0193401
    1 20606  |  -.0263486    .022304    -1.18   0.238     -.070098    .0174008
    1 20636  |   .0203105   .0323034     0.63   0.530    -.0430526    .0836737
    1 20667  |  -.0253251   .0202823    -1.25   0.212    -.0651088    .0144585
    1 20698  |   .0008164   .0220265     0.04   0.970    -.0423885    .0440213
    1 20728  |  -.0177919   .0267608    -0.66   0.506    -.0702833    .0346994
    1 21216  |  -.0304099   .0331798    -0.92   0.360     -.095492    .0346721
    1 21244  |   .0276832   .0208041     1.33   0.183    -.0131239    .0684904
    1 21275  |  -.0387573    .018456    -2.10   0.036    -.0749587    -.002556
    1 21305  |   -.030241   .0145407    -2.08   0.038    -.0587626   -.0017194
    1 21336  |   .0033631    .016019     0.21   0.834    -.0280582    .0347843
    1 21366  |  -.0254644   .0150329    -1.69   0.090    -.0549514    .0040226
    1 21428  |  -.0022351   .0217806    -0.10   0.918    -.0449577    .0404876
    1 21458  |  -.0272365   .0188952    -1.44   0.150    -.0642993    .0098263
    1 21946  |   .0529506    .042974     1.23   0.218    -.0313428     .137244
    1 21975  |   .0218583   .0263738     0.83   0.407     -.029874    .0735905
    1 22006  |   .0487184   .0337154     1.44   0.149    -.0174144    .1148512
    1 22036  |   .0743642   .0301748     2.46   0.014     .0151763    .1335521
    1 22067  |   .0424563   .0283969     1.50   0.135    -.0132442    .0981568
    1 22097  |   .0769353   .0201339     3.82   0.000     .0374427    .1164279
    1 22128  |   .0779379   .0265859     2.93   0.003     .0257898    .1300861
    1 22159  |    .041978   .0259001     1.62   0.105     -.008825     .092781
    1 22189  |   .0716621    .023336     3.07   0.002     .0258886    .1174356
    1 22677  |   .1367162   .0521463     2.62   0.009     .0344312    .2390012
    1 22705  |   .1028992   .0411037     2.50   0.012     .0222743    .1835241
    1 22736  |   .1479272   .0354484     4.17   0.000     .0783952    .2174591
    1 22766  |   .1134867   .0308502     3.68   0.000     .0529742    .1739993
    1 22797  |   .1418062   .0279626     5.07   0.000     .0869575    .1966548
    1 22827  |   .1399945   .0292913     4.78   0.000     .0825396    .1974494
    1 22858  |   .1361803   .0222535     6.12   0.000     .0925301    .1798306
    1 22889  |   .1543022   .0160211     9.63   0.000     .1228769    .1857275
    1 22919  |   .1394256    .018308     7.62   0.000     .1035146    .1753367
             |
    1.female |  -.3229952   .0054161   -59.64   0.000    -.3336188   -.3123715
    edad_pob |   .0423443   .0007852    53.93   0.000     .0408042    .0438844
      edadsq |  -.0003802   8.73e-06   -43.53   0.000    -.0003973    -.000363
years_of_s~y |   .0816648   .0009242    88.36   0.000      .079852    .0834777
 hoursworked |   .0129267    .000183    70.62   0.000     .0125677    .0132858
             |
    employed |
   Employed  |   .2476477   .0177591    13.94   0.000     .2128132    .2824821
       _cons |   6.423164   .0247487   259.54   0.000     6.374619    6.471708
------------------------------------------------------------------------------

Absorbed degrees of freedom:
-----------------------------------------------------+
 Absorbed FE | Categories  - Redundant  = Num. Coefs |
-------------+---------------------------------------|
   ubica_geo |      1548        1548           0    *|
        time |        36           1          35     |
-----------------------------------------------------+
* = FE nested within cluster; treated as redundant for DoF computation
(MWFE estimator converged in 7 iterations)
note: 1bn.zlfn is probably collinear with the fixed effects (all partialled-out
>  values are close to zero; tol = 1.0e-09)
note: 20485bn.time is probably collinear with the fixed effects (all partialled
> -out values are close to zero; tol = 1.0e-09)
note: 20514bn.time is probably collinear with the fixed effects (all partialled
> -out values are close to zero; tol = 1.0e-09)
note: 20545bn.time is probably collinear with the fixed effects (all partialled
> -out values are close to zero; tol = 1.0e-09)
note: 20575bn.time is probably collinear with the fixed effects (all partialled
> -out values are close to zero; tol = 1.0e-09)
note: 20606bn.time is probably collinear with the fixed effects (all partialled
> -out values are close to zero; tol = 1.0e-09)
note: 20636bn.time is probably collinear with the fixed effects (all partialled
> -out values are close to zero; tol = 1.0e-09)
note: 20667bn.time is probably collinear with the fixed effects (all partialled
> -out values are close to zero; tol = 1.0e-09)
note: 20698bn.time is probably collinear with the fixed effects (all partialled
> -out values are close to zero; tol = 1.0e-09)
note: 20728bn.time is probably collinear with the fixed effects (all partialled
> -out values are close to zero; tol = 1.0e-09)
note: 21216bn.time is probably collinear with the fixed effects (all partialled
> -out values are close to zero; tol = 1.0e-09)
note: 21244bn.time is probably collinear with the fixed effects (all partialled
> -out values are close to zero; tol = 1.0e-09)
note: 21275bn.time is probably collinear with the fixed effects (all partialled
> -out values are close to zero; tol = 1.0e-09)
note: 21305bn.time is probably collinear with the fixed effects (all partialled
> -out values are close to zero; tol = 1.0e-09)
note: 21336bn.time is probably collinear with the fixed effects (all partialled
> -out values are close to zero; tol = 1.0e-09)
note: 21366bn.time is probably collinear with the fixed effects (all partialled
> -out values are close to zero; tol = 1.0e-09)
note: 21428bn.time is probably collinear with the fixed effects (all partialled
> -out values are close to zero; tol = 1.0e-09)
note: 21458bn.time is probably collinear with the fixed effects (all partialled
> -out values are close to zero; tol = 1.0e-09)
note: 21946bn.time is probably collinear with the fixed effects (all partialled
> -out values are close to zero; tol = 1.0e-09)
note: 21975bn.time is probably collinear with the fixed effects (all partialled
> -out values are close to zero; tol = 1.0e-09)
note: 22006bn.time is probably collinear with the fixed effects (all partialled
> -out values are close to zero; tol = 1.0e-09)
note: 22036bn.time is probably collinear with the fixed effects (all partialled
> -out values are close to zero; tol = 1.0e-09)
note: 22067bn.time is probably collinear with the fixed effects (all partialled
> -out values are close to zero; tol = 1.0e-09)
note: 22097bn.time is probably collinear with the fixed effects (all partialled
> -out values are close to zero; tol = 1.0e-09)
note: 22128bn.time is probably collinear with the fixed effects (all partialled
> -out values are close to zero; tol = 1.0e-09)
note: 22159bn.time is probably collinear with the fixed effects (all partialled
> -out values are close to zero; tol = 1.0e-09)
note: 22189bn.time is probably collinear with the fixed effects (all partialled
> -out values are close to zero; tol = 1.0e-09)
note: 22677bn.time is probably collinear with the fixed effects (all partialled
> -out values are close to zero; tol = 1.0e-09)
note: 22705bn.time is probably collinear with the fixed effects (all partialled
> -out values are close to zero; tol = 1.0e-09)
note: 22736bn.time is probably collinear with the fixed effects (all partialled
> -out values are close to zero; tol = 1.0e-09)
note: 22766bn.time is probably collinear with the fixed effects (all partialled
> -out values are close to zero; tol = 1.0e-09)
note: 22797bn.time is probably collinear with the fixed effects (all partialled
> -out values are close to zero; tol = 1.0e-09)
note: 22827bn.time is probably collinear with the fixed effects (all partialled
> -out values are close to zero; tol = 1.0e-09)
note: 22858bn.time is probably collinear with the fixed effects (all partialled
> -out values are close to zero; tol = 1.0e-09)
note: 22889bn.time is probably collinear with the fixed effects (all partialled
> -out values are close to zero; tol = 1.0e-09)
note: 22919bn.time is probably collinear with the fixed effects (all partialled
> -out values are close to zero; tol = 1.0e-09)

HDFE Linear regression                            Number of obs   =    778,591
Absorbing 2 HDFE groups                           F(  41,   1599) =     339.45
Statistics robust to heteroskedasticity           Prob > F        =     0.0000
                                                  R-squared       =     0.3379
                                                  Adj R-squared   =     0.3365
                                                  Within R-sq.    =     0.2002
Number of clusters (ubica_geo) =      1,600       Root MSE        =     0.9638

                          (Std. err. adjusted for 1,600 clusters in ubica_geo)
------------------------------------------------------------------------------
             |               Robust
         lni | Coefficient  std. err.      t    P>|t|     [95% conf. interval]
-------------+----------------------------------------------------------------
      1.zlfn |          0  (omitted)
             |
        time |
      20485  |          0  (omitted)
      20514  |          0  (omitted)
      20545  |          0  (omitted)
      20575  |          0  (omitted)
      20606  |          0  (omitted)
      20636  |          0  (omitted)
      20667  |          0  (omitted)
      20698  |          0  (omitted)
      20728  |          0  (omitted)
      21216  |          0  (omitted)
      21244  |          0  (omitted)
      21275  |          0  (omitted)
      21305  |          0  (omitted)
      21336  |          0  (omitted)
      21366  |          0  (omitted)
      21428  |          0  (omitted)
      21458  |          0  (omitted)
      21946  |          0  (omitted)
      21975  |          0  (omitted)
      22006  |          0  (omitted)
      22036  |          0  (omitted)
      22067  |          0  (omitted)
      22097  |          0  (omitted)
      22128  |          0  (omitted)
      22159  |          0  (omitted)
      22189  |          0  (omitted)
      22677  |          0  (omitted)
      22705  |          0  (omitted)
      22736  |          0  (omitted)
      22766  |          0  (omitted)
      22797  |          0  (omitted)
      22827  |          0  (omitted)
      22858  |          0  (omitted)
      22889  |          0  (omitted)
      22919  |          0  (omitted)
             |
   zlfn#time |
    1 20485  |   .0448471   .0922126     0.49   0.627    -.1360233    .2257174
    1 20514  |   .0447148   .0469496     0.95   0.341    -.0473744     .136804
    1 20545  |   .0121224    .042297     0.29   0.774     -.070841    .0950858
    1 20575  |  -.0072621   .0468021    -0.16   0.877    -.0990621    .0845379
    1 20606  |  -.0372707   .0397863    -0.94   0.349    -.1153095    .0407681
    1 20636  |   .0450693   .0477204     0.94   0.345    -.0485317    .1386704
    1 20667  |  -.0486504   .0298164    -1.63   0.103    -.1071338     .009833
    1 20698  |   .0151675   .0487243     0.31   0.756    -.0804027    .1107378
    1 20728  |   .0063097   .0601146     0.10   0.916     -.111602    .1242214
    1 21216  |  -.1309108    .087515    -1.50   0.135     -.302567    .0407453
    1 21244  |   .0710892    .029634     2.40   0.017     .0129636    .1292149
    1 21275  |  -.0453246   .0264647    -1.71   0.087    -.0972337    .0065845
    1 21305  |  -.0350394   .0199177    -1.76   0.079    -.0741069    .0040281
    1 21336  |   .0183826   .0290135     0.63   0.526    -.0385259    .0752911
    1 21366  |  -.0392904   .0236068    -1.66   0.096    -.0855939    .0070131
    1 21428  |    .022022   .0322035     0.68   0.494    -.0411436    .0851875
    1 21458  |   -.074262   .0582359    -1.28   0.202    -.1884888    .0399647
    1 21946  |   .1188087   .1024582     1.16   0.246    -.0821578    .3197752
    1 21975  |   .0638303   .0488569     1.31   0.192        -.032    .1596607
    1 22006  |   .0605555     .04943     1.23   0.221    -.0363989    .1575099
    1 22036  |    .127459   .0536373     2.38   0.018     .0222522    .2326658
    1 22067  |   .0711469   .0365961     1.94   0.052    -.0006345    .1429282
    1 22097  |   .0900771   .0399223     2.26   0.024     .0117715    .1683826
    1 22128  |   .1216688   .0401638     3.03   0.002     .0428895    .2004481
    1 22159  |   .0976022   .0431725     2.26   0.024     .0129215    .1822829
    1 22189  |   .1850106   .0490843     3.77   0.000     .0887343    .2812869
    1 22677  |   .1763412   .0630772     2.80   0.005     .0526185     .300064
    1 22705  |   .0384665    .058103     0.66   0.508    -.0754996    .1524326
    1 22736  |   .1720073   .0531959     3.23   0.001     .0676662    .2763483
    1 22766  |   .0527712   .0488713     1.08   0.280    -.0430872    .1486297
    1 22797  |   .0872335   .0474784     1.84   0.066     -.005893    .1803599
    1 22827  |   .0855054   .0518822     1.65   0.100    -.0162589    .1872697
    1 22858  |   .0702092   .0412648     1.70   0.089    -.0107296     .151148
    1 22889  |   .0589573   .0429654     1.37   0.170    -.0253172    .1432318
    1 22919  |   .0613419   .0465677     1.32   0.188    -.0299982    .1526821
             |
    1.female |  -.3431789   .0076263   -45.00   0.000    -.3581375   -.3282203
    edad_pob |   .0346144   .0010164    34.06   0.000     .0326208    .0366079
      edadsq |  -.0003061   .0000113   -27.04   0.000    -.0003283   -.0002839
years_of_s~y |   .0750316   .0014704    51.03   0.000     .0721474    .0779157
 hoursworked |   .0134619   .0001971    68.29   0.000     .0130753    .0138486
             |
    employed |
   Employed  |   .0703321   .0231653     3.04   0.002     .0248946    .1157696
       _cons |   6.557752   .0337426   194.35   0.000     6.491567    6.623936
------------------------------------------------------------------------------

Absorbed degrees of freedom:
-----------------------------------------------------+
 Absorbed FE | Categories  - Redundant  = Num. Coefs |
-------------+---------------------------------------|
   ubica_geo |      1600        1600           0    *|
        time |        36           1          35     |
-----------------------------------------------------+
* = FE nested within cluster; treated as redundant for DoF computation
file ../../paper/figures/plot-event-income-indig-nonind-month.png written in PN
> G format
file ../../paper/figures/plot-event-income-indig-ind-month.png written in PNG f
> ormat

. 
. cap log close
