-------------------------------------------------------------------------------
      name:  <unnamed>
       log:  /Users/victorortega/Library/CloudStorage/Dropbox/CarrascoOrtega-mi
> nwage/code/estimate/log/plot-event-income-ethnic.log
  log type:  text
 opened on:  24 Mar 2026, 13:46:14

. 
. *************************************************
. **** Event Study: Income by HLI Status *********
. *************************************************
. 
. foreach ds in year month {
  2. 
. do read-enigh`ds'.do
  3. estimates clear
  4. cap mkdir "../../paper/figures"
  5. 
. if "`ds'" == "year" {
  6. 
.     reghdfe lni ib2016.year##i.zlfn $controls if indspeaker == 0, ///
>         absorb(ubica_geo) vce(cluster ubica_geo)
  7.     eststo graph1
  8. 
.     reghdfe lni ib2016.year##i.zlfn $controls if indspeaker == 1, ///
>         absorb(ubica_geo) vce(cluster ubica_geo)
  9.     eststo graph2
 10. 
.     coefplot graph1 ///
>         , keep(*.year#1.zlfn) vertical offset(0) ///
>         rename(2018.year#1.zlfn = "2018" 2020.year#1.zlfn = "2020" ///
>                2022.year#1.zlfn = "2022" 2024.year#1.zlfn = "2024") ///
>         recast(connected) lcolor("31 119 180") mcolor("31 119 180") msymbol(c
> ircle) lw(medthin) msize(small) ///
>         ciopts(recast(rarea) fcolor("31 119 180%30") lwidth(none)) ///
>         xline(2.5, lcolor(gs10) lpattern(dash)) ///
>         yline(0, lw(thin) lpattern(solid) lcolor(black)) ///
>         ytitle("Coefficient Estimate on Log Income") ///
>         xtitle("Year") ///
>         xlabel(, angle(0)) ///
>         graphregion(color(white)) bgcolor(white) ///
>         grid(glcolor(gs14) glwidth(thin))
 11.     graph export "../../paper/figures/plot-event-income-hli-nonind-year.pn
> g", replace width(4000) height(3000)
 12. 
.     coefplot graph2 ///
>         , keep(*.year#1.zlfn) vertical offset(0) ///
>         rename(2018.year#1.zlfn = "2018" 2020.year#1.zlfn = "2020" ///
>                2022.year#1.zlfn = "2022" 2024.year#1.zlfn = "2024") ///
>         recast(connected) lcolor("214 39 40") mcolor("214 39 40") msymbol(cir
> cle) lw(medthin) msize(small) ///
>         ciopts(recast(rarea) fcolor("214 39 40%30") lwidth(none)) ///
>         xline(2.5, lcolor(gs10) lpattern(dash)) ///
>         yline(0, lw(thin) lpattern(solid) lcolor(black)) ///
>         ytitle("Coefficient Estimate on Log Income") ///
>         xtitle("Year") ///
>         xlabel(, angle(0)) ///
>         graphregion(color(white)) bgcolor(white) ///
>         grid(glcolor(gs14) glwidth(thin))
 13.     graph export "../../paper/figures/plot-event-income-hli-ind-year.png",
>  replace width(4000) height(3000)
 14. 
.     *************************************************
.     ** Event Study: Income by Indigenous Identity ***
.     *************************************************
. 
.     estimates clear
 15. 
.     reghdfe lni ib2016.year##i.zlfn $controls if etnia == 0, ///
>         absorb(ubica_geo) vce(cluster ubica_geo)
 16.     eststo graph3
 17. 
.     reghdfe lni ib2016.year##i.zlfn $controls if etnia == 1, ///
>         absorb(ubica_geo) vce(cluster ubica_geo)
 18.     eststo graph4
 19. 
.     coefplot graph3 ///
>         , keep(*.year#1.zlfn) vertical offset(0) ///
>         rename(2018.year#1.zlfn = "2018" 2020.year#1.zlfn = "2020" ///
>                2022.year#1.zlfn = "2022" 2024.year#1.zlfn = "2024") ///
>         recast(connected) lcolor("31 119 180") mcolor("31 119 180") msymbol(c
> ircle) lw(medthin) msize(small) ///
>         ciopts(recast(rarea) fcolor("31 119 180%30") lwidth(none)) ///
>         xline(2.5, lcolor(gs10) lpattern(dash)) ///
>         yline(0, lw(thin) lpattern(solid) lcolor(black)) ///
>         ytitle("Coefficient Estimate on Log Income") ///
>         xtitle("Year") ///
>         xlabel(, angle(0)) ///
>         graphregion(color(white)) bgcolor(white) ///
>         grid(glcolor(gs14) glwidth(thin))
 20.     graph export "../../paper/figures/plot-event-income-indig-nonind-year.
> png", replace width(4000) height(3000)
 21. 
.     coefplot graph4 ///
>         , keep(*.year#1.zlfn) vertical offset(0) ///
>         rename(2018.year#1.zlfn = "2018" 2020.year#1.zlfn = "2020" ///
>                2022.year#1.zlfn = "2022" 2024.year#1.zlfn = "2024") ///
>         recast(connected) lcolor("214 39 40") mcolor("214 39 40") msymbol(cir
> cle) lw(medthin) msize(small) ///
>         ciopts(recast(rarea) fcolor("214 39 40%30") lwidth(none)) ///
>         xline(2.5, lcolor(gs10) lpattern(dash)) ///
>         yline(0, lw(thin) lpattern(solid) lcolor(black)) ///
>         ytitle("Coefficient Estimate on Log Income") ///
>         xtitle("Year") ///
>         xlabel(, angle(0)) ///
>         graphregion(color(white)) bgcolor(white) ///
>         grid(glcolor(gs14) glwidth(thin))
 22.     graph export "../../paper/figures/plot-event-income-indig-ind-year.png
> ", replace width(4000) height(3000)
 23. }
 24. 
. if "`ds'" == "month" {
 25. 
.     reghdfe lni i.zlfn##ib21397.time $controls if indspeaker == 0, ///
>         absorb(ubica_geo time) vce(cluster ubica_geo)
 26.     eststo graph1
 27. 
.     reghdfe lni i.zlfn##ib21397.time $controls if indspeaker == 1, ///
>         absorb(ubica_geo time) vce(cluster ubica_geo)
 28.     eststo graph2
 29. 
.     local month_keep ///
>         "1.zlfn#20485.time" "1.zlfn#20514.time" "1.zlfn#20545.time" ///
>         "1.zlfn#20575.time" "1.zlfn#20606.time" "1.zlfn#20636.time" ///
>         "1.zlfn#20667.time" "1.zlfn#20698.time" "1.zlfn#20728.time" ///
>         "1.zlfn#21216.time" "1.zlfn#21244.time" "1.zlfn#21275.time" ///
>         "1.zlfn#21305.time" "1.zlfn#21336.time" "1.zlfn#21366.time" ///
>         "1.zlfn#21397.time" "1.zlfn#21428.time" "1.zlfn#21458.time" ///
>         "1.zlfn#21946.time" "1.zlfn#21975.time" "1.zlfn#22006.time" ///
>         "1.zlfn#22036.time" "1.zlfn#22067.time" "1.zlfn#22097.time" ///
>         "1.zlfn#22128.time" "1.zlfn#22159.time" "1.zlfn#22189.time" ///
>         "1.zlfn#22677.time" "1.zlfn#22705.time" "1.zlfn#22736.time" ///
>         "1.zlfn#22766.time" "1.zlfn#22797.time" "1.zlfn#22827.time" ///
>         "1.zlfn#22858.time" "1.zlfn#22889.time" "1.zlfn#22919.time" ///
>         "1.zlfn#23407.time" "1.zlfn#23436.time" "1.zlfn#23467.time" ///
>         "1.zlfn#23497.time" "1.zlfn#23528.time" "1.zlfn#23558.time" ///
>         "1.zlfn#23589.time" "1.zlfn#23620.time" "1.zlfn#23650.time"
 30. 
.     local month_xlabel ///
>         1 "01feb2016" 2 "01mar2016" 3 "01apr2016" ///
>         4 "01may2016" 5 "01jun2016" 6 "01jul2016" ///
>         7 "01aug2016" 8 "01sep2016" 9 "01oct2016" ///
>         10 "01feb2018" 11 "01mar2018" 12 "01apr2018" ///
>         13 "01may2018" 14 "01jun2018" 15 "01jul2018" ///
>         16 "01aug2018" 17 "01sep2018" 18 "01oct2018" ///
>         19 "01feb2020" 20 "01mar2020" 21 "01apr2020" ///
>         22 "01may2020" 23 "01jun2020" 24 "01jul2020" ///
>         25 "01aug2020" 26 "01sep2020" 27 "01oct2020" ///
>         28 "01feb2022" 29 "01mar2022" 30 "01apr2022" ///
>         31 "01may2022" 32 "01jun2022" 33 "01jul2022" ///
>         34 "01aug2022" 35 "01sep2022" 36 "01oct2022" ///
>         37 "01feb2024" 38 "01mar2024" 39 "01apr2024" ///
>         40 "01may2024" 41 "01jun2024" 42 "01jul2024" ///
>         43 "01aug2024" 44 "01sep2024" 45 "01oct2024"
 31. 
.     coefplot graph1 ///
>         , keep(`month_keep') vertical ///
>         recast(connected) lcolor("31 119 180") mcolor("31 119 180") msymbol(c
> ircle) lw(medthin) msize(small) ///
>         ciopts(recast(rarea) fcolor("31 119 180%30") lwidth(none)) ///
>         xline(18.5, lcolor(gs10) lpattern(dash)) ///
>         yline(0, lw(thin) lpattern(solid) lcolor(black)) ///
>         xlabel(`month_xlabel', angle(90) labsize(small)) ///
>         graphregion(color(white)) bgcolor(white) ///
>         grid(glcolor(gs14) glwidth(thin))
 32.     graph export "../../paper/figures/plot-event-income-hli-nonind-month.p
> ng", replace width(4000) height(3000)
 33. 
.     coefplot graph2 ///
>         , keep(`month_keep') vertical ///
>         recast(connected) lcolor("214 39 40") mcolor("214 39 40") msymbol(cir
> cle) lw(medthin) msize(small) ///
>         ciopts(recast(rarea) fcolor("214 39 40%30") lwidth(none)) ///
>         xline(18.5, lcolor(gs10) lpattern(dash)) ///
>         yline(0, lw(thin) lpattern(solid) lcolor(black)) ///
>         xlabel(`month_xlabel', angle(90) labsize(small)) ///
>         graphregion(color(white)) bgcolor(white) ///
>         grid(glcolor(gs14) glwidth(thin))
 34.     graph export "../../paper/figures/plot-event-income-hli-ind-month.png"
> , replace width(4000) height(3000)
 35. 
.     *************************************************
.     ** Event Study: Income by Indigenous Identity ***
.     *************************************************
. 
.     estimates clear
 36. 
.     reghdfe lni i.zlfn##ib21397.time $controls if etnia == 0, ///
>         absorb(ubica_geo time) vce(cluster ubica_geo)
 37.     eststo graph3
 38. 
.     reghdfe lni i.zlfn##ib21397.time $controls if etnia == 1, ///
>         absorb(ubica_geo time) vce(cluster ubica_geo)
 39.     eststo graph4
 40. 
.     coefplot graph3 ///
>         , keep(`month_keep') vertical ///
>         recast(connected) lcolor("31 119 180") mcolor("31 119 180") msymbol(c
> ircle) lw(medthin) msize(small) ///
>         ciopts(recast(rarea) fcolor("31 119 180%30") lwidth(none)) ///
>         xline(18.5, lcolor(gs10) lpattern(dash)) ///
>         yline(0, lw(thin) lpattern(solid) lcolor(black)) ///
>         xlabel(`month_xlabel', angle(90) labsize(small)) ///
>         graphregion(color(white)) bgcolor(white) ///
>         grid(glcolor(gs14) glwidth(thin))
 41.     graph export "../../paper/figures/plot-event-income-indig-nonind-month
> .png", replace width(4000) height(3000)
 42. 
.     coefplot graph4 ///
>         , keep(`month_keep') vertical ///
>         recast(connected) lcolor("214 39 40") mcolor("214 39 40") msymbol(cir
> cle) lw(medthin) msize(small) ///
>         ciopts(recast(rarea) fcolor("214 39 40%30") lwidth(none)) ///
>         xline(18.5, lcolor(gs10) lpattern(dash)) ///
>         yline(0, lw(thin) lpattern(solid) lcolor(black)) ///
>         xlabel(`month_xlabel', angle(90) labsize(small)) ///
>         graphregion(color(white)) bgcolor(white) ///
>         grid(glcolor(gs14) glwidth(thin))
 43.     graph export "../../paper/figures/plot-event-income-indig-ind-month.pn
> g", replace width(4000) height(3000)
 44. }
 45. 
. }

. *************************************************
. *************** Read ENIGH Year *****************
. *************************************************
. 
. *** REPLICATION FILE: read-enighyear
. *** STATA VERSION: StataNow 19.5
. *** AUTHORS: Matías Carrasco, Victor Ortega Le Hénanff
. *** DATE: 2026-03-03
. 
. *  Loads the yearly cross-section produced by
. *  data/clean/code/enigh-year.R, generates derived
. *  variables and sets the $controls global.
. 
. *  Called by every analysis do-file:
. *     do read-enighyear.do
. 
. *************************************************
. ****************** Load Data ********************
. *************************************************
. 
. use "../../data/clean/enigh/enigh-year.dta", clear

. 
. ssc install require, replace
checking require consistency and verifying not already installed...
all files already exist and are up to date.

. ssc install estout, replace
checking estout consistency and verifying not already installed...
all files already exist and are up to date.

. ssc install coefplot, replace
checking coefplot consistency and verifying not already installed...
all files already exist and are up to date.

. 
. * Install ftools (remove program if it existed previously)
. net install ftools, replace from("https://raw.githubusercontent.com/sergiocor
> reia/ftools/master/src/")
checking ftools consistency and verifying not already installed...
all files already exist and are up to date.

. 
. * Install reghdfe 6.x
. net install reghdfe, replace from("https://raw.githubusercontent.com/sergioco
> rreia/reghdfe/master/src/")
checking reghdfe consistency and verifying not already installed...
all files already exist and are up to date.

. 
. *************************************************
. *************** Decode Factors ******************
. *************************************************
. 
. * haven::write_dta stores R factors as labeled integers.
. * Decode year and ent to recover original numeric values.
. 
. foreach v in year ent {
  2.     capture decode `v', gen(_`v'_str)
  3.     if _rc == 0 {
  4.         destring _`v'_str, replace force
  5.         drop `v'
  6.         rename _`v'_str `v'
  7.     }
  8. }

. 
. *************************************************
. *********** Generate Log Incomes ****************
. *************************************************
. 
. gen lnw   = ln(ing_wages)            if ing_wages > 0
(206,957 missing values generated)

. gen lni   = ln(ing_lab)              if ing_lab > 0
(42,758 missing values generated)

. gen lnmon = ln(ing_mon)              if ing_mon > 0
(24,777 missing values generated)

. gen lnr   = ln(ing_rentas)          if ing_rentas > 0
(682,670 missing values generated)

. gen lnv   = ln(ing_ventas)          if ing_ventas > 0
(676,733 missing values generated)

. gen lno   = ln(ing_other)           if ing_other > 0
(565,544 missing values generated)

. gen lnn   = ln(ing_negocio)         if ing_negocio > 0
(546,587 missing values generated)

. gen lnnwi = ln(ing_non_wage_income) if ing_non_wage_income > 0
(523,909 missing values generated)

. gen lngt  = ln(ing_gov_transfers)   if ing_gov_transfers > 0
(583,326 missing values generated)

. gen lnfc  = ln(ing_fin_capital)     if ing_fin_capital > 0
(663,912 missing values generated)

. 
. *************************************************
. ************ Derived Variables ******************
. *************************************************
. 
. gen female = 1 - sexo

. gen edadsq = edad_pob * edad_pob

. 
. label variable lnw   "Log Wages"

. label variable lni   "Log Labor Income"

. label variable lnmon "Log Monetary Income"

. label variable lnr   "Log Rent Income"

. label variable lnv   "Log Sales Income"

. label variable lno   "Log Other Income"

. label variable lnn   "Log Business Income"

. label variable lnnwi "Log Non-Wage Income"

. label variable lngt  "Log Government Transfers"

. label variable lnfc  "Log Financial Capital Income"

. label variable post  "Post-Treatment (year > 2018)"

. label variable female "Female"

. label variable edadsq "Age Squared"

. 
. *************************************************
. ***************** Controls **********************
. *************************************************
. 
. global controls i.female edad_pob edadsq years_of_study hoursworked i.employe
> d

. 
end of do-file
(dropped 31 singleton observations)
(MWFE estimator converged in 1 iterations)
note: 1bn.zlfn is probably collinear with the fixed effects (all partialled-out
>  values are close to zero; tol = 1.0e-09)
note: 2024.year omitted because of collinearity
note: 2024o.year#0b.zlfn omitted because of collinearity

HDFE Linear regression                            Number of obs   =    496,341
Absorbing 1 HDFE group                            F(  12,   2553) =    2796.91
Statistics robust to heteroskedasticity           Prob > F        =     0.0000
                                                  R-squared       =     0.3766
                                                  Adj R-squared   =     0.3733
                                                  Within R-sq.    =     0.2864
Number of clusters (ubica_geo) =      2,554       Root MSE        =     0.9063

                          (Std. err. adjusted for 2,554 clusters in ubica_geo)
------------------------------------------------------------------------------
             |               Robust
         lni | Coefficient  std. err.      t    P>|t|     [95% conf. interval]
-------------+----------------------------------------------------------------
        year |
       2018  |  -.2032336   .0093156   -21.82   0.000    -.2215005   -.1849668
       2020  |  -.2935556   .0097228   -30.19   0.000     -.312621   -.2744901
       2022  |  -.1445315   .0077309   -18.70   0.000     -.159691   -.1293721
       2024  |          0  (omitted)
             |
      1.zlfn |          0  (omitted)
             |
   year#zlfn |
     2016 1  |          0  (empty)
     2018 1  |  -.1305282   .0207213    -6.30   0.000    -.1711605    -.089896
     2020 1  |  -.0452004   .0173199    -2.61   0.009    -.0791629   -.0112379
     2022 1  |   .0395456   .0342223     1.16   0.248    -.0275607    .1066518
     2024 1  |          0  (omitted)
             |
    1.female |  -.4283294   .0063395   -67.57   0.000    -.4407605   -.4158984
    edad_pob |    .072725   .0007292    99.74   0.000     .0712952    .0741548
      edadsq |   -.000794   8.29e-06   -95.83   0.000    -.0008102   -.0007777
years_of_s~y |   .0744475   .0007744    96.14   0.000     .0729291     .075966
 hoursworked |    .016967   .0001929    87.97   0.000     .0165888    .0173452
  1.employed |    .305544    .023417    13.05   0.000     .2596257    .3514623
       _cons |   5.737052   .0289596   198.11   0.000     5.680265    5.793838
------------------------------------------------------------------------------

Absorbed degrees of freedom:
-----------------------------------------------------+
 Absorbed FE | Categories  - Redundant  = Num. Coefs |
-------------+---------------------------------------|
   ubica_geo |      2554        2554           0    *|
-----------------------------------------------------+
* = FE nested within cluster; treated as redundant for DoF computation
(dropped 317 singleton observations)
(MWFE estimator converged in 1 iterations)
note: 1bn.zlfn is probably collinear with the fixed effects (all partialled-out
>  values are close to zero; tol = 1.0e-09)
note: 2024.year omitted because of collinearity
note: 2024o.year#0b.zlfn omitted because of collinearity

HDFE Linear regression                            Number of obs   =     42,368
Absorbing 1 HDFE group                            F(  12,   1230) =     478.15
Statistics robust to heteroskedasticity           Prob > F        =     0.0000
                                                  R-squared       =     0.4256
                                                  Adj R-squared   =     0.4082
                                                  Within R-sq.    =     0.2858
Number of clusters (ubica_geo) =      1,231       Root MSE        =     1.1199

                          (Std. err. adjusted for 1,231 clusters in ubica_geo)
------------------------------------------------------------------------------
             |               Robust
         lni | Coefficient  std. err.      t    P>|t|     [95% conf. interval]
-------------+----------------------------------------------------------------
        year |
       2018  |   -.351423   .0427905    -8.21   0.000    -.4353734   -.2674725
       2020  |  -.4177768   .0424838    -9.83   0.000    -.5011255   -.3344281
       2022  |   -.116273   .0388553    -2.99   0.003    -.1925029    -.040043
       2024  |          0  (omitted)
             |
      1.zlfn |          0  (omitted)
             |
   year#zlfn |
     2016 1  |          0  (empty)
     2018 1  |   .1533458   .0648349     2.37   0.018     .0261465    .2805451
     2020 1  |   .2289548   .0949377     2.41   0.016     .0426969    .4152126
     2022 1  |   .2045225   .0796718     2.57   0.010     .0482147    .3608303
     2024 1  |          0  (omitted)
             |
    1.female |  -.6114655   .0211028   -28.98   0.000    -.6528669   -.5700641
    edad_pob |   .0575474   .0020789    27.68   0.000     .0534687     .061626
      edadsq |  -.0006982   .0000226   -30.95   0.000    -.0007425   -.0006539
years_of_s~y |   .0627895   .0023864    26.31   0.000     .0581076    .0674713
 hoursworked |   .0188416   .0005118    36.81   0.000     .0178374    .0198457
  1.employed |   .0615192   .0948497     0.65   0.517    -.1245659    .2476043
       _cons |   5.980947   .1040917    57.46   0.000      5.77673    6.185164
------------------------------------------------------------------------------

Absorbed degrees of freedom:
-----------------------------------------------------+
 Absorbed FE | Categories  - Redundant  = Num. Coefs |
-------------+---------------------------------------|
   ubica_geo |      1231        1231           0    *|
-----------------------------------------------------+
* = FE nested within cluster; treated as redundant for DoF computation
file ../../paper/figures/plot-event-income-hli-nonind-year.png written in PNG f
> ormat
file ../../paper/figures/plot-event-income-hli-ind-year.png written in PNG form
> at
(dropped 69 singleton observations)
(MWFE estimator converged in 1 iterations)
note: 1bn.zlfn is probably collinear with the fixed effects (all partialled-out
>  values are close to zero; tol = 1.0e-09)
note: 2024.year omitted because of collinearity
note: 2024o.year#0b.zlfn omitted because of collinearity

HDFE Linear regression                            Number of obs   =    373,557
Absorbing 1 HDFE group                            F(  12,   2460) =    2736.49
Statistics robust to heteroskedasticity           Prob > F        =     0.0000
                                                  R-squared       =     0.3741
                                                  Adj R-squared   =     0.3699
                                                  Within R-sq.    =     0.2880
Number of clusters (ubica_geo) =      2,461       Root MSE        =     0.8842

                          (Std. err. adjusted for 2,461 clusters in ubica_geo)
------------------------------------------------------------------------------
             |               Robust
         lni | Coefficient  std. err.      t    P>|t|     [95% conf. interval]
-------------+----------------------------------------------------------------
        year |
       2018  |  -.1920171   .0090271   -21.27   0.000    -.2097186   -.1743156
       2020  |  -.2831838   .0098951   -28.62   0.000    -.3025873   -.2637802
       2022  |  -.1424238   .0070632   -20.16   0.000    -.1562742   -.1285733
       2024  |          0  (omitted)
             |
      1.zlfn |          0  (omitted)
             |
   year#zlfn |
     2016 1  |          0  (empty)
     2018 1  |  -.1400646   .0227812    -6.15   0.000    -.1847369   -.0953922
     2020 1  |  -.0602905   .0169312    -3.56   0.000    -.0934914   -.0270897
     2022 1  |   .0407446   .0346297     1.18   0.239    -.0271617     .108651
     2024 1  |          0  (omitted)
             |
    1.female |  -.4092812   .0063525   -64.43   0.000     -.421738   -.3968244
    edad_pob |   .0723588   .0007845    92.24   0.000     .0708206    .0738971
      edadsq |  -.0007873   8.95e-06   -87.99   0.000    -.0008048   -.0007697
years_of_s~y |   .0759576   .0008017    94.75   0.000     .0743855    .0775296
 hoursworked |    .016722   .0001967    85.02   0.000     .0163363    .0171076
  1.employed |   .3154709   .0268847    11.73   0.000     .2627519    .3681899
       _cons |   5.764961   .0320586   179.83   0.000     5.702096    5.827826
------------------------------------------------------------------------------

Absorbed degrees of freedom:
-----------------------------------------------------+
 Absorbed FE | Categories  - Redundant  = Num. Coefs |
-------------+---------------------------------------|
   ubica_geo |      2461        2461           0    *|
-----------------------------------------------------+
* = FE nested within cluster; treated as redundant for DoF computation
(dropped 48 singleton observations)
(MWFE estimator converged in 1 iterations)
note: 1bn.zlfn is probably collinear with the fixed effects (all partialled-out
>  values are close to zero; tol = 1.0e-09)
note: 2024.year omitted because of collinearity
note: 2024o.year#0b.zlfn omitted because of collinearity

HDFE Linear regression                            Number of obs   =    165,383
Absorbing 1 HDFE group                            F(  12,   2535) =    1256.72
Statistics robust to heteroskedasticity           Prob > F        =     0.0000
                                                  R-squared       =     0.4077
                                                  Adj R-squared   =     0.3985
                                                  Within R-sq.    =     0.2831
Number of clusters (ubica_geo) =      2,536       Root MSE        =     1.0111

                          (Std. err. adjusted for 2,536 clusters in ubica_geo)
------------------------------------------------------------------------------
             |               Robust
         lni | Coefficient  std. err.      t    P>|t|     [95% conf. interval]
-------------+----------------------------------------------------------------
        year |
       2018  |  -.2583027   .0201728   -12.80   0.000    -.2978596   -.2187459
       2020  |   -.339224   .0186743   -18.17   0.000    -.3758425   -.3026055
       2022  |  -.1453525   .0187807    -7.74   0.000    -.1821796   -.1085255
       2024  |          0  (omitted)
             |
      1.zlfn |          0  (omitted)
             |
   year#zlfn |
     2016 1  |          0  (empty)
     2018 1  |  -.0293662   .0505792    -0.58   0.562     -.128547    .0698145
     2020 1  |   .0815304    .045415     1.80   0.073    -.0075238    .1705846
     2022 1  |   .0957902   .0502211     1.91   0.057    -.0026884    .1942688
     2024 1  |          0  (omitted)
             |
    1.female |  -.5140129   .0094628   -54.32   0.000    -.5325686   -.4954572
    edad_pob |   .0702528   .0012181    57.68   0.000     .0678644    .0726413
      edadsq |  -.0007923   .0000139   -57.09   0.000    -.0008195   -.0007651
years_of_s~y |   .0688505   .0012658    54.39   0.000     .0663684    .0713326
 hoursworked |   .0179862    .000289    62.24   0.000     .0174195    .0185528
  1.employed |   .2397818   .0377263     6.36   0.000     .1658042    .3137594
       _cons |   5.696195   .0468642   121.55   0.000     5.604299    5.788091
------------------------------------------------------------------------------

Absorbed degrees of freedom:
-----------------------------------------------------+
 Absorbed FE | Categories  - Redundant  = Num. Coefs |
-------------+---------------------------------------|
   ubica_geo |      2536        2536           0    *|
-----------------------------------------------------+
* = FE nested within cluster; treated as redundant for DoF computation
file ../../paper/figures/plot-event-income-indig-nonind-year.png written in PNG
>  format
file ../../paper/figures/plot-event-income-indig-ind-year.png written in PNG fo
> rmat

. *************************************************
. *************** Read ENIGH Month ****************
. *************************************************
. 
. *** REPLICATION FILE: read-enighmonth
. *** STATA VERSION: StataNow 19.5
. *** AUTHORS: Matías Carrasco, Victor Ortega Le Hénanff
. *** DATE: 2026-03-20
. 
. *  Loads the monthly panel produced by
. *  code/build/enigh-month.do, harmonizes variable
. *  names to match read-enighyear.do interface.
. 
. *  Called inside foreach loops in analysis do-files:
. *     do read-enighmonth.do
. 
. *************************************************
. ****************** Load Data ********************
. *************************************************
. 
. use "../../data/clean/enigh/enigh-month.dta", clear

. 
. *************************************************
. ********** Harmonize Variable Names *************
. *************************************************
. 
. rename zona_a zlfn

. rename edad edad_pob

. rename indigenous etnia

. 
. gen female = 1 - gender

. 
. gen post = (year > 2018)

. label variable post "Post-Treatment (year > 2018)"

. label variable female "Female"

. 
. *************************************************
. ***************** Controls **********************
. *************************************************
. 
. global controls i.female edad_pob edadsq years_of_study hoursworked i.employe
> d

. 
end of do-file
(dropped 3 singleton observations)
(MWFE estimator converged in 7 iterations)
note: 1bn.zlfn is probably collinear with the fixed effects (all partialled-out
>  values are close to zero; tol = 1.0e-09)
note: 20485bn.time is probably collinear with the fixed effects (all partialled
> -out values are close to zero; tol = 1.0e-09)
note: 20514bn.time is probably collinear with the fixed effects (all partialled
> -out values are close to zero; tol = 1.0e-09)
note: 20545bn.time is probably collinear with the fixed effects (all partialled
> -out values are close to zero; tol = 1.0e-09)
note: 20575bn.time is probably collinear with the fixed effects (all partialled
> -out values are close to zero; tol = 1.0e-09)
note: 20606bn.time is probably collinear with the fixed effects (all partialled
> -out values are close to zero; tol = 1.0e-09)
note: 20636bn.time is probably collinear with the fixed effects (all partialled
> -out values are close to zero; tol = 1.0e-09)
note: 20667bn.time is probably collinear with the fixed effects (all partialled
> -out values are close to zero; tol = 1.0e-09)
note: 20698bn.time is probably collinear with the fixed effects (all partialled
> -out values are close to zero; tol = 1.0e-09)
note: 20728bn.time is probably collinear with the fixed effects (all partialled
> -out values are close to zero; tol = 1.0e-09)
note: 21216bn.time is probably collinear with the fixed effects (all partialled
> -out values are close to zero; tol = 1.0e-09)
note: 21244bn.time is probably collinear with the fixed effects (all partialled
> -out values are close to zero; tol = 1.0e-09)
note: 21275bn.time is probably collinear with the fixed effects (all partialled
> -out values are close to zero; tol = 1.0e-09)
note: 21305bn.time is probably collinear with the fixed effects (all partialled
> -out values are close to zero; tol = 1.0e-09)
note: 21336bn.time is probably collinear with the fixed effects (all partialled
> -out values are close to zero; tol = 1.0e-09)
note: 21366bn.time is probably collinear with the fixed effects (all partialled
> -out values are close to zero; tol = 1.0e-09)
note: 21428bn.time is probably collinear with the fixed effects (all partialled
> -out values are close to zero; tol = 1.0e-09)
note: 21458bn.time is probably collinear with the fixed effects (all partialled
> -out values are close to zero; tol = 1.0e-09)
note: 21946bn.time is probably collinear with the fixed effects (all partialled
> -out values are close to zero; tol = 1.0e-09)
note: 21975bn.time is probably collinear with the fixed effects (all partialled
> -out values are close to zero; tol = 1.0e-09)
note: 22006bn.time is probably collinear with the fixed effects (all partialled
> -out values are close to zero; tol = 1.0e-09)
note: 22036bn.time is probably collinear with the fixed effects (all partialled
> -out values are close to zero; tol = 1.0e-09)
note: 22067bn.time is probably collinear with the fixed effects (all partialled
> -out values are close to zero; tol = 1.0e-09)
note: 22097bn.time is probably collinear with the fixed effects (all partialled
> -out values are close to zero; tol = 1.0e-09)
note: 22128bn.time is probably collinear with the fixed effects (all partialled
> -out values are close to zero; tol = 1.0e-09)
note: 22159bn.time is probably collinear with the fixed effects (all partialled
> -out values are close to zero; tol = 1.0e-09)
note: 22189bn.time is probably collinear with the fixed effects (all partialled
> -out values are close to zero; tol = 1.0e-09)
note: 22677bn.time is probably collinear with the fixed effects (all partialled
> -out values are close to zero; tol = 1.0e-09)
note: 22705bn.time is probably collinear with the fixed effects (all partialled
> -out values are close to zero; tol = 1.0e-09)
note: 22736bn.time is probably collinear with the fixed effects (all partialled
> -out values are close to zero; tol = 1.0e-09)
note: 22766bn.time is probably collinear with the fixed effects (all partialled
> -out values are close to zero; tol = 1.0e-09)
note: 22797bn.time is probably collinear with the fixed effects (all partialled
> -out values are close to zero; tol = 1.0e-09)
note: 22827bn.time is probably collinear with the fixed effects (all partialled
> -out values are close to zero; tol = 1.0e-09)
note: 22858bn.time is probably collinear with the fixed effects (all partialled
> -out values are close to zero; tol = 1.0e-09)
note: 22889bn.time is probably collinear with the fixed effects (all partialled
> -out values are close to zero; tol = 1.0e-09)
note: 22919bn.time is probably collinear with the fixed effects (all partialled
> -out values are close to zero; tol = 1.0e-09)
note: 23407bn.time is probably collinear with the fixed effects (all partialled
> -out values are close to zero; tol = 1.0e-09)
note: 23436bn.time is probably collinear with the fixed effects (all partialled
> -out values are close to zero; tol = 1.0e-09)
note: 23467bn.time is probably collinear with the fixed effects (all partialled
> -out values are close to zero; tol = 1.0e-09)
note: 23497bn.time is probably collinear with the fixed effects (all partialled
> -out values are close to zero; tol = 1.0e-09)
note: 23528bn.time is probably collinear with the fixed effects (all partialled
> -out values are close to zero; tol = 1.0e-09)
note: 23558bn.time is probably collinear with the fixed effects (all partialled
> -out values are close to zero; tol = 1.0e-09)
note: 23589bn.time is probably collinear with the fixed effects (all partialled
> -out values are close to zero; tol = 1.0e-09)
note: 23620bn.time is probably collinear with the fixed effects (all partialled
> -out values are close to zero; tol = 1.0e-09)
note: 23650bn.time is probably collinear with the fixed effects (all partialled
> -out values are close to zero; tol = 1.0e-09)

HDFE Linear regression                            Number of obs   =  2,934,576
Absorbing 2 HDFE groups                           F(  50,   1722) =     893.39
Statistics robust to heteroskedasticity           Prob > F        =     0.0000
                                                  R-squared       =     0.3367
                                                  Adj R-squared   =     0.3363
                                                  Within R-sq.    =     0.2360
Number of clusters (ubica_geo) =      1,723       Root MSE        =     0.8451

                          (Std. err. adjusted for 1,723 clusters in ubica_geo)
------------------------------------------------------------------------------
             |               Robust
         lni | Coefficient  std. err.      t    P>|t|     [95% conf. interval]
-------------+----------------------------------------------------------------
      1.zlfn |          0  (omitted)
             |
        time |
      20485  |          0  (omitted)
      20514  |          0  (omitted)
      20545  |          0  (omitted)
      20575  |          0  (omitted)
      20606  |          0  (omitted)
      20636  |          0  (omitted)
      20667  |          0  (omitted)
      20698  |          0  (omitted)
      20728  |          0  (omitted)
      21216  |          0  (omitted)
      21244  |          0  (omitted)
      21275  |          0  (omitted)
      21305  |          0  (omitted)
      21336  |          0  (omitted)
      21366  |          0  (omitted)
      21428  |          0  (omitted)
      21458  |          0  (omitted)
      21946  |          0  (omitted)
      21975  |          0  (omitted)
      22006  |          0  (omitted)
      22036  |          0  (omitted)
      22067  |          0  (omitted)
      22097  |          0  (omitted)
      22128  |          0  (omitted)
      22159  |          0  (omitted)
      22189  |          0  (omitted)
      22677  |          0  (omitted)
      22705  |          0  (omitted)
      22736  |          0  (omitted)
      22766  |          0  (omitted)
      22797  |          0  (omitted)
      22827  |          0  (omitted)
      22858  |          0  (omitted)
      22889  |          0  (omitted)
      22919  |          0  (omitted)
      23407  |          0  (omitted)
      23436  |          0  (omitted)
      23467  |          0  (omitted)
      23497  |          0  (omitted)
      23528  |          0  (omitted)
      23558  |          0  (omitted)
      23589  |          0  (omitted)
      23620  |          0  (omitted)
      23650  |          0  (omitted)
             |
   zlfn#time |
    1 20485  |   .0051531   .0472932     0.11   0.913    -.0876051    .0979114
    1 20514  |  -.0008759   .0290654    -0.03   0.976    -.0578831    .0561313
    1 20545  |   .0135141    .027106     0.50   0.618      -.03965    .0666782
    1 20575  |   -.030555   .0253712    -1.20   0.229    -.0803165    .0192066
    1 20606  |  -.0255689   .0219848    -1.16   0.245    -.0686887    .0175508
    1 20636  |   .0212658   .0327407     0.65   0.516      -.04295    .0854816
    1 20667  |  -.0265868   .0180288    -1.47   0.140    -.0619475     .008774
    1 20698  |   .0034057   .0218486     0.16   0.876     -.039447    .0462584
    1 20728  |  -.0058809   .0268593    -0.22   0.827    -.0585612    .0467994
    1 21216  |  -.0477142   .0314128    -1.52   0.129    -.1093254     .013897
    1 21244  |   .0276715   .0187933     1.47   0.141    -.0091886    .0645315
    1 21275  |  -.0399507   .0181187    -2.20   0.028    -.0754876   -.0044138
    1 21305  |  -.0323752   .0142671    -2.27   0.023    -.0603578   -.0043926
    1 21336  |   .0044218   .0160106     0.28   0.782    -.0269805    .0358242
    1 21366  |  -.0298249   .0144721    -2.06   0.039    -.0582096   -.0014402
    1 21428  |   .0020077   .0206552     0.10   0.923    -.0385042    .0425195
    1 21458  |  -.0255284   .0191856    -1.33   0.183     -.063158    .0121012
    1 21946  |   .0668821   .0416555     1.61   0.109    -.0148186    .1485827
    1 21975  |   .0273317   .0257523     1.06   0.289    -.0231773    .0778408
    1 22006  |   .0451701   .0320958     1.41   0.160    -.0177808    .1081211
    1 22036  |   .0768198    .030383     2.53   0.012     .0172283    .1364113
    1 22067  |   .0416343   .0269831     1.54   0.123    -.0112888    .0945575
    1 22097  |    .076429   .0207469     3.68   0.000     .0357372    .1171208
    1 22128  |   .0816881   .0266547     3.06   0.002     .0294091    .1339671
    1 22159  |   .0472579   .0250384     1.89   0.059     -.001851    .0963667
    1 22189  |     .09247    .022482     4.11   0.000     .0483751    .1365648
    1 22677  |   .1278654   .0489118     2.61   0.009     .0319326    .2237981
    1 22705  |   .0894925   .0423884     2.11   0.035     .0063543    .1726307
    1 22736  |   .1459763   .0352007     4.15   0.000     .0769357     .215017
    1 22766  |   .1012526    .030944     3.27   0.001     .0405607    .1619445
    1 22797  |   .1290507   .0283571     4.55   0.000     .0734327    .1846687
    1 22827  |   .1286336   .0302353     4.25   0.000     .0693317    .1879354
    1 22858  |   .1258686   .0211533     5.95   0.000     .0843797    .1673576
    1 22889  |   .1467642   .0157986     9.29   0.000     .1157777    .1777507
    1 22919  |   .1280569   .0182491     7.02   0.000     .0922641    .1638498
    1 23407  |   .0767979   .0381377     2.01   0.044     .0019969    .1515989
    1 23436  |   .0994937   .0277643     3.58   0.000     .0450384     .153949
    1 23467  |   .0791722   .0252258     3.14   0.002     .0296959    .1286486
    1 23497  |   .1133542   .0197711     5.73   0.000     .0745763    .1521321
    1 23528  |   .0861812   .0228346     3.77   0.000     .0413948    .1309676
    1 23558  |   .0496056   .0249007     1.99   0.047     .0007669    .0984444
    1 23589  |   .1161594   .0171621     6.77   0.000     .0824986    .1498202
    1 23620  |   .0675068   .0218626     3.09   0.002     .0246267    .1103869
    1 23650  |   .1290283   .0214323     6.02   0.000     .0869923    .1710644
             |
    1.female |  -.3230237   .0049469   -65.30   0.000    -.3327262   -.3133211
    edad_pob |   .0405571   .0006294    64.44   0.000     .0393227    .0417916
      edadsq |   -.000362   7.01e-06   -51.61   0.000    -.0003757   -.0003482
years_of_s~y |   .0773581   .0008406    92.03   0.000     .0757095    .0790067
 hoursworked |   .0130729   .0001624    80.48   0.000     .0127543    .0133915
             |
    employed |
   Employed  |    .232365   .0151097    15.38   0.000     .2027297    .2620003
       _cons |   6.505279   .0207495   313.52   0.000     6.464583    6.545976
------------------------------------------------------------------------------

Absorbed degrees of freedom:
-----------------------------------------------------+
 Absorbed FE | Categories  - Redundant  = Num. Coefs |
-------------+---------------------------------------|
   ubica_geo |      1723        1723           0    *|
        time |        45           1          44     |
-----------------------------------------------------+
* = FE nested within cluster; treated as redundant for DoF computation
(dropped 6 singleton observations)
(MWFE estimator converged in 9 iterations)
note: 1bn.zlfn is probably collinear with the fixed effects (all partialled-out
>  values are close to zero; tol = 1.0e-09)
note: 20485bn.time is probably collinear with the fixed effects (all partialled
> -out values are close to zero; tol = 1.0e-09)
note: 20514bn.time is probably collinear with the fixed effects (all partialled
> -out values are close to zero; tol = 1.0e-09)
note: 20545bn.time is probably collinear with the fixed effects (all partialled
> -out values are close to zero; tol = 1.0e-09)
note: 20575bn.time is probably collinear with the fixed effects (all partialled
> -out values are close to zero; tol = 1.0e-09)
note: 20606bn.time is probably collinear with the fixed effects (all partialled
> -out values are close to zero; tol = 1.0e-09)
note: 20636bn.time is probably collinear with the fixed effects (all partialled
> -out values are close to zero; tol = 1.0e-09)
note: 20667bn.time is probably collinear with the fixed effects (all partialled
> -out values are close to zero; tol = 1.0e-09)
note: 20698bn.time is probably collinear with the fixed effects (all partialled
> -out values are close to zero; tol = 1.0e-09)
note: 20728bn.time is probably collinear with the fixed effects (all partialled
> -out values are close to zero; tol = 1.0e-09)
note: 21216bn.time is probably collinear with the fixed effects (all partialled
> -out values are close to zero; tol = 1.0e-09)
note: 21244bn.time is probably collinear with the fixed effects (all partialled
> -out values are close to zero; tol = 1.0e-09)
note: 21275bn.time is probably collinear with the fixed effects (all partialled
> -out values are close to zero; tol = 1.0e-09)
note: 21305bn.time is probably collinear with the fixed effects (all partialled
> -out values are close to zero; tol = 1.0e-09)
note: 21336bn.time is probably collinear with the fixed effects (all partialled
> -out values are close to zero; tol = 1.0e-09)
note: 21366bn.time is probably collinear with the fixed effects (all partialled
> -out values are close to zero; tol = 1.0e-09)
note: 21428bn.time is probably collinear with the fixed effects (all partialled
> -out values are close to zero; tol = 1.0e-09)
note: 21458bn.time is probably collinear with the fixed effects (all partialled
> -out values are close to zero; tol = 1.0e-09)
note: 21946bn.time is probably collinear with the fixed effects (all partialled
> -out values are close to zero; tol = 1.0e-09)
note: 21975bn.time is probably collinear with the fixed effects (all partialled
> -out values are close to zero; tol = 1.0e-09)
note: 22006bn.time is probably collinear with the fixed effects (all partialled
> -out values are close to zero; tol = 1.0e-09)
note: 22036bn.time is probably collinear with the fixed effects (all partialled
> -out values are close to zero; tol = 1.0e-09)
note: 22067bn.time is probably collinear with the fixed effects (all partialled
> -out values are close to zero; tol = 1.0e-09)
note: 22097bn.time is probably collinear with the fixed effects (all partialled
> -out values are close to zero; tol = 1.0e-09)
note: 22128bn.time is probably collinear with the fixed effects (all partialled
> -out values are close to zero; tol = 1.0e-09)
note: 22159bn.time is probably collinear with the fixed effects (all partialled
> -out values are close to zero; tol = 1.0e-09)
note: 22189bn.time is probably collinear with the fixed effects (all partialled
> -out values are close to zero; tol = 1.0e-09)
note: 22677bn.time is probably collinear with the fixed effects (all partialled
> -out values are close to zero; tol = 1.0e-09)
note: 22705bn.time is probably collinear with the fixed effects (all partialled
> -out values are close to zero; tol = 1.0e-09)
note: 22736bn.time is probably collinear with the fixed effects (all partialled
> -out values are close to zero; tol = 1.0e-09)
note: 22766bn.time is probably collinear with the fixed effects (all partialled
> -out values are close to zero; tol = 1.0e-09)
note: 22797bn.time is probably collinear with the fixed effects (all partialled
> -out values are close to zero; tol = 1.0e-09)
note: 22827bn.time is probably collinear with the fixed effects (all partialled
> -out values are close to zero; tol = 1.0e-09)
note: 22858bn.time is probably collinear with the fixed effects (all partialled
> -out values are close to zero; tol = 1.0e-09)
note: 22889bn.time is probably collinear with the fixed effects (all partialled
> -out values are close to zero; tol = 1.0e-09)
note: 22919bn.time is probably collinear with the fixed effects (all partialled
> -out values are close to zero; tol = 1.0e-09)
note: 23407bn.time is probably collinear with the fixed effects (all partialled
> -out values are close to zero; tol = 1.0e-09)
note: 23436bn.time is probably collinear with the fixed effects (all partialled
> -out values are close to zero; tol = 1.0e-09)
note: 23467bn.time is probably collinear with the fixed effects (all partialled
> -out values are close to zero; tol = 1.0e-09)
note: 23497bn.time is probably collinear with the fixed effects (all partialled
> -out values are close to zero; tol = 1.0e-09)
note: 23528bn.time is probably collinear with the fixed effects (all partialled
> -out values are close to zero; tol = 1.0e-09)
note: 23558bn.time is probably collinear with the fixed effects (all partialled
> -out values are close to zero; tol = 1.0e-09)
note: 23589bn.time is probably collinear with the fixed effects (all partialled
> -out values are close to zero; tol = 1.0e-09)
note: 23620bn.time is probably collinear with the fixed effects (all partialled
> -out values are close to zero; tol = 1.0e-09)
note: 23650bn.time is probably collinear with the fixed effects (all partialled
> -out values are close to zero; tol = 1.0e-09)

HDFE Linear regression                            Number of obs   =    256,947
Absorbing 2 HDFE groups                           F(  50,   1160) =     112.66
Statistics robust to heteroskedasticity           Prob > F        =     0.0000
                                                  R-squared       =     0.3149
                                                  Adj R-squared   =     0.3115
                                                  Within R-sq.    =     0.1586
Number of clusters (ubica_geo) =      1,161       Root MSE        =     1.0867

                          (Std. err. adjusted for 1,161 clusters in ubica_geo)
------------------------------------------------------------------------------
             |               Robust
         lni | Coefficient  std. err.      t    P>|t|     [95% conf. interval]
-------------+----------------------------------------------------------------
      1.zlfn |          0  (omitted)
             |
        time |
      20485  |          0  (omitted)
      20514  |          0  (omitted)
      20545  |          0  (omitted)
      20575  |          0  (omitted)
      20606  |          0  (omitted)
      20636  |          0  (omitted)
      20667  |          0  (omitted)
      20698  |          0  (omitted)
      20728  |          0  (omitted)
      21216  |          0  (omitted)
      21244  |          0  (omitted)
      21275  |          0  (omitted)
      21305  |          0  (omitted)
      21336  |          0  (omitted)
      21366  |          0  (omitted)
      21428  |          0  (omitted)
      21458  |          0  (omitted)
      21946  |          0  (omitted)
      21975  |          0  (omitted)
      22006  |          0  (omitted)
      22036  |          0  (omitted)
      22067  |          0  (omitted)
      22097  |          0  (omitted)
      22128  |          0  (omitted)
      22159  |          0  (omitted)
      22189  |          0  (omitted)
      22677  |          0  (omitted)
      22705  |          0  (omitted)
      22736  |          0  (omitted)
      22766  |          0  (omitted)
      22797  |          0  (omitted)
      22827  |          0  (omitted)
      22858  |          0  (omitted)
      22889  |          0  (omitted)
      22919  |          0  (omitted)
      23407  |          0  (omitted)
      23436  |          0  (omitted)
      23467  |          0  (omitted)
      23497  |          0  (omitted)
      23528  |          0  (omitted)
      23558  |          0  (omitted)
      23589  |          0  (omitted)
      23620  |          0  (omitted)
      23650  |          0  (omitted)
             |
   zlfn#time |
    1 20485  |   -.138594   .1638895    -0.85   0.398     -.460147    .1829591
    1 20514  |   .0053184   .1125322     0.05   0.962     -.215471    .2261078
    1 20545  |  -.0160674   .0904332    -0.18   0.859    -.1934984    .1613635
    1 20575  |   .0476056   .0677733     0.70   0.483    -.0853664    .1805776
    1 20606  |  -.1341942   .0930551    -1.44   0.150    -.3167694    .0483811
    1 20636  |   .1135665   .0846173     1.34   0.180    -.0524536    .2795865
    1 20667  |  -.1061923   .0605233    -1.75   0.080    -.2249397     .012555
    1 20698  |   .0385763   .0635142     0.61   0.544    -.0860393    .1631919
    1 20728  |  -.1922658   .0876191    -2.19   0.028    -.3641755   -.0203561
    1 21216  |  -.0179069   .1132138    -0.16   0.874    -.2400336    .2042198
    1 21244  |   .2065801   .0435174     4.75   0.000     .1211984    .2919618
    1 21275  |  -.0522205   .0429431    -1.22   0.224    -.1364753    .0320343
    1 21305  |  -.0147179   .0241073    -0.61   0.542    -.0620167    .0325809
    1 21336  |   .0917125   .0478553     1.92   0.056    -.0021801    .1856051
    1 21366  |   .0305327     .04594     0.66   0.506    -.0596021    .1206674
    1 21428  |   .0534295   .0426354     1.25   0.210    -.0302217    .1370807
    1 21458  |  -.1737519   .0370684    -4.69   0.000    -.2464804   -.1010233
    1 21946  |  -.4141813   .4695198    -0.88   0.378    -1.335384    .5070217
    1 21975  |   .0089731    .154235     0.06   0.954    -.2936378    .3115839
    1 22006  |   .0940442   .1121827     0.84   0.402    -.1260596     .314148
    1 22036  |   .2477604   .1247214     1.99   0.047     .0030556    .4924652
    1 22067  |   .0922618   .1089559     0.85   0.397    -.1215109    .3060345
    1 22097  |   .0826657   .0885393     0.93   0.351    -.0910495    .2563809
    1 22128  |   .2095501   .0857821     2.44   0.015     .0412446    .3778557
    1 22159  |   .1295659   .0882126     1.47   0.142    -.0435081    .3026399
    1 22189  |   .1899826   .0865035     2.20   0.028     .0202618    .3597035
    1 22677  |   .3864202   .1680128     2.30   0.022     .0567771    .7160632
    1 22705  |   .0141613   .0899934     0.16   0.875    -.1624067    .1907293
    1 22736  |   .2003201   .0995451     2.01   0.044     .0050114    .3956287
    1 22766  |    .002166   .0961262     0.02   0.982    -.1864346    .1907666
    1 22797  |    .078199   .0898843     0.87   0.384     -.098155     .254553
    1 22827  |   .0298691   .1123224     0.27   0.790    -.1905088     .250247
    1 22858  |   -.019447   .0815461    -0.24   0.812    -.1794413    .1405472
    1 22889  |  -.1489587    .080675    -1.85   0.065     -.307244    .0093267
    1 22919  |   .0217519   .0856785     0.25   0.800    -.1463503    .1898541
    1 23407  |  -.2097974   .1679188    -1.25   0.212     -.539256    .1196613
    1 23436  |  -.0874517   .0615544    -1.42   0.156    -.2082221    .0333186
    1 23467  |  -.0953262    .065381    -1.46   0.145    -.2236043     .032952
    1 23497  |  -.0392872   .0606603    -0.65   0.517    -.1583035    .0797291
    1 23528  |   .0326822   .0689063     0.47   0.635    -.1025126    .1678771
    1 23558  |  -.1526554   .0592846    -2.57   0.010    -.2689724   -.0363384
    1 23589  |   .0133192   .0765257     0.17   0.862    -.1368251    .1634634
    1 23620  |  -.1896471   .0611007    -3.10   0.002    -.3095273    -.069767
    1 23650  |   .0463128   .0988383     0.47   0.639     -.147609    .2402346
             |
    1.female |  -.3524833   .0182104   -19.36   0.000    -.3882123   -.3167544
    edad_pob |   .0156172   .0017638     8.85   0.000     .0121566    .0190778
      edadsq |  -.0001232   .0000182    -6.78   0.000    -.0001589   -.0000875
years_of_s~y |   .0692586   .0023216    29.83   0.000     .0647036    .0738135
 hoursworked |   .0138465   .0003852    35.94   0.000     .0130906    .0146023
             |
    employed |
   Employed  |  -.1907379   .0372115    -5.13   0.000    -.2637474   -.1177284
       _cons |   7.047813   .0555465   126.88   0.000      6.93883    7.156795
------------------------------------------------------------------------------

Absorbed degrees of freedom:
-----------------------------------------------------+
 Absorbed FE | Categories  - Redundant  = Num. Coefs |
-------------+---------------------------------------|
   ubica_geo |      1161        1161           0    *|
        time |        45           1          44     |
-----------------------------------------------------+
* = FE nested within cluster; treated as redundant for DoF computation
file ../../paper/figures/plot-event-income-hli-nonind-month.png written in PNG 
> format
file ../../paper/figures/plot-event-income-hli-ind-month.png written in PNG for
> mat
(MWFE estimator converged in 7 iterations)
note: 1bn.zlfn is probably collinear with the fixed effects (all partialled-out
>  values are close to zero; tol = 1.0e-09)
note: 20485bn.time is probably collinear with the fixed effects (all partialled
> -out values are close to zero; tol = 1.0e-09)
note: 20514bn.time is probably collinear with the fixed effects (all partialled
> -out values are close to zero; tol = 1.0e-09)
note: 20545bn.time is probably collinear with the fixed effects (all partialled
> -out values are close to zero; tol = 1.0e-09)
note: 20575bn.time is probably collinear with the fixed effects (all partialled
> -out values are close to zero; tol = 1.0e-09)
note: 20606bn.time is probably collinear with the fixed effects (all partialled
> -out values are close to zero; tol = 1.0e-09)
note: 20636bn.time is probably collinear with the fixed effects (all partialled
> -out values are close to zero; tol = 1.0e-09)
note: 20667bn.time is probably collinear with the fixed effects (all partialled
> -out values are close to zero; tol = 1.0e-09)
note: 20698bn.time is probably collinear with the fixed effects (all partialled
> -out values are close to zero; tol = 1.0e-09)
note: 20728bn.time is probably collinear with the fixed effects (all partialled
> -out values are close to zero; tol = 1.0e-09)
note: 21216bn.time is probably collinear with the fixed effects (all partialled
> -out values are close to zero; tol = 1.0e-09)
note: 21244bn.time is probably collinear with the fixed effects (all partialled
> -out values are close to zero; tol = 1.0e-09)
note: 21275bn.time is probably collinear with the fixed effects (all partialled
> -out values are close to zero; tol = 1.0e-09)
note: 21305bn.time is probably collinear with the fixed effects (all partialled
> -out values are close to zero; tol = 1.0e-09)
note: 21336bn.time is probably collinear with the fixed effects (all partialled
> -out values are close to zero; tol = 1.0e-09)
note: 21366bn.time is probably collinear with the fixed effects (all partialled
> -out values are close to zero; tol = 1.0e-09)
note: 21428bn.time is probably collinear with the fixed effects (all partialled
> -out values are close to zero; tol = 1.0e-09)
note: 21458bn.time is probably collinear with the fixed effects (all partialled
> -out values are close to zero; tol = 1.0e-09)
note: 21946bn.time is probably collinear with the fixed effects (all partialled
> -out values are close to zero; tol = 1.0e-09)
note: 21975bn.time is probably collinear with the fixed effects (all partialled
> -out values are close to zero; tol = 1.0e-09)
note: 22006bn.time is probably collinear with the fixed effects (all partialled
> -out values are close to zero; tol = 1.0e-09)
note: 22036bn.time is probably collinear with the fixed effects (all partialled
> -out values are close to zero; tol = 1.0e-09)
note: 22067bn.time is probably collinear with the fixed effects (all partialled
> -out values are close to zero; tol = 1.0e-09)
note: 22097bn.time is probably collinear with the fixed effects (all partialled
> -out values are close to zero; tol = 1.0e-09)
note: 22128bn.time is probably collinear with the fixed effects (all partialled
> -out values are close to zero; tol = 1.0e-09)
note: 22159bn.time is probably collinear with the fixed effects (all partialled
> -out values are close to zero; tol = 1.0e-09)
note: 22189bn.time is probably collinear with the fixed effects (all partialled
> -out values are close to zero; tol = 1.0e-09)
note: 22677bn.time is probably collinear with the fixed effects (all partialled
> -out values are close to zero; tol = 1.0e-09)
note: 22705bn.time is probably collinear with the fixed effects (all partialled
> -out values are close to zero; tol = 1.0e-09)
note: 22736bn.time is probably collinear with the fixed effects (all partialled
> -out values are close to zero; tol = 1.0e-09)
note: 22766bn.time is probably collinear with the fixed effects (all partialled
> -out values are close to zero; tol = 1.0e-09)
note: 22797bn.time is probably collinear with the fixed effects (all partialled
> -out values are close to zero; tol = 1.0e-09)
note: 22827bn.time is probably collinear with the fixed effects (all partialled
> -out values are close to zero; tol = 1.0e-09)
note: 22858bn.time is probably collinear with the fixed effects (all partialled
> -out values are close to zero; tol = 1.0e-09)
note: 22889bn.time is probably collinear with the fixed effects (all partialled
> -out values are close to zero; tol = 1.0e-09)
note: 22919bn.time is probably collinear with the fixed effects (all partialled
> -out values are close to zero; tol = 1.0e-09)
note: 23407bn.time is probably collinear with the fixed effects (all partialled
> -out values are close to zero; tol = 1.0e-09)
note: 23436bn.time is probably collinear with the fixed effects (all partialled
> -out values are close to zero; tol = 1.0e-09)
note: 23467bn.time is probably collinear with the fixed effects (all partialled
> -out values are close to zero; tol = 1.0e-09)
note: 23497bn.time is probably collinear with the fixed effects (all partialled
> -out values are close to zero; tol = 1.0e-09)
note: 23528bn.time is probably collinear with the fixed effects (all partialled
> -out values are close to zero; tol = 1.0e-09)
note: 23558bn.time is probably collinear with the fixed effects (all partialled
> -out values are close to zero; tol = 1.0e-09)
note: 23589bn.time is probably collinear with the fixed effects (all partialled
> -out values are close to zero; tol = 1.0e-09)
note: 23620bn.time is probably collinear with the fixed effects (all partialled
> -out values are close to zero; tol = 1.0e-09)
note: 23650bn.time is probably collinear with the fixed effects (all partialled
> -out values are close to zero; tol = 1.0e-09)

HDFE Linear regression                            Number of obs   =  2,206,399
Absorbing 2 HDFE groups                           F(  50,   1687) =     765.58
Statistics robust to heteroskedasticity           Prob > F        =     0.0000
                                                  R-squared       =     0.3387
                                                  Adj R-squared   =     0.3382
                                                  Within R-sq.    =     0.2431
Number of clusters (ubica_geo) =      1,688       Root MSE        =     0.8244

                          (Std. err. adjusted for 1,688 clusters in ubica_geo)
------------------------------------------------------------------------------
             |               Robust
         lni | Coefficient  std. err.      t    P>|t|     [95% conf. interval]
-------------+----------------------------------------------------------------
      1.zlfn |          0  (omitted)
             |
        time |
      20485  |          0  (omitted)
      20514  |          0  (omitted)
      20545  |          0  (omitted)
      20575  |          0  (omitted)
      20606  |          0  (omitted)
      20636  |          0  (omitted)
      20667  |          0  (omitted)
      20698  |          0  (omitted)
      20728  |          0  (omitted)
      21216  |          0  (omitted)
      21244  |          0  (omitted)
      21275  |          0  (omitted)
      21305  |          0  (omitted)
      21336  |          0  (omitted)
      21366  |          0  (omitted)
      21428  |          0  (omitted)
      21458  |          0  (omitted)
      21946  |          0  (omitted)
      21975  |          0  (omitted)
      22006  |          0  (omitted)
      22036  |          0  (omitted)
      22067  |          0  (omitted)
      22097  |          0  (omitted)
      22128  |          0  (omitted)
      22159  |          0  (omitted)
      22189  |          0  (omitted)
      22677  |          0  (omitted)
      22705  |          0  (omitted)
      22736  |          0  (omitted)
      22766  |          0  (omitted)
      22797  |          0  (omitted)
      22827  |          0  (omitted)
      22858  |          0  (omitted)
      22889  |          0  (omitted)
      22919  |          0  (omitted)
      23407  |          0  (omitted)
      23436  |          0  (omitted)
      23467  |          0  (omitted)
      23497  |          0  (omitted)
      23528  |          0  (omitted)
      23558  |          0  (omitted)
      23589  |          0  (omitted)
      23620  |          0  (omitted)
      23650  |          0  (omitted)
             |
   zlfn#time |
    1 20485  |  -.0086196    .046074    -0.19   0.852    -.0989879    .0817487
    1 20514  |  -.0079039   .0314388    -0.25   0.802    -.0695671    .0537593
    1 20545  |    .015823   .0283338     0.56   0.577    -.0397502    .0713962
    1 20575  |  -.0291973   .0252097    -1.16   0.247     -.078643    .0202483
    1 20606  |  -.0246466   .0219396    -1.12   0.261    -.0676783    .0183851
    1 20636  |   .0218481   .0319275     0.68   0.494    -.0407736    .0844698
    1 20667  |  -.0234168   .0199917    -1.17   0.242    -.0626279    .0157944
    1 20698  |   .0023243   .0217833     0.11   0.915    -.0404009    .0450494
    1 20728  |     -.0162   .0267785    -0.60   0.545    -.0687227    .0363226
    1 21216  |  -.0325169   .0331233    -0.98   0.326    -.0974839    .0324501
    1 21244  |   .0273348      .0207     1.32   0.187    -.0132656    .0679351
    1 21275  |  -.0393612    .018367    -2.14   0.032    -.0753858   -.0033367
    1 21305  |  -.0306279   .0145079    -2.11   0.035    -.0590833   -.0021725
    1 21336  |   .0031036   .0159936     0.19   0.846    -.0282658     .034473
    1 21366  |  -.0257239   .0150028    -1.71   0.087      -.05515    .0037021
    1 21428  |  -.0026325   .0218066    -0.12   0.904    -.0454034    .0401383
    1 21458  |  -.0265233   .0190547    -1.39   0.164    -.0638967      .01085
    1 21946  |   .0531279   .0434743     1.22   0.222    -.0321414    .1383972
    1 21975  |   .0239062   .0266568     0.90   0.370    -.0283776      .07619
    1 22006  |   .0493011   .0338336     1.46   0.145    -.0170592    .1156614
    1 22036  |   .0750003   .0301527     2.49   0.013     .0158597    .1341409
    1 22067  |   .0431141   .0284381     1.52   0.130    -.0126636    .0988918
    1 22097  |   .0775191   .0201372     3.85   0.000     .0380225    .1170156
    1 22128  |   .0786233   .0268005     2.93   0.003     .0260576     .131189
    1 22159  |     .04167   .0259433     1.61   0.108    -.0092145    .0925545
    1 22189  |   .0722661    .023717     3.05   0.002     .0257483    .1187839
    1 22677  |   .1344745   .0523044     2.57   0.010     .0318862    .2370628
    1 22705  |   .1029457   .0412419     2.50   0.013     .0220549    .1838365
    1 22736  |   .1487364   .0356836     4.17   0.000     .0787475    .2187252
    1 22766  |   .1140668   .0310068     3.68   0.000     .0532509    .1748827
    1 22797  |   .1423987   .0282032     5.05   0.000     .0870818    .1977155
    1 22827  |   .1406565   .0294702     4.77   0.000     .0828546    .1984584
    1 22858  |   .1372251   .0226162     6.07   0.000     .0928663    .1815838
    1 22889  |   .1552833   .0163433     9.50   0.000     .1232281    .1873386
    1 22919  |   .1394328   .0181122     7.70   0.000     .1039081    .1749576
    1 23407  |   .0814179   .0412338     1.97   0.048     .0005431    .1622926
    1 23436  |   .1095646   .0297622     3.68   0.000     .0511898    .1679394
    1 23467  |   .0842374   .0272264     3.09   0.002     .0308363    .1376385
    1 23497  |   .1192896   .0210044     5.68   0.000     .0780922     .160487
    1 23528  |   .0923329   .0249735     3.70   0.000     .0433507    .1413152
    1 23558  |   .0611862   .0273134     2.24   0.025     .0076145    .1147579
    1 23589  |   .1185517   .0174735     6.78   0.000     .0842797    .1528238
    1 23620  |   .0733008   .0238151     3.08   0.002     .0265904    .1200111
    1 23650  |   .1255344   .0201823     6.22   0.000     .0859494    .1651193
             |
    1.female |  -.3147613   .0050145   -62.77   0.000    -.3245966   -.3049261
    edad_pob |   .0408666   .0006966    58.67   0.000     .0395004    .0422328
      edadsq |  -.0003651   7.71e-06   -47.38   0.000    -.0003802     -.00035
years_of_s~y |    .078552   .0008588    91.47   0.000     .0768676    .0802364
 hoursworked |   .0130062   .0001676    77.61   0.000     .0126775    .0133349
             |
    employed |
   Employed  |   .2535803   .0164219    15.44   0.000     .2213709    .2857898
       _cons |   6.509434   .0229378   283.79   0.000     6.464444    6.554423
------------------------------------------------------------------------------

Absorbed degrees of freedom:
-----------------------------------------------------+
 Absorbed FE | Categories  - Redundant  = Num. Coefs |
-------------+---------------------------------------|
   ubica_geo |      1688        1688           0    *|
        time |        45           1          44     |
-----------------------------------------------------+
* = FE nested within cluster; treated as redundant for DoF computation
(MWFE estimator converged in 8 iterations)
note: 1bn.zlfn is probably collinear with the fixed effects (all partialled-out
>  values are close to zero; tol = 1.0e-09)
note: 20485bn.time is probably collinear with the fixed effects (all partialled
> -out values are close to zero; tol = 1.0e-09)
note: 20514bn.time is probably collinear with the fixed effects (all partialled
> -out values are close to zero; tol = 1.0e-09)
note: 20545bn.time is probably collinear with the fixed effects (all partialled
> -out values are close to zero; tol = 1.0e-09)
note: 20575bn.time is probably collinear with the fixed effects (all partialled
> -out values are close to zero; tol = 1.0e-09)
note: 20606bn.time is probably collinear with the fixed effects (all partialled
> -out values are close to zero; tol = 1.0e-09)
note: 20636bn.time is probably collinear with the fixed effects (all partialled
> -out values are close to zero; tol = 1.0e-09)
note: 20667bn.time is probably collinear with the fixed effects (all partialled
> -out values are close to zero; tol = 1.0e-09)
note: 20698bn.time is probably collinear with the fixed effects (all partialled
> -out values are close to zero; tol = 1.0e-09)
note: 20728bn.time is probably collinear with the fixed effects (all partialled
> -out values are close to zero; tol = 1.0e-09)
note: 21216bn.time is probably collinear with the fixed effects (all partialled
> -out values are close to zero; tol = 1.0e-09)
note: 21244bn.time is probably collinear with the fixed effects (all partialled
> -out values are close to zero; tol = 1.0e-09)
note: 21275bn.time is probably collinear with the fixed effects (all partialled
> -out values are close to zero; tol = 1.0e-09)
note: 21305bn.time is probably collinear with the fixed effects (all partialled
> -out values are close to zero; tol = 1.0e-09)
note: 21336bn.time is probably collinear with the fixed effects (all partialled
> -out values are close to zero; tol = 1.0e-09)
note: 21366bn.time is probably collinear with the fixed effects (all partialled
> -out values are close to zero; tol = 1.0e-09)
note: 21428bn.time is probably collinear with the fixed effects (all partialled
> -out values are close to zero; tol = 1.0e-09)
note: 21458bn.time is probably collinear with the fixed effects (all partialled
> -out values are close to zero; tol = 1.0e-09)
note: 21946bn.time is probably collinear with the fixed effects (all partialled
> -out values are close to zero; tol = 1.0e-09)
note: 21975bn.time is probably collinear with the fixed effects (all partialled
> -out values are close to zero; tol = 1.0e-09)
note: 22006bn.time is probably collinear with the fixed effects (all partialled
> -out values are close to zero; tol = 1.0e-09)
note: 22036bn.time is probably collinear with the fixed effects (all partialled
> -out values are close to zero; tol = 1.0e-09)
note: 22067bn.time is probably collinear with the fixed effects (all partialled
> -out values are close to zero; tol = 1.0e-09)
note: 22097bn.time is probably collinear with the fixed effects (all partialled
> -out values are close to zero; tol = 1.0e-09)
note: 22128bn.time is probably collinear with the fixed effects (all partialled
> -out values are close to zero; tol = 1.0e-09)
note: 22159bn.time is probably collinear with the fixed effects (all partialled
> -out values are close to zero; tol = 1.0e-09)
note: 22189bn.time is probably collinear with the fixed effects (all partialled
> -out values are close to zero; tol = 1.0e-09)
note: 22677bn.time is probably collinear with the fixed effects (all partialled
> -out values are close to zero; tol = 1.0e-09)
note: 22705bn.time is probably collinear with the fixed effects (all partialled
> -out values are close to zero; tol = 1.0e-09)
note: 22736bn.time is probably collinear with the fixed effects (all partialled
> -out values are close to zero; tol = 1.0e-09)
note: 22766bn.time is probably collinear with the fixed effects (all partialled
> -out values are close to zero; tol = 1.0e-09)
note: 22797bn.time is probably collinear with the fixed effects (all partialled
> -out values are close to zero; tol = 1.0e-09)
note: 22827bn.time is probably collinear with the fixed effects (all partialled
> -out values are close to zero; tol = 1.0e-09)
note: 22858bn.time is probably collinear with the fixed effects (all partialled
> -out values are close to zero; tol = 1.0e-09)
note: 22889bn.time is probably collinear with the fixed effects (all partialled
> -out values are close to zero; tol = 1.0e-09)
note: 22919bn.time is probably collinear with the fixed effects (all partialled
> -out values are close to zero; tol = 1.0e-09)
note: 23407bn.time is probably collinear with the fixed effects (all partialled
> -out values are close to zero; tol = 1.0e-09)
note: 23436bn.time is probably collinear with the fixed effects (all partialled
> -out values are close to zero; tol = 1.0e-09)
note: 23467bn.time is probably collinear with the fixed effects (all partialled
> -out values are close to zero; tol = 1.0e-09)
note: 23497bn.time is probably collinear with the fixed effects (all partialled
> -out values are close to zero; tol = 1.0e-09)
note: 23528bn.time is probably collinear with the fixed effects (all partialled
> -out values are close to zero; tol = 1.0e-09)
note: 23558bn.time is probably collinear with the fixed effects (all partialled
> -out values are close to zero; tol = 1.0e-09)
note: 23589bn.time is probably collinear with the fixed effects (all partialled
> -out values are close to zero; tol = 1.0e-09)
note: 23620bn.time is probably collinear with the fixed effects (all partialled
> -out values are close to zero; tol = 1.0e-09)
note: 23650bn.time is probably collinear with the fixed effects (all partialled
> -out values are close to zero; tol = 1.0e-09)

HDFE Linear regression                            Number of obs   =    985,133
Absorbing 2 HDFE groups                           F(  50,   1732) =     351.52
Statistics robust to heteroskedasticity           Prob > F        =     0.0000
                                                  R-squared       =     0.3349
                                                  Adj R-squared   =     0.3337
                                                  Within R-sq.    =     0.1985
Number of clusters (ubica_geo) =      1,733       Root MSE        =     0.9562

                          (Std. err. adjusted for 1,733 clusters in ubica_geo)
------------------------------------------------------------------------------
             |               Robust
         lni | Coefficient  std. err.      t    P>|t|     [95% conf. interval]
-------------+----------------------------------------------------------------
      1.zlfn |          0  (omitted)
             |
        time |
      20485  |          0  (omitted)
      20514  |          0  (omitted)
      20545  |          0  (omitted)
      20575  |          0  (omitted)
      20606  |          0  (omitted)
      20636  |          0  (omitted)
      20667  |          0  (omitted)
      20698  |          0  (omitted)
      20728  |          0  (omitted)
      21216  |          0  (omitted)
      21244  |          0  (omitted)
      21275  |          0  (omitted)
      21305  |          0  (omitted)
      21336  |          0  (omitted)
      21366  |          0  (omitted)
      21428  |          0  (omitted)
      21458  |          0  (omitted)
      21946  |          0  (omitted)
      21975  |          0  (omitted)
      22006  |          0  (omitted)
      22036  |          0  (omitted)
      22067  |          0  (omitted)
      22097  |          0  (omitted)
      22128  |          0  (omitted)
      22159  |          0  (omitted)
      22189  |          0  (omitted)
      22677  |          0  (omitted)
      22705  |          0  (omitted)
      22736  |          0  (omitted)
      22766  |          0  (omitted)
      22797  |          0  (omitted)
      22827  |          0  (omitted)
      22858  |          0  (omitted)
      22889  |          0  (omitted)
      22919  |          0  (omitted)
      23407  |          0  (omitted)
      23436  |          0  (omitted)
      23467  |          0  (omitted)
      23497  |          0  (omitted)
      23528  |          0  (omitted)
      23558  |          0  (omitted)
      23589  |          0  (omitted)
      23620  |          0  (omitted)
      23650  |          0  (omitted)
             |
   zlfn#time |
    1 20485  |   .0497815   .0919479     0.54   0.588    -.1305591    .2301222
    1 20514  |   .0481844    .047137     1.02   0.307    -.0442671    .1406358
    1 20545  |   .0139359   .0423985     0.33   0.742    -.0692218    .0970936
    1 20575  |  -.0060769   .0470431    -0.13   0.897    -.0983442    .0861904
    1 20606  |  -.0359346   .0398281    -0.90   0.367     -.114051    .0421817
    1 20636  |   .0465536   .0478049     0.97   0.330    -.0472078     .140315
    1 20667  |  -.0471767   .0300112    -1.57   0.116    -.1060387    .0116853
    1 20698  |   .0152801   .0486855     0.31   0.754    -.0802084    .1107687
    1 20728  |   .0068975   .0602718     0.11   0.909    -.1113157    .1251107
    1 21216  |  -.1277711   .0876488    -1.46   0.145    -.2996797    .0441375
    1 21244  |   .0692483   .0299862     2.31   0.021     .0104353    .1280612
    1 21275  |  -.0459278   .0264956    -1.73   0.083    -.0978946     .006039
    1 21305  |  -.0349398   .0198187    -1.76   0.078    -.0738109    .0039313
    1 21336  |   .0184632   .0290456     0.64   0.525     -.038505    .0754315
    1 21366  |  -.0392755   .0236454    -1.66   0.097    -.0856519     .007101
    1 21428  |   .0242398   .0322014     0.75   0.452     -.038918    .0873976
    1 21458  |  -.0705389   .0584007    -1.21   0.227    -.1850822    .0440045
    1 21946  |   .1114953   .1036904     1.08   0.282    -.0918763    .3148669
    1 21975  |   .0588984   .0498224     1.18   0.237    -.0388199    .1566168
    1 22006  |   .0556099    .049937     1.11   0.266    -.0423332     .153553
    1 22036  |   .1233813   .0543662     2.27   0.023     .0167509    .2300117
    1 22067  |   .0671495     .03706     1.81   0.070    -.0055375    .1398364
    1 22097  |   .0861688   .0401929     2.14   0.032     .0073371    .1650005
    1 22128  |    .118321   .0403966     2.93   0.003     .0390898    .1975521
    1 22159  |   .0944716   .0430706     2.19   0.028     .0099958    .1789474
    1 22189  |   .1834585   .0489124     3.75   0.000      .087525     .279392
    1 22677  |   .1762385   .0625547     2.82   0.005     .0535478    .2989292
    1 22705  |   .0366609   .0586705     0.62   0.532    -.0784116    .1517335
    1 22736  |   .1677445   .0538641     3.11   0.002      .062099      .27339
    1 22766  |   .0489602   .0496517     0.99   0.324    -.0484235    .1463438
    1 22797  |   .0832826   .0483108     1.72   0.085    -.0114712    .1780363
    1 22827  |   .0815449   .0526484     1.55   0.122    -.0217161     .184806
    1 22858  |    .065838   .0419724     1.57   0.117    -.0164838    .1481599
    1 22889  |   .0539349   .0434629     1.24   0.215    -.0313104    .1391802
    1 22919  |   .0587368   .0474084     1.24   0.216    -.0342468    .1517204
    1 23407  |   .0265322   .0917102     0.29   0.772    -.1533422    .2064067
    1 23436  |   .0181262   .0489991     0.37   0.711    -.0779774    .1142299
    1 23467  |   .0262924   .0437414     0.60   0.548    -.0594991     .112084
    1 23497  |   .0651632   .0551737     1.18   0.238    -.0430509    .1733773
    1 23528  |   .0669406   .0347742     1.93   0.054    -.0012633    .1351445
    1 23558  |  -.0433001   .0404714    -1.07   0.285    -.1226781    .0360779
    1 23589  |   .0863038   .0401971     2.15   0.032     .0074638    .1651438
    1 23620  |   -.001163   .0512854    -0.02   0.982    -.1017509    .0994249
    1 23650  |   .1297222   .0739758     1.75   0.080    -.0153691    .2748135
             |
    1.female |  -.3461034   .0073583   -47.04   0.000    -.3605355   -.3316712
    edad_pob |   .0330893   .0009256    35.75   0.000     .0312739    .0349048
      edadsq |  -.0002903   .0000101   -28.72   0.000    -.0003101   -.0002705
years_of_s~y |   .0733679   .0013328    55.05   0.000     .0707539    .0759819
 hoursworked |   .0134843   .0002263    59.58   0.000     .0130405    .0139282
             |
    employed |
   Employed  |    .084882   .0214848     3.95   0.000     .0427431     .127021
       _cons |   6.620102    .030037   220.40   0.000     6.561189    6.679014
------------------------------------------------------------------------------

Absorbed degrees of freedom:
-----------------------------------------------------+
 Absorbed FE | Categories  - Redundant  = Num. Coefs |
-------------+---------------------------------------|
   ubica_geo |      1733        1733           0    *|
        time |        45           1          44     |
-----------------------------------------------------+
* = FE nested within cluster; treated as redundant for DoF computation
file ../../paper/figures/plot-event-income-indig-nonind-month.png written in PN
> G format
file ../../paper/figures/plot-event-income-indig-ind-month.png written in PNG f
> ormat

. 
. cap log close
